{"/home/aspl/snap/skype/common/riya/avyantra_backend_service/spec/unit/hospitalBranchController-spec.js":{"path":"/home/aspl/snap/skype/common/riya/avyantra_backend_service/spec/unit/hospitalBranchController-spec.js","statementMap":{"0":{"start":{"line":1,"column":23},"end":{"line":1,"column":49}},"1":{"start":{"line":2,"column":33},"end":{"line":2,"column":86}},"2":{"start":{"line":3,"column":22},"end":{"line":3,"column":48}},"3":{"start":{"line":8,"column":0},"end":{"line":422,"column":2}},"4":{"start":{"line":10,"column":4},"end":{"line":38,"column":7}},"5":{"start":{"line":11,"column":18},"end":{"line":11,"column":43}},"6":{"start":{"line":12,"column":18},"end":{"line":23,"column":9}},"7":{"start":{"line":25,"column":18},"end":{"line":27,"column":9}},"8":{"start":{"line":29,"column":21},"end":{"line":29,"column":44}},"9":{"start":{"line":31,"column":8},"end":{"line":31,"column":29}},"10":{"start":{"line":32,"column":8},"end":{"line":32,"column":68}},"11":{"start":{"line":33,"column":8},"end":{"line":36,"column":10}},"12":{"start":{"line":34,"column":12},"end":{"line":34,"column":37}},"13":{"start":{"line":35,"column":12},"end":{"line":35,"column":18}},"14":{"start":{"line":40,"column":4},"end":{"line":73,"column":7}},"15":{"start":{"line":41,"column":18},"end":{"line":41,"column":79}},"16":{"start":{"line":42,"column":18},"end":{"line":53,"column":9}},"17":{"start":{"line":55,"column":18},"end":{"line":57,"column":9}},"18":{"start":{"line":58,"column":21},"end":{"line":62,"column":10}},"19":{"start":{"line":60,"column":16},"end":{"line":60,"column":46}},"20":{"start":{"line":63,"column":8},"end":{"line":63,"column":29}},"21":{"start":{"line":64,"column":8},"end":{"line":64,"column":57}},"22":{"start":{"line":65,"column":8},"end":{"line":71,"column":10}},"23":{"start":{"line":67,"column":12},"end":{"line":70,"column":14}},"24":{"start":{"line":68,"column":16},"end":{"line":68,"column":39}},"25":{"start":{"line":69,"column":16},"end":{"line":69,"column":22}},"26":{"start":{"line":75,"column":4},"end":{"line":118,"column":7}},"27":{"start":{"line":76,"column":18},"end":{"line":76,"column":61}},"28":{"start":{"line":77,"column":18},"end":{"line":88,"column":9}},"29":{"start":{"line":90,"column":18},"end":{"line":92,"column":9}},"30":{"start":{"line":93,"column":21},"end":{"line":98,"column":11}},"31":{"start":{"line":100,"column":8},"end":{"line":100,"column":29}},"32":{"start":{"line":101,"column":8},"end":{"line":101,"column":69}},"33":{"start":{"line":102,"column":8},"end":{"line":105,"column":10}},"34":{"start":{"line":103,"column":12},"end":{"line":103,"column":45}},"35":{"start":{"line":104,"column":12},"end":{"line":104,"column":18}},"36":{"start":{"line":107,"column":22},"end":{"line":109,"column":10}},"37":{"start":{"line":111,"column":8},"end":{"line":111,"column":30}},"38":{"start":{"line":112,"column":8},"end":{"line":112,"column":69}},"39":{"start":{"line":113,"column":8},"end":{"line":116,"column":10}},"40":{"start":{"line":114,"column":12},"end":{"line":114,"column":42}},"41":{"start":{"line":115,"column":12},"end":{"line":115,"column":18}},"42":{"start":{"line":120,"column":4},"end":{"line":146,"column":7}},"43":{"start":{"line":121,"column":18},"end":{"line":121,"column":43}},"44":{"start":{"line":122,"column":18},"end":{"line":133,"column":9}},"45":{"start":{"line":135,"column":18},"end":{"line":137,"column":9}},"46":{"start":{"line":138,"column":21},"end":{"line":138,"column":44}},"47":{"start":{"line":139,"column":8},"end":{"line":139,"column":29}},"48":{"start":{"line":140,"column":8},"end":{"line":140,"column":66}},"49":{"start":{"line":141,"column":8},"end":{"line":144,"column":10}},"50":{"start":{"line":142,"column":12},"end":{"line":142,"column":37}},"51":{"start":{"line":143,"column":12},"end":{"line":143,"column":18}},"52":{"start":{"line":149,"column":4},"end":{"line":183,"column":7}},"53":{"start":{"line":150,"column":18},"end":{"line":150,"column":61}},"54":{"start":{"line":151,"column":18},"end":{"line":162,"column":9}},"55":{"start":{"line":164,"column":18},"end":{"line":166,"column":9}},"56":{"start":{"line":167,"column":21},"end":{"line":167,"column":46}},"57":{"start":{"line":168,"column":8},"end":{"line":168,"column":29}},"58":{"start":{"line":169,"column":8},"end":{"line":169,"column":54}},"59":{"start":{"line":170,"column":8},"end":{"line":173,"column":10}},"60":{"start":{"line":171,"column":12},"end":{"line":171,"column":40}},"61":{"start":{"line":172,"column":12},"end":{"line":172,"column":18}},"62":{"start":{"line":175,"column":22},"end":{"line":175,"column":41}},"63":{"start":{"line":176,"column":8},"end":{"line":176,"column":30}},"64":{"start":{"line":177,"column":8},"end":{"line":177,"column":54}},"65":{"start":{"line":178,"column":8},"end":{"line":181,"column":10}},"66":{"start":{"line":179,"column":12},"end":{"line":179,"column":39}},"67":{"start":{"line":180,"column":12},"end":{"line":180,"column":18}},"68":{"start":{"line":185,"column":4},"end":{"line":212,"column":7}},"69":{"start":{"line":186,"column":18},"end":{"line":186,"column":79}},"70":{"start":{"line":187,"column":18},"end":{"line":198,"column":9}},"71":{"start":{"line":200,"column":18},"end":{"line":202,"column":9}},"72":{"start":{"line":203,"column":21},"end":{"line":203,"column":44}},"73":{"start":{"line":204,"column":8},"end":{"line":204,"column":29}},"74":{"start":{"line":205,"column":8},"end":{"line":205,"column":73}},"75":{"start":{"line":206,"column":8},"end":{"line":209,"column":10}},"76":{"start":{"line":207,"column":12},"end":{"line":207,"column":37}},"77":{"start":{"line":208,"column":12},"end":{"line":208,"column":18}},"78":{"start":{"line":214,"column":4},"end":{"line":249,"column":7}},"79":{"start":{"line":215,"column":18},"end":{"line":215,"column":67}},"80":{"start":{"line":216,"column":18},"end":{"line":227,"column":9}},"81":{"start":{"line":229,"column":18},"end":{"line":231,"column":9}},"82":{"start":{"line":232,"column":21},"end":{"line":232,"column":46}},"83":{"start":{"line":233,"column":8},"end":{"line":233,"column":29}},"84":{"start":{"line":234,"column":8},"end":{"line":234,"column":60}},"85":{"start":{"line":235,"column":8},"end":{"line":238,"column":10}},"86":{"start":{"line":236,"column":12},"end":{"line":236,"column":40}},"87":{"start":{"line":237,"column":12},"end":{"line":237,"column":18}},"88":{"start":{"line":240,"column":22},"end":{"line":240,"column":41}},"89":{"start":{"line":241,"column":8},"end":{"line":241,"column":30}},"90":{"start":{"line":242,"column":8},"end":{"line":242,"column":60}},"91":{"start":{"line":243,"column":8},"end":{"line":246,"column":10}},"92":{"start":{"line":244,"column":12},"end":{"line":244,"column":39}},"93":{"start":{"line":245,"column":12},"end":{"line":245,"column":18}},"94":{"start":{"line":252,"column":4},"end":{"line":278,"column":7}},"95":{"start":{"line":253,"column":18},"end":{"line":253,"column":43}},"96":{"start":{"line":254,"column":18},"end":{"line":265,"column":9}},"97":{"start":{"line":267,"column":18},"end":{"line":269,"column":9}},"98":{"start":{"line":270,"column":21},"end":{"line":270,"column":44}},"99":{"start":{"line":271,"column":8},"end":{"line":271,"column":29}},"100":{"start":{"line":272,"column":8},"end":{"line":272,"column":75}},"101":{"start":{"line":273,"column":8},"end":{"line":276,"column":10}},"102":{"start":{"line":274,"column":12},"end":{"line":274,"column":37}},"103":{"start":{"line":275,"column":12},"end":{"line":275,"column":18}},"104":{"start":{"line":280,"column":4},"end":{"line":313,"column":7}},"105":{"start":{"line":281,"column":18},"end":{"line":281,"column":84}},"106":{"start":{"line":282,"column":18},"end":{"line":293,"column":9}},"107":{"start":{"line":295,"column":18},"end":{"line":297,"column":9}},"108":{"start":{"line":298,"column":21},"end":{"line":302,"column":10}},"109":{"start":{"line":300,"column":16},"end":{"line":300,"column":46}},"110":{"start":{"line":303,"column":8},"end":{"line":303,"column":29}},"111":{"start":{"line":304,"column":8},"end":{"line":304,"column":63}},"112":{"start":{"line":305,"column":8},"end":{"line":311,"column":10}},"113":{"start":{"line":307,"column":12},"end":{"line":310,"column":14}},"114":{"start":{"line":308,"column":16},"end":{"line":308,"column":39}},"115":{"start":{"line":309,"column":16},"end":{"line":309,"column":22}},"116":{"start":{"line":316,"column":4},"end":{"line":342,"column":7}},"117":{"start":{"line":317,"column":18},"end":{"line":317,"column":84}},"118":{"start":{"line":318,"column":18},"end":{"line":329,"column":9}},"119":{"start":{"line":331,"column":18},"end":{"line":333,"column":9}},"120":{"start":{"line":334,"column":21},"end":{"line":334,"column":44}},"121":{"start":{"line":335,"column":8},"end":{"line":335,"column":29}},"122":{"start":{"line":336,"column":8},"end":{"line":336,"column":80}},"123":{"start":{"line":337,"column":8},"end":{"line":340,"column":10}},"124":{"start":{"line":338,"column":12},"end":{"line":338,"column":37}},"125":{"start":{"line":339,"column":12},"end":{"line":339,"column":18}},"126":{"start":{"line":344,"column":4},"end":{"line":370,"column":7}},"127":{"start":{"line":345,"column":18},"end":{"line":345,"column":43}},"128":{"start":{"line":346,"column":18},"end":{"line":357,"column":9}},"129":{"start":{"line":359,"column":18},"end":{"line":361,"column":9}},"130":{"start":{"line":362,"column":21},"end":{"line":362,"column":44}},"131":{"start":{"line":363,"column":8},"end":{"line":363,"column":29}},"132":{"start":{"line":364,"column":8},"end":{"line":364,"column":70}},"133":{"start":{"line":365,"column":8},"end":{"line":368,"column":10}},"134":{"start":{"line":366,"column":12},"end":{"line":366,"column":37}},"135":{"start":{"line":367,"column":12},"end":{"line":367,"column":18}},"136":{"start":{"line":372,"column":4},"end":{"line":420,"column":7}},"137":{"start":{"line":373,"column":18},"end":{"line":373,"column":73}},"138":{"start":{"line":374,"column":19},"end":{"line":374,"column":63}},"139":{"start":{"line":375,"column":18},"end":{"line":386,"column":9}},"140":{"start":{"line":388,"column":18},"end":{"line":390,"column":9}},"141":{"start":{"line":391,"column":21},"end":{"line":395,"column":10}},"142":{"start":{"line":393,"column":16},"end":{"line":393,"column":46}},"143":{"start":{"line":397,"column":22},"end":{"line":402,"column":10}},"144":{"start":{"line":400,"column":16},"end":{"line":400,"column":46}},"145":{"start":{"line":404,"column":8},"end":{"line":404,"column":29}},"146":{"start":{"line":405,"column":8},"end":{"line":405,"column":31}},"147":{"start":{"line":407,"column":8},"end":{"line":407,"column":73}},"148":{"start":{"line":409,"column":8},"end":{"line":414,"column":10}},"149":{"start":{"line":410,"column":12},"end":{"line":412,"column":14}},"150":{"start":{"line":411,"column":16},"end":{"line":411,"column":39}},"151":{"start":{"line":413,"column":12},"end":{"line":413,"column":18}},"152":{"start":{"line":415,"column":8},"end":{"line":418,"column":10}},"153":{"start":{"line":416,"column":12},"end":{"line":416,"column":42}},"154":{"start":{"line":417,"column":12},"end":{"line":417,"column":18}}},"fnMap":{"0":{"name":"(anonymous_0)","decl":{"start":{"line":8,"column":37},"end":{"line":8,"column":38}},"loc":{"start":{"line":8,"column":43},"end":{"line":422,"column":1}},"line":8},"1":{"name":"(anonymous_1)","decl":{"start":{"line":10,"column":37},"end":{"line":10,"column":38}},"loc":{"start":{"line":10,"column":47},"end":{"line":38,"column":5}},"line":10},"2":{"name":"(anonymous_2)","decl":{"start":{"line":26,"column":18},"end":{"line":26,"column":19}},"loc":{"start":{"line":26,"column":24},"end":{"line":26,"column":27}},"line":26},"3":{"name":"(anonymous_3)","decl":{"start":{"line":33,"column":24},"end":{"line":33,"column":25}},"loc":{"start":{"line":33,"column":34},"end":{"line":36,"column":9}},"line":33},"4":{"name":"(anonymous_4)","decl":{"start":{"line":40,"column":26},"end":{"line":40,"column":27}},"loc":{"start":{"line":40,"column":36},"end":{"line":73,"column":5}},"line":40},"5":{"name":"(anonymous_5)","decl":{"start":{"line":56,"column":18},"end":{"line":56,"column":19}},"loc":{"start":{"line":56,"column":24},"end":{"line":56,"column":27}},"line":56},"6":{"name":"(anonymous_6)","decl":{"start":{"line":59,"column":21},"end":{"line":59,"column":22}},"loc":{"start":{"line":59,"column":27},"end":{"line":61,"column":13}},"line":59},"7":{"name":"(anonymous_7)","decl":{"start":{"line":65,"column":24},"end":{"line":65,"column":25}},"loc":{"start":{"line":65,"column":34},"end":{"line":71,"column":9}},"line":65},"8":{"name":"(anonymous_8)","decl":{"start":{"line":67,"column":32},"end":{"line":67,"column":33}},"loc":{"start":{"line":67,"column":40},"end":{"line":70,"column":13}},"line":67},"9":{"name":"(anonymous_9)","decl":{"start":{"line":75,"column":38},"end":{"line":75,"column":39}},"loc":{"start":{"line":75,"column":48},"end":{"line":118,"column":5}},"line":75},"10":{"name":"(anonymous_10)","decl":{"start":{"line":91,"column":18},"end":{"line":91,"column":19}},"loc":{"start":{"line":91,"column":24},"end":{"line":91,"column":27}},"line":91},"11":{"name":"(anonymous_11)","decl":{"start":{"line":102,"column":24},"end":{"line":102,"column":25}},"loc":{"start":{"line":102,"column":34},"end":{"line":105,"column":9}},"line":102},"12":{"name":"(anonymous_12)","decl":{"start":{"line":113,"column":24},"end":{"line":113,"column":25}},"loc":{"start":{"line":113,"column":34},"end":{"line":116,"column":9}},"line":113},"13":{"name":"(anonymous_13)","decl":{"start":{"line":120,"column":35},"end":{"line":120,"column":36}},"loc":{"start":{"line":120,"column":45},"end":{"line":146,"column":5}},"line":120},"14":{"name":"(anonymous_14)","decl":{"start":{"line":136,"column":18},"end":{"line":136,"column":19}},"loc":{"start":{"line":136,"column":24},"end":{"line":136,"column":27}},"line":136},"15":{"name":"(anonymous_15)","decl":{"start":{"line":141,"column":24},"end":{"line":141,"column":25}},"loc":{"start":{"line":141,"column":34},"end":{"line":144,"column":9}},"line":141},"16":{"name":"(anonymous_16)","decl":{"start":{"line":149,"column":23},"end":{"line":149,"column":24}},"loc":{"start":{"line":149,"column":33},"end":{"line":183,"column":5}},"line":149},"17":{"name":"(anonymous_17)","decl":{"start":{"line":165,"column":18},"end":{"line":165,"column":19}},"loc":{"start":{"line":165,"column":24},"end":{"line":165,"column":27}},"line":165},"18":{"name":"(anonymous_18)","decl":{"start":{"line":170,"column":24},"end":{"line":170,"column":25}},"loc":{"start":{"line":170,"column":34},"end":{"line":173,"column":9}},"line":170},"19":{"name":"(anonymous_19)","decl":{"start":{"line":178,"column":24},"end":{"line":178,"column":25}},"loc":{"start":{"line":178,"column":34},"end":{"line":181,"column":9}},"line":178},"20":{"name":"(anonymous_20)","decl":{"start":{"line":185,"column":42},"end":{"line":185,"column":43}},"loc":{"start":{"line":185,"column":52},"end":{"line":212,"column":5}},"line":185},"21":{"name":"(anonymous_21)","decl":{"start":{"line":201,"column":18},"end":{"line":201,"column":19}},"loc":{"start":{"line":201,"column":24},"end":{"line":201,"column":27}},"line":201},"22":{"name":"(anonymous_22)","decl":{"start":{"line":206,"column":24},"end":{"line":206,"column":25}},"loc":{"start":{"line":206,"column":34},"end":{"line":209,"column":9}},"line":206},"23":{"name":"(anonymous_23)","decl":{"start":{"line":214,"column":29},"end":{"line":214,"column":30}},"loc":{"start":{"line":214,"column":39},"end":{"line":249,"column":5}},"line":214},"24":{"name":"(anonymous_24)","decl":{"start":{"line":230,"column":18},"end":{"line":230,"column":19}},"loc":{"start":{"line":230,"column":24},"end":{"line":230,"column":27}},"line":230},"25":{"name":"(anonymous_25)","decl":{"start":{"line":235,"column":24},"end":{"line":235,"column":25}},"loc":{"start":{"line":235,"column":34},"end":{"line":238,"column":9}},"line":235},"26":{"name":"(anonymous_26)","decl":{"start":{"line":243,"column":24},"end":{"line":243,"column":25}},"loc":{"start":{"line":243,"column":34},"end":{"line":246,"column":9}},"line":243},"27":{"name":"(anonymous_27)","decl":{"start":{"line":252,"column":44},"end":{"line":252,"column":45}},"loc":{"start":{"line":252,"column":54},"end":{"line":278,"column":5}},"line":252},"28":{"name":"(anonymous_28)","decl":{"start":{"line":268,"column":18},"end":{"line":268,"column":19}},"loc":{"start":{"line":268,"column":24},"end":{"line":268,"column":27}},"line":268},"29":{"name":"(anonymous_29)","decl":{"start":{"line":273,"column":24},"end":{"line":273,"column":25}},"loc":{"start":{"line":273,"column":34},"end":{"line":276,"column":9}},"line":273},"30":{"name":"(anonymous_30)","decl":{"start":{"line":280,"column":32},"end":{"line":280,"column":33}},"loc":{"start":{"line":280,"column":42},"end":{"line":313,"column":5}},"line":280},"31":{"name":"(anonymous_31)","decl":{"start":{"line":296,"column":18},"end":{"line":296,"column":19}},"loc":{"start":{"line":296,"column":24},"end":{"line":296,"column":27}},"line":296},"32":{"name":"(anonymous_32)","decl":{"start":{"line":299,"column":21},"end":{"line":299,"column":22}},"loc":{"start":{"line":299,"column":27},"end":{"line":301,"column":13}},"line":299},"33":{"name":"(anonymous_33)","decl":{"start":{"line":305,"column":24},"end":{"line":305,"column":25}},"loc":{"start":{"line":305,"column":34},"end":{"line":311,"column":9}},"line":305},"34":{"name":"(anonymous_34)","decl":{"start":{"line":307,"column":32},"end":{"line":307,"column":33}},"loc":{"start":{"line":307,"column":40},"end":{"line":310,"column":13}},"line":307},"35":{"name":"(anonymous_35)","decl":{"start":{"line":316,"column":49},"end":{"line":316,"column":50}},"loc":{"start":{"line":316,"column":59},"end":{"line":342,"column":5}},"line":316},"36":{"name":"(anonymous_36)","decl":{"start":{"line":332,"column":18},"end":{"line":332,"column":19}},"loc":{"start":{"line":332,"column":24},"end":{"line":332,"column":27}},"line":332},"37":{"name":"(anonymous_37)","decl":{"start":{"line":337,"column":24},"end":{"line":337,"column":25}},"loc":{"start":{"line":337,"column":34},"end":{"line":340,"column":9}},"line":337},"38":{"name":"(anonymous_38)","decl":{"start":{"line":344,"column":39},"end":{"line":344,"column":40}},"loc":{"start":{"line":344,"column":49},"end":{"line":370,"column":5}},"line":344},"39":{"name":"(anonymous_39)","decl":{"start":{"line":360,"column":18},"end":{"line":360,"column":19}},"loc":{"start":{"line":360,"column":24},"end":{"line":360,"column":27}},"line":360},"40":{"name":"(anonymous_40)","decl":{"start":{"line":365,"column":24},"end":{"line":365,"column":25}},"loc":{"start":{"line":365,"column":34},"end":{"line":368,"column":9}},"line":365},"41":{"name":"(anonymous_41)","decl":{"start":{"line":372,"column":42},"end":{"line":372,"column":43}},"loc":{"start":{"line":372,"column":52},"end":{"line":420,"column":5}},"line":372},"42":{"name":"(anonymous_42)","decl":{"start":{"line":389,"column":18},"end":{"line":389,"column":19}},"loc":{"start":{"line":389,"column":24},"end":{"line":389,"column":27}},"line":389},"43":{"name":"(anonymous_43)","decl":{"start":{"line":392,"column":18},"end":{"line":392,"column":19}},"loc":{"start":{"line":392,"column":24},"end":{"line":394,"column":13}},"line":392},"44":{"name":"(anonymous_44)","decl":{"start":{"line":399,"column":18},"end":{"line":399,"column":19}},"loc":{"start":{"line":399,"column":24},"end":{"line":401,"column":13}},"line":399},"45":{"name":"(anonymous_45)","decl":{"start":{"line":409,"column":24},"end":{"line":409,"column":25}},"loc":{"start":{"line":409,"column":34},"end":{"line":414,"column":9}},"line":409},"46":{"name":"(anonymous_46)","decl":{"start":{"line":410,"column":29},"end":{"line":410,"column":30}},"loc":{"start":{"line":410,"column":37},"end":{"line":412,"column":13}},"line":410},"47":{"name":"(anonymous_47)","decl":{"start":{"line":415,"column":25},"end":{"line":415,"column":26}},"loc":{"start":{"line":415,"column":33},"end":{"line":418,"column":9}},"line":415}},"branchMap":{},"s":{"0":1,"1":1,"2":1,"3":1,"4":1,"5":1,"6":1,"7":1,"8":1,"9":1,"10":1,"11":1,"12":1,"13":1,"14":1,"15":1,"16":1,"17":1,"18":1,"19":2,"20":1,"21":1,"22":1,"23":1,"24":1,"25":1,"26":1,"27":1,"28":1,"29":1,"30":1,"31":1,"32":1,"33":1,"34":1,"35":1,"36":1,"37":1,"38":1,"39":1,"40":1,"41":1,"42":1,"43":1,"44":1,"45":1,"46":1,"47":1,"48":1,"49":1,"50":1,"51":1,"52":1,"53":1,"54":1,"55":1,"56":1,"57":1,"58":1,"59":1,"60":1,"61":1,"62":1,"63":1,"64":1,"65":1,"66":1,"67":1,"68":1,"69":1,"70":1,"71":1,"72":1,"73":1,"74":1,"75":1,"76":1,"77":1,"78":1,"79":1,"80":1,"81":1,"82":1,"83":1,"84":1,"85":1,"86":1,"87":1,"88":1,"89":1,"90":1,"91":1,"92":1,"93":1,"94":1,"95":1,"96":1,"97":1,"98":1,"99":1,"100":1,"101":1,"102":1,"103":1,"104":1,"105":1,"106":1,"107":1,"108":1,"109":2,"110":1,"111":1,"112":1,"113":1,"114":1,"115":1,"116":1,"117":1,"118":1,"119":1,"120":1,"121":1,"122":1,"123":1,"124":1,"125":1,"126":1,"127":1,"128":1,"129":1,"130":1,"131":1,"132":1,"133":1,"134":1,"135":1,"136":1,"137":1,"138":1,"139":1,"140":1,"141":1,"142":2,"143":1,"144":1,"145":1,"146":1,"147":1,"148":1,"149":1,"150":1,"151":1,"152":1,"153":1,"154":1},"f":{"0":1,"1":1,"2":1,"3":1,"4":1,"5":1,"6":2,"7":1,"8":1,"9":1,"10":3,"11":1,"12":1,"13":1,"14":1,"15":1,"16":1,"17":0,"18":1,"19":1,"20":1,"21":0,"22":1,"23":1,"24":0,"25":1,"26":1,"27":1,"28":1,"29":1,"30":1,"31":1,"32":2,"33":1,"34":1,"35":1,"36":0,"37":1,"38":1,"39":1,"40":1,"41":1,"42":1,"43":2,"44":1,"45":1,"46":1,"47":1},"b":{},"_coverageSchema":"43e27e138ebf9cfc5966b082cf9a028302ed4184","hash":"17c807807046c1eb975c62010314a4d186f18e5d","contentHash":"368bacffaf7dc4876e49b737ac136ada376035e87aca9f55c4543f68e262957d"},"/home/aspl/snap/skype/common/riya/avyantra_backend_service/sequelize.js":{"path":"/home/aspl/snap/skype/common/riya/avyantra_backend_service/sequelize.js","statementMap":{"0":{"start":{"line":2,"column":18},"end":{"line":2,"column":38}},"1":{"start":{"line":4,"column":16},"end":{"line":4,"column":43}},"2":{"start":{"line":5,"column":22},"end":{"line":5,"column":55}},"3":{"start":{"line":6,"column":14},"end":{"line":6,"column":39}},"4":{"start":{"line":7,"column":16},"end":{"line":7,"column":43}},"5":{"start":{"line":8,"column":17},"end":{"line":8,"column":45}},"6":{"start":{"line":9,"column":20},"end":{"line":9,"column":51}},"7":{"start":{"line":10,"column":18},"end":{"line":10,"column":47}},"8":{"start":{"line":11,"column":16},"end":{"line":11,"column":43}},"9":{"start":{"line":12,"column":17},"end":{"line":12,"column":45}},"10":{"start":{"line":13,"column":19},"end":{"line":13,"column":49}},"11":{"start":{"line":14,"column":24},"end":{"line":14,"column":59}},"12":{"start":{"line":15,"column":27},"end":{"line":15,"column":65}},"13":{"start":{"line":16,"column":17},"end":{"line":16,"column":45}},"14":{"start":{"line":17,"column":16},"end":{"line":17,"column":43}},"15":{"start":{"line":18,"column":23},"end":{"line":18,"column":53}},"16":{"start":{"line":19,"column":19},"end":{"line":19,"column":43}},"17":{"start":{"line":20,"column":24},"end":{"line":20,"column":57}},"18":{"start":{"line":21,"column":30},"end":{"line":21,"column":65}},"19":{"start":{"line":22,"column":19},"end":{"line":22,"column":44}},"20":{"start":{"line":23,"column":24},"end":{"line":23,"column":53}},"21":{"start":{"line":24,"column":25},"end":{"line":24,"column":55}},"22":{"start":{"line":25,"column":20},"end":{"line":25,"column":45}},"23":{"start":{"line":26,"column":29},"end":{"line":26,"column":63}},"24":{"start":{"line":27,"column":41},"end":{"line":27,"column":87}},"25":{"start":{"line":28,"column":36},"end":{"line":28,"column":77}},"26":{"start":{"line":29,"column":37},"end":{"line":29,"column":83}},"27":{"start":{"line":30,"column":31},"end":{"line":30,"column":70}},"28":{"start":{"line":31,"column":25},"end":{"line":31,"column":55}},"29":{"start":{"line":32,"column":22},"end":{"line":32,"column":55}},"30":{"start":{"line":33,"column":30},"end":{"line":33,"column":65}},"31":{"start":{"line":34,"column":33},"end":{"line":34,"column":71}},"32":{"start":{"line":35,"column":22},"end":{"line":35,"column":49}},"33":{"start":{"line":36,"column":38},"end":{"line":36,"column":81}},"34":{"start":{"line":37,"column":31},"end":{"line":37,"column":67}},"35":{"start":{"line":38,"column":28},"end":{"line":38,"column":62}},"36":{"start":{"line":46,"column":18},"end":{"line":51,"column":4}},"37":{"start":{"line":53,"column":19},"end":{"line":53,"column":48}},"38":{"start":{"line":55,"column":25},"end":{"line":55,"column":60}},"39":{"start":{"line":56,"column":17},"end":{"line":56,"column":44}},"40":{"start":{"line":57,"column":19},"end":{"line":57,"column":48}},"41":{"start":{"line":58,"column":20},"end":{"line":58,"column":50}},"42":{"start":{"line":59,"column":23},"end":{"line":59,"column":56}},"43":{"start":{"line":60,"column":21},"end":{"line":60,"column":52}},"44":{"start":{"line":61,"column":19},"end":{"line":61,"column":48}},"45":{"start":{"line":62,"column":20},"end":{"line":62,"column":50}},"46":{"start":{"line":63,"column":20},"end":{"line":63,"column":50}},"47":{"start":{"line":64,"column":22},"end":{"line":64,"column":54}},"48":{"start":{"line":65,"column":27},"end":{"line":65,"column":64}},"49":{"start":{"line":66,"column":30},"end":{"line":66,"column":70}},"50":{"start":{"line":67,"column":20},"end":{"line":67,"column":55}},"51":{"start":{"line":68,"column":16},"end":{"line":68,"column":47}},"52":{"start":{"line":69,"column":21},"end":{"line":69,"column":57}},"53":{"start":{"line":70,"column":16},"end":{"line":70,"column":47}},"54":{"start":{"line":71,"column":34},"end":{"line":71,"column":83}},"55":{"start":{"line":72,"column":27},"end":{"line":72,"column":69}},"56":{"start":{"line":73,"column":21},"end":{"line":73,"column":57}},"57":{"start":{"line":74,"column":21},"end":{"line":74,"column":58}},"58":{"start":{"line":75,"column":25},"end":{"line":75,"column":66}},"59":{"start":{"line":76,"column":37},"end":{"line":76,"column":90}},"60":{"start":{"line":77,"column":32},"end":{"line":77,"column":80}},"61":{"start":{"line":78,"column":17},"end":{"line":78,"column":49}},"62":{"start":{"line":79,"column":28},"end":{"line":79,"column":71}},"63":{"start":{"line":80,"column":22},"end":{"line":80,"column":59}},"64":{"start":{"line":81,"column":25},"end":{"line":81,"column":59}},"65":{"start":{"line":82,"column":27},"end":{"line":82,"column":69}},"66":{"start":{"line":83,"column":30},"end":{"line":83,"column":75}},"67":{"start":{"line":84,"column":19},"end":{"line":84,"column":53}},"68":{"start":{"line":85,"column":35},"end":{"line":85,"column":85}},"69":{"start":{"line":86,"column":27},"end":{"line":86,"column":70}},"70":{"start":{"line":87,"column":25},"end":{"line":87,"column":66}},"71":{"start":{"line":88,"column":0},"end":{"line":90,"column":3}},"72":{"start":{"line":92,"column":0},"end":{"line":128,"column":2}}},"fnMap":{"0":{"name":"(anonymous_0)","decl":{"start":{"line":88,"column":22},"end":{"line":88,"column":23}},"loc":{"start":{"line":88,"column":28},"end":{"line":88,"column":30}},"line":88},"1":{"name":"(anonymous_1)","decl":{"start":{"line":88,"column":40},"end":{"line":88,"column":41}},"loc":{"start":{"line":88,"column":46},"end":{"line":90,"column":1}},"line":88}},"branchMap":{},"s":{"0":1,"1":1,"2":1,"3":1,"4":1,"5":1,"6":1,"7":1,"8":1,"9":1,"10":1,"11":1,"12":1,"13":1,"14":1,"15":1,"16":1,"17":1,"18":1,"19":1,"20":1,"21":1,"22":1,"23":1,"24":1,"25":1,"26":1,"27":1,"28":1,"29":1,"30":1,"31":1,"32":1,"33":1,"34":1,"35":1,"36":1,"37":1,"38":1,"39":1,"40":1,"41":1,"42":1,"43":1,"44":1,"45":1,"46":1,"47":1,"48":1,"49":1,"50":1,"51":1,"52":1,"53":1,"54":1,"55":1,"56":1,"57":1,"58":1,"59":1,"60":1,"61":1,"62":1,"63":1,"64":1,"65":1,"66":1,"67":1,"68":1,"69":1,"70":1,"71":1,"72":1},"f":{"0":0,"1":0},"b":{},"_coverageSchema":"43e27e138ebf9cfc5966b082cf9a028302ed4184","hash":"14a3a6dd71c00a07c9d64a9c870514b376315c08","contentHash":"5aa2132f12c362f723bd13b0fad7fa15d5b6247d0dd2cc196c2b803acad13503"},"/home/aspl/snap/skype/common/riya/avyantra_backend_service/models/patient.js":{"path":"/home/aspl/snap/skype/common/riya/avyantra_backend_service/models/patient.js","statementMap":{"0":{"start":{"line":1,"column":20},"end":{"line":1,"column":46}},"1":{"start":{"line":2,"column":0},"end":{"line":15,"column":2}},"2":{"start":{"line":3,"column":2},"end":{"line":14,"column":5}}},"fnMap":{"0":{"name":"(anonymous_0)","decl":{"start":{"line":2,"column":17},"end":{"line":2,"column":18}},"loc":{"start":{"line":2,"column":38},"end":{"line":15,"column":1}},"line":2}},"branchMap":{},"s":{"0":1,"1":1,"2":1},"f":{"0":1},"b":{},"_coverageSchema":"43e27e138ebf9cfc5966b082cf9a028302ed4184","hash":"c4f6fd5dd53d56300d57b37e63f4c401b044f0e6","contentHash":"26188120a37d0c9e54fa6d8394f5f4ea2665e311dc512321a9792396a6860e94"},"/home/aspl/snap/skype/common/riya/avyantra_backend_service/config/table.js":{"path":"/home/aspl/snap/skype/common/riya/avyantra_backend_service/config/table.js","statementMap":{"0":{"start":{"line":1,"column":0},"end":{"line":37,"column":4}}},"fnMap":{},"branchMap":{},"s":{"0":1},"f":{},"b":{},"_coverageSchema":"43e27e138ebf9cfc5966b082cf9a028302ed4184","hash":"6f38f5a08e67f8b809a4ba867b1df30c43e81674","contentHash":"c69d583b0585ae4cf395ea4dc990c65243623b8b979b36e9275c19c2cee62cf4"},"/home/aspl/snap/skype/common/riya/avyantra_backend_service/models/patient_level.js":{"path":"/home/aspl/snap/skype/common/riya/avyantra_backend_service/models/patient_level.js","statementMap":{"0":{"start":{"line":1,"column":20},"end":{"line":1,"column":46}},"1":{"start":{"line":3,"column":0},"end":{"line":16,"column":2}},"2":{"start":{"line":4,"column":2},"end":{"line":15,"column":5}}},"fnMap":{"0":{"name":"(anonymous_0)","decl":{"start":{"line":3,"column":17},"end":{"line":3,"column":18}},"loc":{"start":{"line":3,"column":38},"end":{"line":16,"column":1}},"line":3}},"branchMap":{},"s":{"0":1,"1":1,"2":1},"f":{"0":1},"b":{},"_coverageSchema":"43e27e138ebf9cfc5966b082cf9a028302ed4184","hash":"61b467fee850ea1c8b16b82844d03670683c2649","contentHash":"faa2aa37c022ab373e3945133033514191e0d0edb482146afe7b5b598a07e906"},"/home/aspl/snap/skype/common/riya/avyantra_backend_service/models/basic.js":{"path":"/home/aspl/snap/skype/common/riya/avyantra_backend_service/models/basic.js","statementMap":{"0":{"start":{"line":2,"column":20},"end":{"line":2,"column":46}},"1":{"start":{"line":4,"column":0},"end":{"line":27,"column":2}},"2":{"start":{"line":5,"column":2},"end":{"line":26,"column":5}}},"fnMap":{"0":{"name":"(anonymous_0)","decl":{"start":{"line":4,"column":17},"end":{"line":4,"column":18}},"loc":{"start":{"line":4,"column":38},"end":{"line":27,"column":1}},"line":4}},"branchMap":{},"s":{"0":1,"1":1,"2":1},"f":{"0":1},"b":{},"_coverageSchema":"43e27e138ebf9cfc5966b082cf9a028302ed4184","hash":"e9d61dcfdf2646342b321b14381a24803d935d1d","contentHash":"0cd4ee3693991ff3e813035189339764c0c05f9b4f0e85be412fc099041df975"},"/home/aspl/snap/skype/common/riya/avyantra_backend_service/models/general.js":{"path":"/home/aspl/snap/skype/common/riya/avyantra_backend_service/models/general.js","statementMap":{"0":{"start":{"line":2,"column":20},"end":{"line":2,"column":46}},"1":{"start":{"line":4,"column":0},"end":{"line":57,"column":2}},"2":{"start":{"line":5,"column":2},"end":{"line":56,"column":5}}},"fnMap":{"0":{"name":"(anonymous_0)","decl":{"start":{"line":4,"column":17},"end":{"line":4,"column":18}},"loc":{"start":{"line":4,"column":38},"end":{"line":57,"column":1}},"line":4}},"branchMap":{},"s":{"0":1,"1":1,"2":1},"f":{"0":1},"b":{},"_coverageSchema":"43e27e138ebf9cfc5966b082cf9a028302ed4184","hash":"f8f0b0d26b8bca38699e101304f70d3dcf64c930","contentHash":"f9e377a0db43fb9668acee2bdedcbad9bc9221ee9971c0613be22752c1f4664c"},"/home/aspl/snap/skype/common/riya/avyantra_backend_service/models/maternal.js":{"path":"/home/aspl/snap/skype/common/riya/avyantra_backend_service/models/maternal.js","statementMap":{"0":{"start":{"line":2,"column":20},"end":{"line":2,"column":46}},"1":{"start":{"line":4,"column":0},"end":{"line":51,"column":2}},"2":{"start":{"line":5,"column":2},"end":{"line":50,"column":4}}},"fnMap":{"0":{"name":"(anonymous_0)","decl":{"start":{"line":4,"column":17},"end":{"line":4,"column":18}},"loc":{"start":{"line":4,"column":38},"end":{"line":51,"column":1}},"line":4}},"branchMap":{},"s":{"0":1,"1":1,"2":1},"f":{"0":1},"b":{},"_coverageSchema":"43e27e138ebf9cfc5966b082cf9a028302ed4184","hash":"a143a9b13f7bf124e1134e008eda3afbe6a2cdaf","contentHash":"430857ac7caa79f515cfe3bacac87f1e859183a2b1c26cf4db2403d1a5eda6e4"},"/home/aspl/snap/skype/common/riya/avyantra_backend_service/models/baby_appear.js":{"path":"/home/aspl/snap/skype/common/riya/avyantra_backend_service/models/baby_appear.js","statementMap":{"0":{"start":{"line":2,"column":20},"end":{"line":2,"column":46}},"1":{"start":{"line":4,"column":0},"end":{"line":35,"column":2}},"2":{"start":{"line":5,"column":2},"end":{"line":34,"column":5}}},"fnMap":{"0":{"name":"(anonymous_0)","decl":{"start":{"line":4,"column":17},"end":{"line":4,"column":18}},"loc":{"start":{"line":4,"column":38},"end":{"line":35,"column":1}},"line":4}},"branchMap":{},"s":{"0":1,"1":1,"2":1},"f":{"0":1},"b":{},"_coverageSchema":"43e27e138ebf9cfc5966b082cf9a028302ed4184","hash":"9225394a9c0fc13b113a96990f617b7b0846e64d","contentHash":"cdd926a1066eb26c1ce073ec93b4ebb9407b872d66047cea6a708d3bec97cf5a"},"/home/aspl/snap/skype/common/riya/avyantra_backend_service/models/baby_resp.js":{"path":"/home/aspl/snap/skype/common/riya/avyantra_backend_service/models/baby_resp.js","statementMap":{"0":{"start":{"line":2,"column":20},"end":{"line":2,"column":46}},"1":{"start":{"line":4,"column":0},"end":{"line":31,"column":2}},"2":{"start":{"line":5,"column":2},"end":{"line":30,"column":5}}},"fnMap":{"0":{"name":"(anonymous_0)","decl":{"start":{"line":4,"column":17},"end":{"line":4,"column":18}},"loc":{"start":{"line":4,"column":38},"end":{"line":31,"column":1}},"line":4}},"branchMap":{},"s":{"0":1,"1":1,"2":1},"f":{"0":1},"b":{},"_coverageSchema":"43e27e138ebf9cfc5966b082cf9a028302ed4184","hash":"88e1d8b90862c4f74d32f4ebbaa6a881f2d14b2d","contentHash":"fc1161902e48e4985fbf6266bd03ec343592bfd5a46c33ebbd2589a34bfa281f"},"/home/aspl/snap/skype/common/riya/avyantra_backend_service/models/baby_cv.js":{"path":"/home/aspl/snap/skype/common/riya/avyantra_backend_service/models/baby_cv.js","statementMap":{"0":{"start":{"line":1,"column":20},"end":{"line":1,"column":46}},"1":{"start":{"line":2,"column":0},"end":{"line":27,"column":2}},"2":{"start":{"line":3,"column":1},"end":{"line":26,"column":4}}},"fnMap":{"0":{"name":"(anonymous_0)","decl":{"start":{"line":2,"column":17},"end":{"line":2,"column":18}},"loc":{"start":{"line":2,"column":38},"end":{"line":27,"column":1}},"line":2}},"branchMap":{},"s":{"0":1,"1":1,"2":1},"f":{"0":1},"b":{},"_coverageSchema":"43e27e138ebf9cfc5966b082cf9a028302ed4184","hash":"d9b3574b8274c256cd11c363ad53bd8ed3f3ac81","contentHash":"12bcb86d64fa6f3bd659410a2f5632d93586700e072381f0a9a818261e94b230"},"/home/aspl/snap/skype/common/riya/avyantra_backend_service/models/baby_cns.js":{"path":"/home/aspl/snap/skype/common/riya/avyantra_backend_service/models/baby_cns.js","statementMap":{"0":{"start":{"line":1,"column":20},"end":{"line":1,"column":46}},"1":{"start":{"line":2,"column":0},"end":{"line":17,"column":2}},"2":{"start":{"line":3,"column":2},"end":{"line":16,"column":5}}},"fnMap":{"0":{"name":"(anonymous_0)","decl":{"start":{"line":2,"column":17},"end":{"line":2,"column":18}},"loc":{"start":{"line":2,"column":38},"end":{"line":17,"column":1}},"line":2}},"branchMap":{},"s":{"0":1,"1":1,"2":1},"f":{"0":1},"b":{},"_coverageSchema":"43e27e138ebf9cfc5966b082cf9a028302ed4184","hash":"f2a2e0684628fdcd65c7a2ac8039eda4fe405999","contentHash":"be39c358c1bb0c3054abee8c3a6cbc22294b129876ec8ae6e3a46baf52127659"},"/home/aspl/snap/skype/common/riya/avyantra_backend_service/models/baby_final.js":{"path":"/home/aspl/snap/skype/common/riya/avyantra_backend_service/models/baby_final.js","statementMap":{"0":{"start":{"line":1,"column":20},"end":{"line":1,"column":46}},"1":{"start":{"line":2,"column":0},"end":{"line":34,"column":2}},"2":{"start":{"line":3,"column":2},"end":{"line":33,"column":5}}},"fnMap":{"0":{"name":"(anonymous_0)","decl":{"start":{"line":2,"column":17},"end":{"line":2,"column":18}},"loc":{"start":{"line":2,"column":38},"end":{"line":34,"column":1}},"line":2}},"branchMap":{},"s":{"0":1,"1":1,"2":1},"f":{"0":1},"b":{},"_coverageSchema":"43e27e138ebf9cfc5966b082cf9a028302ed4184","hash":"a834c324f956ba73ef4a57c6862703e5860aaf2a","contentHash":"a55961b4d3e0015769ca690f7d3cb8c3a9ce2d794f9c3ea75fefd3b1995c07b3"},"/home/aspl/snap/skype/common/riya/avyantra_backend_service/models/baby_antibiotic.js":{"path":"/home/aspl/snap/skype/common/riya/avyantra_backend_service/models/baby_antibiotic.js","statementMap":{"0":{"start":{"line":1,"column":20},"end":{"line":1,"column":46}},"1":{"start":{"line":2,"column":0},"end":{"line":23,"column":2}},"2":{"start":{"line":3,"column":2},"end":{"line":22,"column":5}}},"fnMap":{"0":{"name":"(anonymous_0)","decl":{"start":{"line":2,"column":17},"end":{"line":2,"column":18}},"loc":{"start":{"line":2,"column":38},"end":{"line":23,"column":1}},"line":2}},"branchMap":{},"s":{"0":1,"1":1,"2":1},"f":{"0":1},"b":{},"_coverageSchema":"43e27e138ebf9cfc5966b082cf9a028302ed4184","hash":"95f3407e530c836268cdb3969901fd822c3d7fcd","contentHash":"5beeb1f6e940a907cbdd2ea87d98bdfa1851a01569f302e2bfafdfa67182f20c"},"/home/aspl/snap/skype/common/riya/avyantra_backend_service/models/baby_investigation.js":{"path":"/home/aspl/snap/skype/common/riya/avyantra_backend_service/models/baby_investigation.js","statementMap":{"0":{"start":{"line":1,"column":20},"end":{"line":1,"column":46}},"1":{"start":{"line":2,"column":0},"end":{"line":54,"column":2}},"2":{"start":{"line":3,"column":2},"end":{"line":53,"column":5}}},"fnMap":{"0":{"name":"(anonymous_0)","decl":{"start":{"line":2,"column":17},"end":{"line":2,"column":18}},"loc":{"start":{"line":2,"column":38},"end":{"line":54,"column":1}},"line":2}},"branchMap":{},"s":{"0":1,"1":1,"2":1},"f":{"0":1},"b":{},"_coverageSchema":"43e27e138ebf9cfc5966b082cf9a028302ed4184","hash":"a417c92533ed3394f1c007d062926f0121b41f90","contentHash":"d939a97c28471f9ea6b53068bb7cc124530345adc5df5d7b06845632e8fa2716"},"/home/aspl/snap/skype/common/riya/avyantra_backend_service/models/baby_git.js":{"path":"/home/aspl/snap/skype/common/riya/avyantra_backend_service/models/baby_git.js","statementMap":{"0":{"start":{"line":1,"column":20},"end":{"line":1,"column":46}},"1":{"start":{"line":2,"column":0},"end":{"line":19,"column":2}},"2":{"start":{"line":3,"column":2},"end":{"line":18,"column":5}}},"fnMap":{"0":{"name":"(anonymous_0)","decl":{"start":{"line":2,"column":17},"end":{"line":2,"column":18}},"loc":{"start":{"line":2,"column":38},"end":{"line":19,"column":1}},"line":2}},"branchMap":{},"s":{"0":1,"1":1,"2":1},"f":{"0":1},"b":{},"_coverageSchema":"43e27e138ebf9cfc5966b082cf9a028302ed4184","hash":"5e79594d9cc389fa140016e8d0484ef72d34e6de","contentHash":"d7539f83a97a301ebad81cabfe40b8cdb6b4c7015663208c12ae90901fc0d95a"},"/home/aspl/snap/skype/common/riya/avyantra_backend_service/config/setting.js":{"path":"/home/aspl/snap/skype/common/riya/avyantra_backend_service/config/setting.js","statementMap":{"0":{"start":{"line":1,"column":0},"end":{"line":14,"column":2}}},"fnMap":{},"branchMap":{},"s":{"0":1},"f":{},"b":{},"_coverageSchema":"43e27e138ebf9cfc5966b082cf9a028302ed4184","hash":"20ad8126ca34754fbc787bba05b77592d1acb8c5","contentHash":"c1f57e0b02173eb49b2f52f6da53c1a3453e02f38bb1cb8e133d129630cc6779"},"/home/aspl/snap/skype/common/riya/avyantra_backend_service/models/m_hospital.js":{"path":"/home/aspl/snap/skype/common/riya/avyantra_backend_service/models/m_hospital.js","statementMap":{"0":{"start":{"line":1,"column":20},"end":{"line":1,"column":46}},"1":{"start":{"line":3,"column":0},"end":{"line":18,"column":1}},"2":{"start":{"line":4,"column":4},"end":{"line":17,"column":6}}},"fnMap":{"0":{"name":"(anonymous_0)","decl":{"start":{"line":3,"column":16},"end":{"line":3,"column":17}},"loc":{"start":{"line":3,"column":34},"end":{"line":18,"column":1}},"line":3}},"branchMap":{},"s":{"0":1,"1":1,"2":1},"f":{"0":1},"b":{},"_coverageSchema":"43e27e138ebf9cfc5966b082cf9a028302ed4184","hash":"303861ac86354d749e678bf597ebc1a974a46fff","contentHash":"fc0bc42debf3b70d146a1a72275bd20288fb93a3ade6a036530e05ca9678feea"},"/home/aspl/snap/skype/common/riya/avyantra_backend_service/models/user.js":{"path":"/home/aspl/snap/skype/common/riya/avyantra_backend_service/models/user.js","statementMap":{"0":{"start":{"line":1,"column":20},"end":{"line":1,"column":46}},"1":{"start":{"line":3,"column":0},"end":{"line":27,"column":1}},"2":{"start":{"line":4,"column":4},"end":{"line":26,"column":6}}},"fnMap":{"0":{"name":"(anonymous_0)","decl":{"start":{"line":3,"column":16},"end":{"line":3,"column":17}},"loc":{"start":{"line":3,"column":34},"end":{"line":27,"column":1}},"line":3}},"branchMap":{},"s":{"0":1,"1":1,"2":1},"f":{"0":1},"b":{},"_coverageSchema":"43e27e138ebf9cfc5966b082cf9a028302ed4184","hash":"1117fd40f88504a326c3f9df169d135726af96a9","contentHash":"9e28b43a75c18b586528fdb5c855423a019ada20be5383481958724003307f21"},"/home/aspl/snap/skype/common/riya/avyantra_backend_service/models/map_user_role.js":{"path":"/home/aspl/snap/skype/common/riya/avyantra_backend_service/models/map_user_role.js","statementMap":{"0":{"start":{"line":1,"column":20},"end":{"line":1,"column":46}},"1":{"start":{"line":3,"column":0},"end":{"line":18,"column":1}},"2":{"start":{"line":4,"column":4},"end":{"line":17,"column":6}}},"fnMap":{"0":{"name":"(anonymous_0)","decl":{"start":{"line":3,"column":16},"end":{"line":3,"column":17}},"loc":{"start":{"line":3,"column":34},"end":{"line":18,"column":1}},"line":3}},"branchMap":{},"s":{"0":1,"1":1,"2":1},"f":{"0":1},"b":{},"_coverageSchema":"43e27e138ebf9cfc5966b082cf9a028302ed4184","hash":"75b4d063c97737748d6b541614764f9f650a042d","contentHash":"6912c872997380bd35ed9965ad87ddc1ff067903bfb0035e6bca64005797b474"},"/home/aspl/snap/skype/common/riya/avyantra_backend_service/models/hospital_branch.js":{"path":"/home/aspl/snap/skype/common/riya/avyantra_backend_service/models/hospital_branch.js","statementMap":{"0":{"start":{"line":1,"column":20},"end":{"line":1,"column":46}},"1":{"start":{"line":3,"column":0},"end":{"line":20,"column":1}},"2":{"start":{"line":4,"column":4},"end":{"line":19,"column":6}}},"fnMap":{"0":{"name":"(anonymous_0)","decl":{"start":{"line":3,"column":16},"end":{"line":3,"column":17}},"loc":{"start":{"line":3,"column":34},"end":{"line":20,"column":1}},"line":3}},"branchMap":{},"s":{"0":1,"1":1,"2":1},"f":{"0":1},"b":{},"_coverageSchema":"43e27e138ebf9cfc5966b082cf9a028302ed4184","hash":"2c2013b7d6ac5f427ace1aa91bbd208f26550e6d","contentHash":"f9fee0463a648789ea673cc9cf8a14e05e05cd049110f01ea609368c2de3fb10"},"/home/aspl/snap/skype/common/riya/avyantra_backend_service/models/roles.js":{"path":"/home/aspl/snap/skype/common/riya/avyantra_backend_service/models/roles.js","statementMap":{"0":{"start":{"line":1,"column":20},"end":{"line":1,"column":46}},"1":{"start":{"line":3,"column":0},"end":{"line":17,"column":1}},"2":{"start":{"line":4,"column":4},"end":{"line":16,"column":6}}},"fnMap":{"0":{"name":"(anonymous_0)","decl":{"start":{"line":3,"column":16},"end":{"line":3,"column":17}},"loc":{"start":{"line":3,"column":34},"end":{"line":17,"column":1}},"line":3}},"branchMap":{},"s":{"0":1,"1":1,"2":1},"f":{"0":1},"b":{},"_coverageSchema":"43e27e138ebf9cfc5966b082cf9a028302ed4184","hash":"d892e90ea2825706471028703cce0aa01ae13a21","contentHash":"3303ad2f99f16b6125d2efb9d90d7ec3d541f7ecb68486ad15beef40cb93dac5"},"/home/aspl/snap/skype/common/riya/avyantra_backend_service/models/user_type.js":{"path":"/home/aspl/snap/skype/common/riya/avyantra_backend_service/models/user_type.js","statementMap":{"0":{"start":{"line":1,"column":20},"end":{"line":1,"column":46}},"1":{"start":{"line":3,"column":0},"end":{"line":12,"column":1}},"2":{"start":{"line":4,"column":4},"end":{"line":11,"column":6}}},"fnMap":{"0":{"name":"(anonymous_0)","decl":{"start":{"line":3,"column":16},"end":{"line":3,"column":17}},"loc":{"start":{"line":3,"column":34},"end":{"line":12,"column":1}},"line":3}},"branchMap":{},"s":{"0":1,"1":1,"2":1},"f":{"0":1},"b":{},"_coverageSchema":"43e27e138ebf9cfc5966b082cf9a028302ed4184","hash":"0cd1aa8ecb4d1f57a0350c1a0e04252503221b7f","contentHash":"afd4ac60cf9ea031252b27606695eb5d6d96705121212b2dd77d4a5071945ed1"},"/home/aspl/snap/skype/common/riya/avyantra_backend_service/models/speciality.js":{"path":"/home/aspl/snap/skype/common/riya/avyantra_backend_service/models/speciality.js","statementMap":{"0":{"start":{"line":1,"column":20},"end":{"line":1,"column":46}},"1":{"start":{"line":3,"column":0},"end":{"line":17,"column":1}},"2":{"start":{"line":4,"column":4},"end":{"line":16,"column":6}}},"fnMap":{"0":{"name":"(anonymous_0)","decl":{"start":{"line":3,"column":16},"end":{"line":3,"column":17}},"loc":{"start":{"line":3,"column":34},"end":{"line":17,"column":1}},"line":3}},"branchMap":{},"s":{"0":1,"1":1,"2":1},"f":{"0":1},"b":{},"_coverageSchema":"43e27e138ebf9cfc5966b082cf9a028302ed4184","hash":"2a4d3a6718fd865678de0d27cac3f1df90a9c8ea","contentHash":"d23271172ed753f8bad96dab045dc5cb878d53112eb9aa50ab20441c1d5fd623"},"/home/aspl/snap/skype/common/riya/avyantra_backend_service/models/staff.js":{"path":"/home/aspl/snap/skype/common/riya/avyantra_backend_service/models/staff.js","statementMap":{"0":{"start":{"line":1,"column":20},"end":{"line":1,"column":46}},"1":{"start":{"line":3,"column":0},"end":{"line":22,"column":1}},"2":{"start":{"line":4,"column":4},"end":{"line":21,"column":6}}},"fnMap":{"0":{"name":"(anonymous_0)","decl":{"start":{"line":3,"column":16},"end":{"line":3,"column":17}},"loc":{"start":{"line":3,"column":34},"end":{"line":22,"column":1}},"line":3}},"branchMap":{},"s":{"0":1,"1":1,"2":1},"f":{"0":1},"b":{},"_coverageSchema":"43e27e138ebf9cfc5966b082cf9a028302ed4184","hash":"da32c0d7ebc4ef584bb982ab81884b412a962c46","contentHash":"a7a75c0fa9df8a88dc92ab4906a3ab82b08068fa9986f19ffc2cdc999d7aa294"},"/home/aspl/snap/skype/common/riya/avyantra_backend_service/models/hospital_staff.js":{"path":"/home/aspl/snap/skype/common/riya/avyantra_backend_service/models/hospital_staff.js","statementMap":{"0":{"start":{"line":1,"column":20},"end":{"line":1,"column":46}},"1":{"start":{"line":3,"column":0},"end":{"line":20,"column":1}},"2":{"start":{"line":4,"column":4},"end":{"line":19,"column":6}}},"fnMap":{"0":{"name":"(anonymous_0)","decl":{"start":{"line":3,"column":16},"end":{"line":3,"column":17}},"loc":{"start":{"line":3,"column":34},"end":{"line":20,"column":1}},"line":3}},"branchMap":{},"s":{"0":1,"1":1,"2":1},"f":{"0":1},"b":{},"_coverageSchema":"43e27e138ebf9cfc5966b082cf9a028302ed4184","hash":"4b64b9792cbc0c45e94cd8340f5232e9cf57bbe7","contentHash":"3c3f9d2d257e49140dddb88ce649b9b17d5aab7239399258d981410d3f7537c2"},"/home/aspl/snap/skype/common/riya/avyantra_backend_service/models/hospital_branch_speciality.js":{"path":"/home/aspl/snap/skype/common/riya/avyantra_backend_service/models/hospital_branch_speciality.js","statementMap":{"0":{"start":{"line":1,"column":20},"end":{"line":1,"column":46}},"1":{"start":{"line":3,"column":0},"end":{"line":17,"column":1}},"2":{"start":{"line":4,"column":4},"end":{"line":16,"column":6}}},"fnMap":{"0":{"name":"(anonymous_0)","decl":{"start":{"line":3,"column":16},"end":{"line":3,"column":17}},"loc":{"start":{"line":3,"column":34},"end":{"line":17,"column":1}},"line":3}},"branchMap":{},"s":{"0":1,"1":1,"2":1},"f":{"0":1},"b":{},"_coverageSchema":"43e27e138ebf9cfc5966b082cf9a028302ed4184","hash":"0fface2d668ad086174babf6293de5ad1662cd81","contentHash":"1ec9766e8d432ee4dfa3164042690047603ed06d2f6c7b2f22b071c7d6dbbc57"},"/home/aspl/snap/skype/common/riya/avyantra_backend_service/models/hospital_branch_roles.js":{"path":"/home/aspl/snap/skype/common/riya/avyantra_backend_service/models/hospital_branch_roles.js","statementMap":{"0":{"start":{"line":1,"column":20},"end":{"line":1,"column":46}},"1":{"start":{"line":3,"column":0},"end":{"line":17,"column":1}},"2":{"start":{"line":4,"column":4},"end":{"line":16,"column":6}}},"fnMap":{"0":{"name":"(anonymous_0)","decl":{"start":{"line":3,"column":16},"end":{"line":3,"column":17}},"loc":{"start":{"line":3,"column":34},"end":{"line":17,"column":1}},"line":3}},"branchMap":{},"s":{"0":1,"1":1,"2":1},"f":{"0":1},"b":{},"_coverageSchema":"43e27e138ebf9cfc5966b082cf9a028302ed4184","hash":"afa13e8a64ed140162c8055240f4374095b36005","contentHash":"2708056509ba551312d3e0c7a8870906f9056739c193f419d5cad954170df1f4"},"/home/aspl/snap/skype/common/riya/avyantra_backend_service/models/map_user_module_permission.js":{"path":"/home/aspl/snap/skype/common/riya/avyantra_backend_service/models/map_user_module_permission.js","statementMap":{"0":{"start":{"line":1,"column":20},"end":{"line":1,"column":46}},"1":{"start":{"line":3,"column":0},"end":{"line":19,"column":1}},"2":{"start":{"line":4,"column":4},"end":{"line":18,"column":6}}},"fnMap":{"0":{"name":"(anonymous_0)","decl":{"start":{"line":3,"column":16},"end":{"line":3,"column":17}},"loc":{"start":{"line":3,"column":34},"end":{"line":19,"column":1}},"line":3}},"branchMap":{},"s":{"0":1,"1":1,"2":1},"f":{"0":1},"b":{},"_coverageSchema":"43e27e138ebf9cfc5966b082cf9a028302ed4184","hash":"cacbf98270d55acc004d18c5417ecced19c287bd","contentHash":"208e94be2337996ec060193ac638bffaedf687c5214cd126791aa4f7e10850a2"},"/home/aspl/snap/skype/common/riya/avyantra_backend_service/models/map_user_permission.js":{"path":"/home/aspl/snap/skype/common/riya/avyantra_backend_service/models/map_user_permission.js","statementMap":{"0":{"start":{"line":1,"column":20},"end":{"line":1,"column":46}},"1":{"start":{"line":3,"column":0},"end":{"line":18,"column":1}},"2":{"start":{"line":4,"column":4},"end":{"line":17,"column":6}}},"fnMap":{"0":{"name":"(anonymous_0)","decl":{"start":{"line":3,"column":16},"end":{"line":3,"column":17}},"loc":{"start":{"line":3,"column":34},"end":{"line":18,"column":1}},"line":3}},"branchMap":{},"s":{"0":1,"1":1,"2":1},"f":{"0":1},"b":{},"_coverageSchema":"43e27e138ebf9cfc5966b082cf9a028302ed4184","hash":"21fe9439d08d06e462f134ba6865f7fdbe9ac085","contentHash":"4d55785cabc92afc305f85c0db13617fa21f1596bee19bccc95f80de488c1946"},"/home/aspl/snap/skype/common/riya/avyantra_backend_service/models/permission.js":{"path":"/home/aspl/snap/skype/common/riya/avyantra_backend_service/models/permission.js","statementMap":{"0":{"start":{"line":1,"column":20},"end":{"line":1,"column":46}},"1":{"start":{"line":3,"column":0},"end":{"line":16,"column":1}},"2":{"start":{"line":4,"column":4},"end":{"line":15,"column":6}}},"fnMap":{"0":{"name":"(anonymous_0)","decl":{"start":{"line":3,"column":16},"end":{"line":3,"column":17}},"loc":{"start":{"line":3,"column":34},"end":{"line":16,"column":1}},"line":3}},"branchMap":{},"s":{"0":1,"1":1,"2":1},"f":{"0":1},"b":{},"_coverageSchema":"43e27e138ebf9cfc5966b082cf9a028302ed4184","hash":"e13e6095e9bcd67a6203cd1698a1b7755a25aa58","contentHash":"07925a8850dd8797253f44e4df8d0d7b44ffe4a3545b9acdde6093a6306675fd"},"/home/aspl/snap/skype/common/riya/avyantra_backend_service/models/patient_infos.js":{"path":"/home/aspl/snap/skype/common/riya/avyantra_backend_service/models/patient_infos.js","statementMap":{"0":{"start":{"line":1,"column":20},"end":{"line":1,"column":46}},"1":{"start":{"line":2,"column":0},"end":{"line":26,"column":2}},"2":{"start":{"line":3,"column":2},"end":{"line":25,"column":5}}},"fnMap":{"0":{"name":"(anonymous_0)","decl":{"start":{"line":2,"column":17},"end":{"line":2,"column":18}},"loc":{"start":{"line":2,"column":38},"end":{"line":26,"column":1}},"line":2}},"branchMap":{},"s":{"0":1,"1":1,"2":1},"f":{"0":1},"b":{},"_coverageSchema":"43e27e138ebf9cfc5966b082cf9a028302ed4184","hash":"2534275382a3d31a11ec43cf0d4bab5f24a36843","contentHash":"75e26349019f8cd3390d3c90ef9155ebdcff222a67963ecfb28a019e1ffea40c"},"/home/aspl/snap/skype/common/riya/avyantra_backend_service/models/referral_doctor.js":{"path":"/home/aspl/snap/skype/common/riya/avyantra_backend_service/models/referral_doctor.js","statementMap":{"0":{"start":{"line":1,"column":20},"end":{"line":1,"column":46}},"1":{"start":{"line":3,"column":0},"end":{"line":21,"column":1}},"2":{"start":{"line":4,"column":4},"end":{"line":20,"column":6}}},"fnMap":{"0":{"name":"(anonymous_0)","decl":{"start":{"line":3,"column":16},"end":{"line":3,"column":17}},"loc":{"start":{"line":3,"column":34},"end":{"line":21,"column":1}},"line":3}},"branchMap":{},"s":{"0":1,"1":1,"2":1},"f":{"0":1},"b":{},"_coverageSchema":"43e27e138ebf9cfc5966b082cf9a028302ed4184","hash":"b414a41962a37de928699da81b1001026eb029af","contentHash":"446c5976108421ff2abe8a5708825c9a33881cfd86e7ae864f3e907db7f45775"},"/home/aspl/snap/skype/common/riya/avyantra_backend_service/models/referral_hospitals.js":{"path":"/home/aspl/snap/skype/common/riya/avyantra_backend_service/models/referral_hospitals.js","statementMap":{"0":{"start":{"line":1,"column":20},"end":{"line":1,"column":46}},"1":{"start":{"line":3,"column":0},"end":{"line":24,"column":1}},"2":{"start":{"line":4,"column":4},"end":{"line":23,"column":6}}},"fnMap":{"0":{"name":"(anonymous_0)","decl":{"start":{"line":3,"column":16},"end":{"line":3,"column":17}},"loc":{"start":{"line":3,"column":34},"end":{"line":24,"column":1}},"line":3}},"branchMap":{},"s":{"0":1,"1":1,"2":1},"f":{"0":1},"b":{},"_coverageSchema":"43e27e138ebf9cfc5966b082cf9a028302ed4184","hash":"d1e675086b5df375b69461878c137ade790b88e4","contentHash":"5e2d04067b4a727166b53fa8d5bbe4ede916d17150629c697ea6af6be6f5337d"},"/home/aspl/snap/skype/common/riya/avyantra_backend_service/models/message.js":{"path":"/home/aspl/snap/skype/common/riya/avyantra_backend_service/models/message.js","statementMap":{"0":{"start":{"line":1,"column":20},"end":{"line":1,"column":46}},"1":{"start":{"line":2,"column":0},"end":{"line":19,"column":2}},"2":{"start":{"line":3,"column":2},"end":{"line":18,"column":5}}},"fnMap":{"0":{"name":"(anonymous_0)","decl":{"start":{"line":2,"column":17},"end":{"line":2,"column":18}},"loc":{"start":{"line":2,"column":38},"end":{"line":19,"column":1}},"line":2}},"branchMap":{},"s":{"0":1,"1":1,"2":1},"f":{"0":1},"b":{},"_coverageSchema":"43e27e138ebf9cfc5966b082cf9a028302ed4184","hash":"6ed78334584348cd846f9b7cc086c959fe2caa14","contentHash":"b09428fd3e1cc59022d8d46db3a954114c372c2d3a8bb05588b6fa34fdbb64a9"},"/home/aspl/snap/skype/common/riya/avyantra_backend_service/models/staff_referral_hospital.js":{"path":"/home/aspl/snap/skype/common/riya/avyantra_backend_service/models/staff_referral_hospital.js","statementMap":{"0":{"start":{"line":1,"column":20},"end":{"line":1,"column":46}},"1":{"start":{"line":3,"column":0},"end":{"line":19,"column":1}},"2":{"start":{"line":4,"column":4},"end":{"line":18,"column":6}}},"fnMap":{"0":{"name":"(anonymous_0)","decl":{"start":{"line":3,"column":16},"end":{"line":3,"column":17}},"loc":{"start":{"line":3,"column":34},"end":{"line":19,"column":1}},"line":3}},"branchMap":{},"s":{"0":1,"1":1,"2":1},"f":{"0":1},"b":{},"_coverageSchema":"43e27e138ebf9cfc5966b082cf9a028302ed4184","hash":"11cc35bef2b58c0eb7f0bc8bff80f79dcdf58601","contentHash":"ca772735206f1ec01313f02be6e174f349ddf9ed34020805976a240a16851e51"},"/home/aspl/snap/skype/common/riya/avyantra_backend_service/models/referral_opinion.js":{"path":"/home/aspl/snap/skype/common/riya/avyantra_backend_service/models/referral_opinion.js","statementMap":{"0":{"start":{"line":1,"column":20},"end":{"line":1,"column":46}},"1":{"start":{"line":3,"column":0},"end":{"line":16,"column":1}},"2":{"start":{"line":4,"column":4},"end":{"line":15,"column":6}}},"fnMap":{"0":{"name":"(anonymous_0)","decl":{"start":{"line":3,"column":16},"end":{"line":3,"column":17}},"loc":{"start":{"line":3,"column":34},"end":{"line":16,"column":1}},"line":3}},"branchMap":{},"s":{"0":1,"1":1,"2":1},"f":{"0":1},"b":{},"_coverageSchema":"43e27e138ebf9cfc5966b082cf9a028302ed4184","hash":"d3f2315531b15dd132f68a16977a7895dd8337f0","contentHash":"7b58bf2aacd0955e364c37e6e9324cd9c977e8aab6bce22b101db09214c06c41"},"/home/aspl/snap/skype/common/riya/avyantra_backend_service/models/referral_files.js":{"path":"/home/aspl/snap/skype/common/riya/avyantra_backend_service/models/referral_files.js","statementMap":{"0":{"start":{"line":1,"column":20},"end":{"line":1,"column":46}},"1":{"start":{"line":3,"column":0},"end":{"line":16,"column":1}},"2":{"start":{"line":4,"column":4},"end":{"line":15,"column":6}}},"fnMap":{"0":{"name":"(anonymous_0)","decl":{"start":{"line":3,"column":16},"end":{"line":3,"column":17}},"loc":{"start":{"line":3,"column":34},"end":{"line":16,"column":1}},"line":3}},"branchMap":{},"s":{"0":1,"1":1,"2":1},"f":{"0":1},"b":{},"_coverageSchema":"43e27e138ebf9cfc5966b082cf9a028302ed4184","hash":"a9635ed84e8a643109ed48fbdca65ccba2ea8c1e","contentHash":"fdc6f13cdb3b1e3ad5ef36f521b9d58dfdb14afd75227d63f5119b4fba34d18f"},"/home/aspl/snap/skype/common/riya/avyantra_backend_service/controllers/hospitalBranchController.js":{"path":"/home/aspl/snap/skype/common/riya/avyantra_backend_service/controllers/hospitalBranchController.js","statementMap":{"0":{"start":{"line":1,"column":23},"end":{"line":1,"column":46}},"1":{"start":{"line":2,"column":27},"end":{"line":2,"column":61}},"2":{"start":{"line":3,"column":23},"end":{"line":3,"column":47}},"3":{"start":{"line":4,"column":17},"end":{"line":4,"column":46}},"4":{"start":{"line":5,"column":20},"end":{"line":5,"column":43}},"5":{"start":{"line":6,"column":16},"end":{"line":6,"column":44}},"6":{"start":{"line":7,"column":15},"end":{"line":7,"column":42}},"7":{"start":{"line":8,"column":18},"end":{"line":8,"column":43}},"8":{"start":{"line":9,"column":19},"end":{"line":9,"column":40}},"9":{"start":{"line":10,"column":19},"end":{"line":10,"column":73}},"10":{"start":{"line":12,"column":0},"end":{"line":154,"column":1}},"11":{"start":{"line":13,"column":21},"end":{"line":13,"column":23}},"12":{"start":{"line":14,"column":17},"end":{"line":14,"column":19}},"13":{"start":{"line":15,"column":16},"end":{"line":15,"column":18}},"14":{"start":{"line":16,"column":4},"end":{"line":16,"column":61}},"15":{"start":{"line":17,"column":4},"end":{"line":17,"column":103}},"16":{"start":{"line":18,"column":4},"end":{"line":18,"column":125}},"17":{"start":{"line":19,"column":4},"end":{"line":153,"column":6}},"18":{"start":{"line":38,"column":8},"end":{"line":138,"column":9}},"19":{"start":{"line":39,"column":32},"end":{"line":43,"column":14}},"20":{"start":{"line":40,"column":16},"end":{"line":42,"column":17}},"21":{"start":{"line":41,"column":20},"end":{"line":41,"column":98}},"22":{"start":{"line":44,"column":31},"end":{"line":44,"column":104}},"23":{"start":{"line":44,"column":55},"end":{"line":44,"column":101}},"24":{"start":{"line":45,"column":29},"end":{"line":45,"column":122}},"25":{"start":{"line":45,"column":53},"end":{"line":45,"column":119}},"26":{"start":{"line":46,"column":27},"end":{"line":46,"column":128}},"27":{"start":{"line":46,"column":51},"end":{"line":46,"column":125}},"28":{"start":{"line":48,"column":12},"end":{"line":58,"column":13}},"29":{"start":{"line":49,"column":16},"end":{"line":49,"column":90}},"30":{"start":{"line":50,"column":19},"end":{"line":58,"column":13}},"31":{"start":{"line":51,"column":16},"end":{"line":51,"column":93}},"32":{"start":{"line":52,"column":19},"end":{"line":58,"column":13}},"33":{"start":{"line":53,"column":16},"end":{"line":53,"column":92}},"34":{"start":{"line":54,"column":19},"end":{"line":58,"column":13}},"35":{"start":{"line":55,"column":16},"end":{"line":55,"column":87}},"36":{"start":{"line":57,"column":16},"end":{"line":57,"column":80}},"37":{"start":{"line":60,"column":12},"end":{"line":137,"column":18}},"38":{"start":{"line":62,"column":20},"end":{"line":136,"column":21}},"39":{"start":{"line":63,"column":24},"end":{"line":63,"column":70}},"40":{"start":{"line":64,"column":24},"end":{"line":70,"column":26}},"41":{"start":{"line":65,"column":28},"end":{"line":67,"column":29}},"42":{"start":{"line":66,"column":32},"end":{"line":66,"column":82}},"43":{"start":{"line":69,"column":28},"end":{"line":69,"column":88}},"44":{"start":{"line":71,"column":24},"end":{"line":71,"column":77}},"45":{"start":{"line":72,"column":24},"end":{"line":135,"column":30}},"46":{"start":{"line":75,"column":32},"end":{"line":131,"column":33}},"47":{"start":{"line":77,"column":36},"end":{"line":130,"column":38}},"48":{"start":{"line":82,"column":40},"end":{"line":96,"column":42}},"49":{"start":{"line":83,"column":44},"end":{"line":94,"column":46}},"50":{"start":{"line":92,"column":48},"end":{"line":92,"column":124}},"51":{"start":{"line":97,"column":40},"end":{"line":128,"column":41}},"52":{"start":{"line":98,"column":62},"end":{"line":106,"column":46}},"53":{"start":{"line":108,"column":62},"end":{"line":120,"column":45}},"54":{"start":{"line":121,"column":44},"end":{"line":127,"column":47}},"55":{"start":{"line":122,"column":48},"end":{"line":126,"column":49}},"56":{"start":{"line":123,"column":52},"end":{"line":123,"column":88}},"57":{"start":{"line":125,"column":52},"end":{"line":125,"column":97}},"58":{"start":{"line":129,"column":40},"end":{"line":129,"column":115}},"59":{"start":{"line":134,"column":32},"end":{"line":134,"column":92}},"60":{"start":{"line":139,"column":8},"end":{"line":139,"column":21}},"61":{"start":{"line":150,"column":8},"end":{"line":150,"column":25}},"62":{"start":{"line":152,"column":8},"end":{"line":152,"column":68}},"63":{"start":{"line":156,"column":0},"end":{"line":178,"column":1}},"64":{"start":{"line":157,"column":17},"end":{"line":157,"column":45}},"65":{"start":{"line":158,"column":12},"end":{"line":158,"column":16}},"66":{"start":{"line":159,"column":0},"end":{"line":164,"column":1}},"67":{"start":{"line":160,"column":1},"end":{"line":160,"column":83}},"68":{"start":{"line":163,"column":4},"end":{"line":163,"column":82}},"69":{"start":{"line":165,"column":4},"end":{"line":177,"column":10}},"70":{"start":{"line":173,"column":8},"end":{"line":173,"column":66}},"71":{"start":{"line":176,"column":12},"end":{"line":176,"column":72}},"72":{"start":{"line":180,"column":0},"end":{"line":231,"column":1}},"73":{"start":{"line":181,"column":15},"end":{"line":181,"column":17}},"74":{"start":{"line":182,"column":27},"end":{"line":182,"column":29}},"75":{"start":{"line":183,"column":4},"end":{"line":183,"column":53}},"76":{"start":{"line":185,"column":4},"end":{"line":230,"column":6}},"77":{"start":{"line":190,"column":4},"end":{"line":226,"column":9}},"78":{"start":{"line":191,"column":8},"end":{"line":210,"column":10}},"79":{"start":{"line":197,"column":10},"end":{"line":209,"column":11}},"80":{"start":{"line":198,"column":12},"end":{"line":198,"column":72}},"81":{"start":{"line":200,"column":12},"end":{"line":200,"column":56}},"82":{"start":{"line":201,"column":12},"end":{"line":201,"column":64}},"83":{"start":{"line":202,"column":12},"end":{"line":202,"column":77}},"84":{"start":{"line":203,"column":12},"end":{"line":203,"column":45}},"85":{"start":{"line":204,"column":12},"end":{"line":204,"column":44}},"86":{"start":{"line":205,"column":12},"end":{"line":208,"column":14}},"87":{"start":{"line":207,"column":12},"end":{"line":207,"column":84}},"88":{"start":{"line":213,"column":12},"end":{"line":225,"column":14}},"89":{"start":{"line":214,"column":16},"end":{"line":224,"column":17}},"90":{"start":{"line":215,"column":20},"end":{"line":215,"column":61}},"91":{"start":{"line":216,"column":20},"end":{"line":216,"column":72}},"92":{"start":{"line":217,"column":20},"end":{"line":217,"column":85}},"93":{"start":{"line":218,"column":20},"end":{"line":218,"column":53}},"94":{"start":{"line":219,"column":20},"end":{"line":219,"column":52}},"95":{"start":{"line":220,"column":20},"end":{"line":223,"column":22}},"96":{"start":{"line":222,"column":24},"end":{"line":222,"column":96}},"97":{"start":{"line":229,"column":9},"end":{"line":229,"column":68}},"98":{"start":{"line":233,"column":0},"end":{"line":244,"column":1}},"99":{"start":{"line":234,"column":4},"end":{"line":243,"column":6}},"100":{"start":{"line":236,"column":8},"end":{"line":236,"column":31}},"101":{"start":{"line":239,"column":8},"end":{"line":239,"column":79}},"102":{"start":{"line":242,"column":8},"end":{"line":242,"column":67}},"103":{"start":{"line":246,"column":0},"end":{"line":259,"column":1}},"104":{"start":{"line":247,"column":16},"end":{"line":247,"column":82}},"105":{"start":{"line":248,"column":4},"end":{"line":258,"column":7}},"106":{"start":{"line":254,"column":8},"end":{"line":254,"column":66}},"107":{"start":{"line":257,"column":8},"end":{"line":257,"column":67}},"108":{"start":{"line":261,"column":0},"end":{"line":297,"column":1}},"109":{"start":{"line":262,"column":14},"end":{"line":262,"column":16}},"110":{"start":{"line":263,"column":27},"end":{"line":263,"column":29}},"111":{"start":{"line":265,"column":4},"end":{"line":270,"column":6}},"112":{"start":{"line":268,"column":8},"end":{"line":268,"column":29}},"113":{"start":{"line":269,"column":8},"end":{"line":269,"column":21}},"114":{"start":{"line":272,"column":4},"end":{"line":276,"column":28}},"115":{"start":{"line":278,"column":4},"end":{"line":296,"column":6}},"116":{"start":{"line":281,"column":8},"end":{"line":292,"column":9}},"117":{"start":{"line":282,"column":12},"end":{"line":282,"column":53}},"118":{"start":{"line":283,"column":12},"end":{"line":283,"column":64}},"119":{"start":{"line":284,"column":12},"end":{"line":284,"column":77}},"120":{"start":{"line":285,"column":12},"end":{"line":285,"column":45}},"121":{"start":{"line":286,"column":12},"end":{"line":286,"column":44}},"122":{"start":{"line":288,"column":12},"end":{"line":291,"column":14}},"123":{"start":{"line":290,"column":16},"end":{"line":290,"column":88}},"124":{"start":{"line":295,"column":8},"end":{"line":295,"column":67}},"125":{"start":{"line":299,"column":0},"end":{"line":353,"column":1}},"126":{"start":{"line":300,"column":20},"end":{"line":300,"column":22}},"127":{"start":{"line":301,"column":33},"end":{"line":301,"column":35}},"128":{"start":{"line":302,"column":4},"end":{"line":302,"column":69}},"129":{"start":{"line":303,"column":4},"end":{"line":352,"column":6}},"130":{"start":{"line":309,"column":8},"end":{"line":309,"column":17}},"131":{"start":{"line":310,"column":4},"end":{"line":348,"column":5}},"132":{"start":{"line":311,"column":7},"end":{"line":313,"column":8}},"133":{"start":{"line":312,"column":8},"end":{"line":312,"column":74}},"134":{"start":{"line":314,"column":8},"end":{"line":333,"column":5}},"135":{"start":{"line":320,"column":10},"end":{"line":332,"column":6}},"136":{"start":{"line":321,"column":12},"end":{"line":321,"column":78}},"137":{"start":{"line":323,"column":8},"end":{"line":323,"column":70}},"138":{"start":{"line":324,"column":8},"end":{"line":324,"column":66}},"139":{"start":{"line":325,"column":8},"end":{"line":325,"column":79}},"140":{"start":{"line":326,"column":8},"end":{"line":326,"column":47}},"141":{"start":{"line":327,"column":8},"end":{"line":327,"column":46}},"142":{"start":{"line":328,"column":8},"end":{"line":331,"column":10}},"143":{"start":{"line":330,"column":11},"end":{"line":330,"column":89}},"144":{"start":{"line":335,"column":8},"end":{"line":347,"column":10}},"145":{"start":{"line":336,"column":12},"end":{"line":346,"column":13}},"146":{"start":{"line":337,"column":8},"end":{"line":337,"column":67}},"147":{"start":{"line":338,"column":8},"end":{"line":338,"column":66}},"148":{"start":{"line":339,"column":8},"end":{"line":339,"column":79}},"149":{"start":{"line":340,"column":8},"end":{"line":340,"column":47}},"150":{"start":{"line":341,"column":8},"end":{"line":341,"column":46}},"151":{"start":{"line":342,"column":8},"end":{"line":345,"column":16}},"152":{"start":{"line":344,"column":13},"end":{"line":344,"column":91}},"153":{"start":{"line":351,"column":9},"end":{"line":351,"column":68}},"154":{"start":{"line":355,"column":0},"end":{"line":369,"column":1}},"155":{"start":{"line":356,"column":16},"end":{"line":356,"column":89}},"156":{"start":{"line":357,"column":4},"end":{"line":368,"column":10}},"157":{"start":{"line":364,"column":12},"end":{"line":364,"column":70}},"158":{"start":{"line":367,"column":12},"end":{"line":367,"column":72}},"159":{"start":{"line":371,"column":0},"end":{"line":382,"column":1}},"160":{"start":{"line":372,"column":4},"end":{"line":381,"column":6}},"161":{"start":{"line":374,"column":8},"end":{"line":374,"column":31}},"162":{"start":{"line":377,"column":8},"end":{"line":377,"column":79}},"163":{"start":{"line":380,"column":8},"end":{"line":380,"column":67}},"164":{"start":{"line":384,"column":0},"end":{"line":420,"column":1}},"165":{"start":{"line":385,"column":19},"end":{"line":385,"column":21}},"166":{"start":{"line":386,"column":33},"end":{"line":386,"column":35}},"167":{"start":{"line":388,"column":4},"end":{"line":393,"column":6}},"168":{"start":{"line":391,"column":8},"end":{"line":391,"column":29}},"169":{"start":{"line":392,"column":8},"end":{"line":392,"column":21}},"170":{"start":{"line":395,"column":4},"end":{"line":399,"column":45}},"171":{"start":{"line":401,"column":4},"end":{"line":419,"column":6}},"172":{"start":{"line":404,"column":8},"end":{"line":415,"column":9}},"173":{"start":{"line":405,"column":12},"end":{"line":405,"column":71}},"174":{"start":{"line":406,"column":12},"end":{"line":406,"column":70}},"175":{"start":{"line":407,"column":12},"end":{"line":407,"column":83}},"176":{"start":{"line":408,"column":12},"end":{"line":408,"column":51}},"177":{"start":{"line":409,"column":12},"end":{"line":409,"column":50}},"178":{"start":{"line":411,"column":12},"end":{"line":414,"column":14}},"179":{"start":{"line":413,"column":16},"end":{"line":413,"column":98}},"180":{"start":{"line":418,"column":8},"end":{"line":418,"column":67}},"181":{"start":{"line":422,"column":0},"end":{"line":434,"column":1}},"182":{"start":{"line":423,"column":16},"end":{"line":423,"column":84}},"183":{"start":{"line":424,"column":4},"end":{"line":433,"column":6}},"184":{"start":{"line":429,"column":9},"end":{"line":429,"column":67}},"185":{"start":{"line":432,"column":9},"end":{"line":432,"column":68}},"186":{"start":{"line":436,"column":0},"end":{"line":496,"column":1}},"187":{"start":{"line":437,"column":4},"end":{"line":495,"column":7}},"188":{"start":{"line":439,"column":6},"end":{"line":439,"column":45}},"189":{"start":{"line":440,"column":6},"end":{"line":440,"column":26}},"190":{"start":{"line":443,"column":22},"end":{"line":443,"column":72}},"191":{"start":{"line":444,"column":5},"end":{"line":444,"column":22}},"192":{"start":{"line":447,"column":8},"end":{"line":490,"column":11}},"193":{"start":{"line":459,"column":12},"end":{"line":489,"column":13}},"194":{"start":{"line":460,"column":36},"end":{"line":464,"column":18}},"195":{"start":{"line":461,"column":20},"end":{"line":463,"column":21}},"196":{"start":{"line":462,"column":24},"end":{"line":462,"column":101}},"197":{"start":{"line":465,"column":35},"end":{"line":465,"column":116}},"198":{"start":{"line":465,"column":60},"end":{"line":465,"column":113}},"199":{"start":{"line":466,"column":31},"end":{"line":466,"column":132}},"200":{"start":{"line":466,"column":56},"end":{"line":466,"column":129}},"201":{"start":{"line":469,"column":16},"end":{"line":477,"column":17}},"202":{"start":{"line":470,"column":20},"end":{"line":470,"column":92}},"203":{"start":{"line":471,"column":23},"end":{"line":477,"column":17}},"204":{"start":{"line":472,"column":20},"end":{"line":472,"column":97}},"205":{"start":{"line":473,"column":23},"end":{"line":477,"column":17}},"206":{"start":{"line":474,"column":20},"end":{"line":474,"column":98}},"207":{"start":{"line":476,"column":20},"end":{"line":476,"column":85}},"208":{"start":{"line":479,"column":16},"end":{"line":479,"column":54}},"209":{"start":{"line":480,"column":16},"end":{"line":480,"column":64}},"210":{"start":{"line":481,"column":16},"end":{"line":481,"column":62}},"211":{"start":{"line":482,"column":16},"end":{"line":482,"column":47}},"212":{"start":{"line":483,"column":16},"end":{"line":483,"column":45}},"213":{"start":{"line":484,"column":16},"end":{"line":484,"column":51}},"214":{"start":{"line":485,"column":16},"end":{"line":485,"column":51}},"215":{"start":{"line":486,"column":16},"end":{"line":486,"column":53}},"216":{"start":{"line":487,"column":16},"end":{"line":487,"column":33}},"217":{"start":{"line":488,"column":16},"end":{"line":488,"column":67}},"218":{"start":{"line":494,"column":8},"end":{"line":494,"column":67}}},"fnMap":{"0":{"name":"(anonymous_0)","decl":{"start":{"line":12,"column":33},"end":{"line":12,"column":34}},"loc":{"start":{"line":12,"column":53},"end":{"line":154,"column":1}},"line":12},"1":{"name":"(anonymous_1)","decl":{"start":{"line":37,"column":12},"end":{"line":37,"column":13}},"loc":{"start":{"line":37,"column":22},"end":{"line":149,"column":5}},"line":37},"2":{"name":"(anonymous_2)","decl":{"start":{"line":39,"column":44},"end":{"line":39,"column":45}},"loc":{"start":{"line":39,"column":54},"end":{"line":43,"column":13}},"line":39},"3":{"name":"(anonymous_3)","decl":{"start":{"line":44,"column":43},"end":{"line":44,"column":44}},"loc":{"start":{"line":44,"column":53},"end":{"line":44,"column":103}},"line":44},"4":{"name":"(anonymous_4)","decl":{"start":{"line":45,"column":41},"end":{"line":45,"column":42}},"loc":{"start":{"line":45,"column":51},"end":{"line":45,"column":121}},"line":45},"5":{"name":"(anonymous_5)","decl":{"start":{"line":46,"column":39},"end":{"line":46,"column":40}},"loc":{"start":{"line":46,"column":49},"end":{"line":46,"column":127}},"line":46},"6":{"name":"(anonymous_6)","decl":{"start":{"line":61,"column":22},"end":{"line":61,"column":23}},"loc":{"start":{"line":61,"column":32},"end":{"line":137,"column":17}},"line":61},"7":{"name":"(anonymous_7)","decl":{"start":{"line":64,"column":74},"end":{"line":64,"column":75}},"loc":{"start":{"line":64,"column":84},"end":{"line":68,"column":25}},"line":64},"8":{"name":"(anonymous_8)","decl":{"start":{"line":68,"column":33},"end":{"line":68,"column":34}},"loc":{"start":{"line":68,"column":40},"end":{"line":70,"column":25}},"line":68},"9":{"name":"(anonymous_9)","decl":{"start":{"line":73,"column":34},"end":{"line":73,"column":35}},"loc":{"start":{"line":73,"column":44},"end":{"line":133,"column":29}},"line":73},"10":{"name":"(anonymous_10)","decl":{"start":{"line":81,"column":44},"end":{"line":81,"column":45}},"loc":{"start":{"line":81,"column":55},"end":{"line":130,"column":37}},"line":81},"11":{"name":"(anonymous_11)","decl":{"start":{"line":82,"column":56},"end":{"line":82,"column":57}},"loc":{"start":{"line":82,"column":73},"end":{"line":96,"column":41}},"line":82},"12":{"name":"(anonymous_12)","decl":{"start":{"line":91,"column":51},"end":{"line":91,"column":52}},"loc":{"start":{"line":91,"column":62},"end":{"line":94,"column":45}},"line":91},"13":{"name":"(anonymous_13)","decl":{"start":{"line":121,"column":78},"end":{"line":121,"column":79}},"loc":{"start":{"line":121,"column":101},"end":{"line":127,"column":45}},"line":121},"14":{"name":"(anonymous_14)","decl":{"start":{"line":133,"column":37},"end":{"line":133,"column":38}},"loc":{"start":{"line":133,"column":44},"end":{"line":135,"column":29}},"line":133},"15":{"name":"(anonymous_15)","decl":{"start":{"line":149,"column":13},"end":{"line":149,"column":14}},"loc":{"start":{"line":149,"column":20},"end":{"line":153,"column":5}},"line":149},"16":{"name":"(anonymous_16)","decl":{"start":{"line":156,"column":28},"end":{"line":156,"column":29}},"loc":{"start":{"line":156,"column":44},"end":{"line":178,"column":1}},"line":156},"17":{"name":"(anonymous_17)","decl":{"start":{"line":172,"column":11},"end":{"line":172,"column":12}},"loc":{"start":{"line":172,"column":21},"end":{"line":174,"column":5}},"line":172},"18":{"name":"(anonymous_18)","decl":{"start":{"line":175,"column":15},"end":{"line":175,"column":16}},"loc":{"start":{"line":175,"column":22},"end":{"line":177,"column":9}},"line":175},"19":{"name":"(anonymous_19)","decl":{"start":{"line":180,"column":17},"end":{"line":180,"column":18}},"loc":{"start":{"line":180,"column":33},"end":{"line":231,"column":1}},"line":180},"20":{"name":"(anonymous_20)","decl":{"start":{"line":189,"column":12},"end":{"line":189,"column":13}},"loc":{"start":{"line":189,"column":22},"end":{"line":227,"column":5}},"line":189},"21":{"name":"(anonymous_21)","decl":{"start":{"line":196,"column":16},"end":{"line":196,"column":17}},"loc":{"start":{"line":196,"column":26},"end":{"line":210,"column":9}},"line":196},"22":{"name":"(anonymous_22)","decl":{"start":{"line":206,"column":18},"end":{"line":206,"column":19}},"loc":{"start":{"line":206,"column":26},"end":{"line":208,"column":13}},"line":206},"23":{"name":"(anonymous_23)","decl":{"start":{"line":213,"column":57},"end":{"line":213,"column":58}},"loc":{"start":{"line":213,"column":65},"end":{"line":225,"column":13}},"line":213},"24":{"name":"(anonymous_24)","decl":{"start":{"line":221,"column":26},"end":{"line":221,"column":27}},"loc":{"start":{"line":221,"column":34},"end":{"line":223,"column":21}},"line":221},"25":{"name":"(anonymous_25)","decl":{"start":{"line":228,"column":11},"end":{"line":228,"column":12}},"loc":{"start":{"line":228,"column":16},"end":{"line":230,"column":5}},"line":228},"26":{"name":"(anonymous_26)","decl":{"start":{"line":233,"column":19},"end":{"line":233,"column":20}},"loc":{"start":{"line":233,"column":35},"end":{"line":244,"column":1}},"line":233},"27":{"name":"(anonymous_27)","decl":{"start":{"line":235,"column":10},"end":{"line":235,"column":11}},"loc":{"start":{"line":235,"column":18},"end":{"line":237,"column":5}},"line":235},"28":{"name":"(anonymous_28)","decl":{"start":{"line":238,"column":10},"end":{"line":238,"column":11}},"loc":{"start":{"line":238,"column":18},"end":{"line":240,"column":5}},"line":238},"29":{"name":"(anonymous_29)","decl":{"start":{"line":241,"column":11},"end":{"line":241,"column":12}},"loc":{"start":{"line":241,"column":16},"end":{"line":243,"column":5}},"line":241},"30":{"name":"(anonymous_30)","decl":{"start":{"line":246,"column":30},"end":{"line":246,"column":31}},"loc":{"start":{"line":246,"column":46},"end":{"line":259,"column":1}},"line":246},"31":{"name":"(anonymous_31)","decl":{"start":{"line":253,"column":11},"end":{"line":253,"column":12}},"loc":{"start":{"line":253,"column":21},"end":{"line":255,"column":5}},"line":253},"32":{"name":"(anonymous_32)","decl":{"start":{"line":256,"column":11},"end":{"line":256,"column":12}},"loc":{"start":{"line":256,"column":18},"end":{"line":258,"column":6}},"line":256},"33":{"name":"(anonymous_33)","decl":{"start":{"line":261,"column":36},"end":{"line":261,"column":37}},"loc":{"start":{"line":261,"column":52},"end":{"line":297,"column":1}},"line":261},"34":{"name":"(anonymous_34)","decl":{"start":{"line":267,"column":10},"end":{"line":267,"column":11}},"loc":{"start":{"line":267,"column":18},"end":{"line":270,"column":5}},"line":267},"35":{"name":"(anonymous_35)","decl":{"start":{"line":279,"column":10},"end":{"line":279,"column":11}},"loc":{"start":{"line":279,"column":18},"end":{"line":293,"column":5}},"line":279},"36":{"name":"(anonymous_36)","decl":{"start":{"line":289,"column":18},"end":{"line":289,"column":19}},"loc":{"start":{"line":289,"column":26},"end":{"line":291,"column":13}},"line":289},"37":{"name":"(anonymous_37)","decl":{"start":{"line":294,"column":11},"end":{"line":294,"column":12}},"loc":{"start":{"line":294,"column":16},"end":{"line":296,"column":5}},"line":294},"38":{"name":"(anonymous_38)","decl":{"start":{"line":299,"column":22},"end":{"line":299,"column":23}},"loc":{"start":{"line":299,"column":38},"end":{"line":353,"column":1}},"line":299},"39":{"name":"(anonymous_39)","decl":{"start":{"line":308,"column":10},"end":{"line":308,"column":11}
[...]
":1,"9":1,"10":1,"11":1,"12":1,"13":0,"14":1,"15":1,"16":1,"17":1,"18":1,"19":1,"20":1,"21":0,"22":1,"23":1,"24":1,"25":0,"26":1,"27":1,"28":1,"29":1,"30":1,"31":1,"32":1,"33":0,"34":1,"35":1,"36":1,"37":0,"38":0,"39":1,"40":1,"41":1,"42":0,"43":1,"44":1,"45":1,"46":0,"47":1,"48":0,"49":1,"50":0,"51":1,"52":0,"53":1,"54":0,"55":1,"56":0,"57":1,"58":0,"59":1,"60":1,"61":1,"62":1,"63":1,"64":1,"65":0,"66":1,"67":1,"68":1,"69":1,"70":1,"71":1,"72":1,"73":0,"74":1,"75":1,"76":1,"77":1,"78":1,"79":1,"80":1,"81":0,"82":1,"83":1,"84":1,"85":1,"86":1,"87":1,"88":1,"89":0,"90":1,"91":1,"92":1,"93":1,"94":1,"95":1,"96":1,"97":0,"98":1,"99":1,"100":1,"101":1,"102":1,"103":1,"104":1,"105":0,"106":1,"107":1,"108":1,"109":1,"110":1,"111":1,"112":1,"113":0,"114":1,"115":1,"116":1,"117":1,"118":1,"119":1,"120":1,"121":0,"122":1,"123":1,"124":1,"125":1,"126":1,"127":1,"128":1,"129":0,"130":1,"131":2,"132":2,"133":2,"134":1,"135":1,"136":1,"137":0,"138":0,"139":0,"140":0,"141":1,"142":1,"143":1,"144":1,"145":1,"146":1,"147":1,"148":0,"149":1,"150":1,"151":1,"152":1,"153":1,"154":0,"155":1,"156":1,"157":1,"158":0,"159":1,"160":1,"161":1,"162":1,"163":0,"164":1,"165":0,"166":1,"167":1,"168":0,"169":1,"170":1,"171":0,"172":1,"173":1,"174":0,"175":1,"176":1,"177":0,"178":1,"179":1,"180":0,"181":1,"182":1,"183":0,"184":1,"185":1,"186":1,"187":0,"188":1,"189":1,"190":1,"191":0,"192":0,"193":1,"194":1,"195":0,"196":1,"197":1,"198":1,"199":1,"200":1,"201":1,"202":1,"203":0,"204":1,"205":1,"206":1,"207":0,"208":0,"209":1,"210":1,"211":1,"212":0,"213":1,"214":1,"215":1,"216":1,"217":1,"218":1,"219":1,"220":1,"221":1,"222":0,"223":1,"224":1,"225":1,"226":0,"227":0,"228":1,"229":1,"230":0,"231":1,"232":1,"233":1,"234":1,"235":1,"236":1,"237":1,"238":1,"239":0,"240":1,"241":1,"242":1,"243":0,"244":0,"245":1,"246":1,"247":0,"248":1,"249":1,"250":1,"251":1,"252":1,"253":1,"254":1,"255":1,"256":0,"257":1,"258":1,"259":1,"260":0,"261":0,"262":1,"263":1,"264":0,"265":1,"266":1,"267":1,"268":1,"269":1,"270":1,"271":1,"272":1,"273":0,"274":1,"275":1,"276":1,"277":0,"278":0,"279":1,"280":1,"281":0,"282":1,"283":1,"284":1,"285":1,"286":1,"287":1,"288":1,"289":1,"290":0,"291":1,"292":1,"293":1,"294":0,"295":0,"296":1,"297":1,"298":0,"299":1,"300":1,"301":1,"302":1,"303":1,"304":1,"305":1,"306":1,"307":0,"308":1,"309":1,"310":1,"311":0,"312":0,"313":1,"314":1,"315":0,"316":1,"317":1,"318":1,"319":1,"320":1,"321":1,"322":1,"323":1,"324":0,"325":1,"326":1,"327":1,"328":1,"329":1,"330":1,"331":1,"332":1,"333":1,"334":1,"335":1,"336":1,"337":1,"338":1,"339":1,"340":1,"341":0,"342":0,"343":1,"344":1,"345":1,"346":1,"347":1,"348":0,"349":0,"350":0,"351":0,"352":0,"353":0,"354":0,"355":0,"356":1,"357":1,"358":1,"359":1,"360":1,"361":1,"362":1,"363":1,"364":1,"365":0,"366":1,"367":1,"368":0,"369":0,"370":0,"371":0,"372":0,"373":0,"374":0,"375":0,"376":0,"377":0,"378":0,"379":0,"380":0,"381":0,"382":0,"383":0,"384":0,"385":0,"386":0,"387":0,"388":0,"389":0,"390":0,"391":0,"392":0,"393":1,"394":1,"395":0,"396":0,"397":0,"398":0,"399":0,"400":0,"401":0,"402":0,"403":0,"404":0,"405":0,"406":0,"407":0,"408":0,"409":0,"410":0,"411":0,"412":0,"413":0,"414":0,"415":0,"416":0,"417":0,"418":0,"419":0,"420":0,"421":0,"422":1,"423":1,"424":1,"425":1,"426":1,"427":1,"428":0,"429":1,"430":1,"431":0,"432":0,"433":1,"434":1,"435":1,"436":0,"437":0,"438":0,"439":0,"440":0,"441":0,"442":0,"443":0,"444":0,"445":0,"446":0,"447":0,"448":0,"449":0,"450":0,"451":0,"452":1,"453":1,"454":1,"455":1,"456":1,"457":0,"458":0,"459":0,"460":0,"461":0,"462":0,"463":0,"464":0,"465":0,"466":0,"467":0,"468":0,"469":0},"f":{"0":1,"1":1,"2":1,"3":1,"4":1,"5":0,"6":1,"7":1,"8":1,"9":1,"10":1,"11":0,"12":1,"13":1,"14":0,"15":0,"16":0,"17":0,"18":0,"19":0,"20":0,"21":0,"22":1,"23":1,"24":1,"25":0,"26":1,"27":1,"28":0,"29":1,"30":1,"31":0,"32":1,"33":1,"34":0,"35":1,"36":1,"37":0,"38":1,"39":1,"40":0,"41":1,"42":1,"43":0,"44":1,"45":1,"46":0,"47":1,"48":1,"49":0,"50":2,"51":2,"52":1,"53":1,"54":1,"55":1,"56":1,"57":0,"58":1,"59":1,"60":0,"61":1,"62":0,"63":1,"64":0,"65":1,"66":0,"67":1,"68":0,"69":1,"70":0,"71":1,"72":0,"73":1,"74":0,"75":1,"76":1,"77":1,"78":1,"79":1,"80":0,"81":1,"82":1,"83":1,"84":1,"85":1,"86":0,"87":1,"88":1,"89":1,"90":1,"91":1,"92":0,"93":1,"94":1,"95":1,"96":1,"97":1,"98":0,"99":1,"100":1,"101":1,"102":1,"103":1,"104":0,"105":1,"106":1,"107":1,"108":1,"109":1,"110":0,"111":1,"112":1,"113":1,"114":1,"115":1,"116":0,"117":1,"118":1,"119":1,"120":1,"121":1,"122":0,"123":1,"124":1,"125":1,"126":1,"127":0,"128":1,"129":1,"130":0,"131":0,"132":0,"133":1,"134":0,"135":0,"136":0,"137":0,"138":0,"139":0,"140":0,"141":1,"142":0,"143":0,"144":0,"145":0,"146":0,"147":1,"148":1,"149":0,"150":0,"151":0,"152":0,"153":0,"154":1,"155":0,"156":0,"157":0,"158":0},"b":{"0":[0,1],"1":[0,1],"2":[0,1],"3":[1,0],"4":[1,1],"5":[0,1],"6":[0,1],"7":[0,1],"8":[0,1],"9":[0,1],"10":[0,1],"11":[0,1],"12":[0,1],"13":[0,1],"14":[0,1],"15":[0,1],"16":[0,1],"17":[0,1],"18":[0,1],"19":[0,1],"20":[0,1],"21":[0,1],"22":[0,1],"23":[0,1],"24":[1,0],"25":[1,0],"26":[0,0],"27":[0,0],"28":[0,1],"29":[0,0],"30":[0,0],"31":[0,0],"32":[0,0],"33":[0,0],"34":[0,0],"35":[0,0],"36":[0,0],"37":[0,0],"38":[0,0],"39":[0,0],"40":[0,0],"41":[0,1],"42":[0,0],"43":[0,0],"44":[0,0],"45":[0,0],"46":[0,0],"47":[0,0]},"_coverageSchema":"43e27e138ebf9cfc5966b082cf9a028302ed4184","hash":"80af124208cf991644990e6bed595ee1e24fe6ba","contentHash":"3572c36d49d73a4e6c32790e50a6045292b2ac141d7687f532d60871c0929179"},"/home/aspl/snap/skype/common/riya/avyantra_backend_service/helper/queries/patientContQueries.js":{"path":"/home/aspl/snap/skype/common/riya/avyantra_backend_service/helper/queries/patientContQueries.js","statementMap":{"0":{"start":{"line":4,"column":20},"end":{"line":4,"column":220}},"1":{"start":{"line":5,"column":8},"end":{"line":5,"column":20}},"2":{"start":{"line":9,"column":20},"end":{"line":9,"column":217}},"3":{"start":{"line":10,"column":8},"end":{"line":10,"column":20}},"4":{"start":{"line":14,"column":20},"end":{"line":14,"column":215}},"5":{"start":{"line":15,"column":8},"end":{"line":15,"column":20}},"6":{"start":{"line":19,"column":20},"end":{"line":19,"column":216}},"7":{"start":{"line":20,"column":8},"end":{"line":20,"column":20}},"8":{"start":{"line":24,"column":20},"end":{"line":24,"column":216}},"9":{"start":{"line":25,"column":8},"end":{"line":25,"column":20}},"10":{"start":{"line":29,"column":20},"end":{"line":29,"column":221}},"11":{"start":{"line":30,"column":8},"end":{"line":30,"column":20}},"12":{"start":{"line":34,"column":20},"end":{"line":34,"column":218}},"13":{"start":{"line":35,"column":8},"end":{"line":35,"column":20}},"14":{"start":{"line":39,"column":20},"end":{"line":39,"column":213}},"15":{"start":{"line":40,"column":8},"end":{"line":40,"column":20}},"16":{"start":{"line":44,"column":20},"end":{"line":44,"column":288}},"17":{"start":{"line":45,"column":8},"end":{"line":45,"column":20}},"18":{"start":{"line":49,"column":20},"end":{"line":49,"column":51}},"19":{"start":{"line":50,"column":8},"end":{"line":50,"column":20}},"20":{"start":{"line":54,"column":20},"end":{"line":64,"column":82}},"21":{"start":{"line":65,"column":8},"end":{"line":68,"column":9}},"22":{"start":{"line":66,"column":12},"end":{"line":67,"column":91}},"23":{"start":{"line":69,"column":8},"end":{"line":73,"column":59}},"24":{"start":{"line":74,"column":8},"end":{"line":76,"column":9}},"25":{"start":{"line":75,"column":12},"end":{"line":75,"column":87}},"26":{"start":{"line":77,"column":8},"end":{"line":79,"column":9}},"27":{"start":{"line":78,"column":12},"end":{"line":78,"column":139}},"28":{"start":{"line":80,"column":8},"end":{"line":80,"column":94}},"29":{"start":{"line":81,"column":8},"end":{"line":81,"column":20}},"30":{"start":{"line":85,"column":20},"end":{"line":95,"column":82}},"31":{"start":{"line":96,"column":8},"end":{"line":99,"column":9}},"32":{"start":{"line":97,"column":12},"end":{"line":98,"column":91}},"33":{"start":{"line":100,"column":8},"end":{"line":104,"column":59}},"34":{"start":{"line":105,"column":8},"end":{"line":107,"column":9}},"35":{"start":{"line":106,"column":12},"end":{"line":106,"column":87}},"36":{"start":{"line":108,"column":8},"end":{"line":110,"column":9}},"37":{"start":{"line":109,"column":12},"end":{"line":109,"column":139}},"38":{"start":{"line":111,"column":8},"end":{"line":117,"column":56}},"39":{"start":{"line":118,"column":8},"end":{"line":118,"column":94}},"40":{"start":{"line":119,"column":8},"end":{"line":119,"column":20}},"41":{"start":{"line":123,"column":20},"end":{"line":124,"column":41}},"42":{"start":{"line":125,"column":8},"end":{"line":125,"column":20}},"43":{"start":{"line":129,"column":20},"end":{"line":133,"column":117}},"44":{"start":{"line":134,"column":8},"end":{"line":137,"column":9}},"45":{"start":{"line":135,"column":12},"end":{"line":136,"column":92}},"46":{"start":{"line":138,"column":8},"end":{"line":138,"column":70}},"47":{"start":{"line":139,"column":8},"end":{"line":141,"column":9}},"48":{"start":{"line":140,"column":12},"end":{"line":140,"column":87}},"49":{"start":{"line":142,"column":8},"end":{"line":144,"column":9}},"50":{"start":{"line":143,"column":12},"end":{"line":143,"column":139}},"51":{"start":{"line":145,"column":8},"end":{"line":145,"column":20}},"52":{"start":{"line":149,"column":20},"end":{"line":153,"column":117}},"53":{"start":{"line":154,"column":8},"end":{"line":157,"column":9}},"54":{"start":{"line":155,"column":12},"end":{"line":156,"column":92}},"55":{"start":{"line":158,"column":8},"end":{"line":158,"column":70}},"56":{"start":{"line":159,"column":8},"end":{"line":161,"column":9}},"57":{"start":{"line":160,"column":12},"end":{"line":160,"column":87}},"58":{"start":{"line":162,"column":8},"end":{"line":164,"column":9}},"59":{"start":{"line":163,"column":12},"end":{"line":163,"column":139}},"60":{"start":{"line":166,"column":8},"end":{"line":172,"column":56}},"61":{"start":{"line":173,"column":8},"end":{"line":173,"column":20}},"62":{"start":{"line":177,"column":20},"end":{"line":177,"column":101}},"63":{"start":{"line":178,"column":8},"end":{"line":178,"column":20}},"64":{"start":{"line":184,"column":0},"end":{"line":184,"column":47}}},"fnMap":{"0":{"name":"(anonymous_0)","decl":{"start":{"line":3,"column":4},"end":{"line":3,"column":5}},"loc":{"start":{"line":3,"column":38},"end":{"line":6,"column":5}},"line":3},"1":{"name":"(anonymous_1)","decl":{"start":{"line":8,"column":4},"end":{"line":8,"column":5}},"loc":{"start":{"line":8,"column":35},"end":{"line":11,"column":5}},"line":8},"2":{"name":"(anonymous_2)","decl":{"start":{"line":13,"column":4},"end":{"line":13,"column":5}},"loc":{"start":{"line":13,"column":33},"end":{"line":16,"column":5}},"line":13},"3":{"name":"(anonymous_3)","decl":{"start":{"line":18,"column":4},"end":{"line":18,"column":5}},"loc":{"start":{"line":18,"column":34},"end":{"line":21,"column":5}},"line":18},"4":{"name":"(anonymous_4)","decl":{"start":{"line":23,"column":4},"end":{"line":23,"column":5}},"loc":{"start":{"line":23,"column":34},"end":{"line":26,"column":5}},"line":23},"5":{"name":"(anonymous_5)","decl":{"start":{"line":28,"column":4},"end":{"line":28,"column":5}},"loc":{"start":{"line":28,"column":44},"end":{"line":31,"column":5}},"line":28},"6":{"name":"(anonymous_6)","decl":{"start":{"line":33,"column":4},"end":{"line":33,"column":5}},"loc":{"start":{"line":33,"column":41},"end":{"line":36,"column":5}},"line":33},"7":{"name":"(anonymous_7)","decl":{"start":{"line":38,"column":4},"end":{"line":38,"column":5}},"loc":{"start":{"line":38,"column":36},"end":{"line":41,"column":5}},"line":38},"8":{"name":"(anonymous_8)","decl":{"start":{"line":43,"column":4},"end":{"line":43,"column":5}},"loc":{"start":{"line":43,"column":49},"end":{"line":46,"column":5}},"line":43},"9":{"name":"(anonymous_9)","decl":{"start":{"line":48,"column":4},"end":{"line":48,"column":5}},"loc":{"start":{"line":48,"column":33},"end":{"line":51,"column":5}},"line":48},"10":{"name":"(anonymous_10)","decl":{"start":{"line":53,"column":4},"end":{"line":53,"column":5}},"loc":{"start":{"line":53,"column":68},"end":{"line":82,"column":5}},"line":53},"11":{"name":"(anonymous_11)","decl":{"start":{"line":84,"column":4},"end":{"line":84,"column":5}},"loc":{"start":{"line":84,"column":64},"end":{"line":120,"column":5}},"line":84},"12":{"name":"(anonymous_12)","decl":{"start":{"line":122,"column":4},"end":{"line":122,"column":5}},"loc":{"start":{"line":122,"column":39},"end":{"line":126,"column":5}},"line":122},"13":{"name":"(anonymous_13)","decl":{"start":{"line":128,"column":4},"end":{"line":128,"column":5}},"loc":{"start":{"line":128,"column":58},"end":{"line":146,"column":5}},"line":128},"14":{"name":"(anonymous_14)","decl":{"start":{"line":148,"column":4},"end":{"line":148,"column":5}},"loc":{"start":{"line":148,"column":54},"end":{"line":174,"column":5}},"line":148},"15":{"name":"(anonymous_15)","decl":{"start":{"line":176,"column":4},"end":{"line":176,"column":5}},"loc":{"start":{"line":176,"column":55},"end":{"line":179,"column":5}},"line":176}},"branchMap":{"0":{"loc":{"start":{"line":65,"column":8},"end":{"line":68,"column":9}},"type":"if","locations":[{"start":{"line":65,"column":8},"end":{"line":68,"column":9}},{"start":{"line":65,"column":8},"end":{"line":68,"column":9}}],"line":65},"1":{"loc":{"start":{"line":74,"column":8},"end":{"line":76,"column":9}},"type":"if","locations":[{"start":{"line":74,"column":8},"end":{"line":76,"column":9}},{"start":{"line":74,"column":8},"end":{"line":76,"column":9}}],"line":74},"2":{"loc":{"start":{"line":77,"column":8},"end":{"line":79,"column":9}},"type":"if","locations":[{"start":{"line":77,"column":8},"end":{"line":79,"column":9}},{"start":{"line":77,"column":8},"end":{"line":79,"column":9}}],"line":77},"3":{"loc":{"start":{"line":96,"column":8},"end":{"line":99,"column":9}},"type":"if","locations":[{"start":{"line":96,"column":8},"end":{"line":99,"column":9}},{"start":{"line":96,"column":8},"end":{"line":99,"column":9}}],"line":96},"4":{"loc":{"start":{"line":105,"column":8},"end":{"line":107,"column":9}},"type":"if","locations":[{"start":{"line":105,"column":8},"end":{"line":107,"column":9}},{"start":{"line":105,"column":8},"end":{"line":107,"column":9}}],"line":105},"5":{"loc":{"start":{"line":108,"column":8},"end":{"line":110,"column":9}},"type":"if","locations":[{"start":{"line":108,"column":8},"end":{"line":110,"column":9}},{"start":{"line":108,"column":8},"end":{"line":110,"column":9}}],"line":108},"6":{"loc":{"start":{"line":134,"column":8},"end":{"line":137,"column":9}},"type":"if","locations":[{"start":{"line":134,"column":8},"end":{"line":137,"column":9}},{"start":{"line":134,"column":8},"end":{"line":137,"column":9}}],"line":134},"7":{"loc":{"start":{"line":139,"column":8},"end":{"line":141,"column":9}},"type":"if","locations":[{"start":{"line":139,"column":8},"end":{"line":141,"column":9}},{"start":{"line":139,"column":8},"end":{"line":141,"column":9}}],"line":139},"8":{"loc":{"start":{"line":142,"column":8},"end":{"line":144,"column":9}},"type":"if","locations":[{"start":{"line":142,"column":8},"end":{"line":144,"column":9}},{"start":{"line":142,"column":8},"end":{"line":144,"column":9}}],"line":142},"9":{"loc":{"start":{"line":154,"column":8},"end":{"line":157,"column":9}},"type":"if","locations":[{"start":{"line":154,"column":8},"end":{"line":157,"column":9}},{"start":{"line":154,"column":8},"end":{"line":157,"column":9}}],"line":154},"10":{"loc":{"start":{"line":159,"column":8},"end":{"line":161,"column":9}},"type":"if","locations":[{"start":{"line":159,"column":8},"end":{"line":161,"column":9}},{"start":{"line":159,"column":8},"end":{"line":161,"column":9}}],"line":159},"11":{"loc":{"start":{"line":162,"column":8},"end":{"line":164,"column":9}},"type":"if","locations":[{"start":{"line":162,"column":8},"end":{"line":164,"column":9}},{"start":{"line":162,"column":8},"end":{"line":164,"column":9}}],"line":162}},"s":{"0":1,"1":1,"2":1,"3":1,"4":1,"5":1,"6":1,"7":1,"8":1,"9":1,"10":1,"11":1,"12":1,"13":1,"14":1,"15":1,"16":1,"17":1,"18":1,"19":1,"20":0,"21":0,"22":0,"23":0,"24":0,"25":0,"26":0,"27":0,"28":0,"29":0,"30":1,"31":1,"32":0,"33":1,"34":1,"35":1,"36":1,"37":0,"38":1,"39":1,"40":1,"41":0,"42":0,"43":0,"44":0,"45":0,"46":0,"47":0,"48":0,"49":0,"50":0,"51":0,"52":1,"53":1,"54":0,"55":1,"56":1,"57":1,"58":1,"59":0,"60":1,"61":1,"62":1,"63":1,"64":1},"f":{"0":1,"1":1,"2":1,"3":1,"4":1,"5":1,"6":1,"7":1,"8":1,"9":1,"10":0,"11":1,"12":0,"13":0,"14":1,"15":1},"b":{"0":[0,0],"1":[0,0],"2":[0,0],"3":[0,1],"4":[1,0],"5":[0,1],"6":[0,0],"7":[0,0],"8":[0,0],"9":[0,1],"10":[1,0],"11":[0,1]},"_coverageSchema":"43e27e138ebf9cfc5966b082cf9a028302ed4184","hash":"9d28c7b917379ce72385d76cbe95abe4f1cdf017","contentHash":"4b28ec692ab75e2822b795c32143241e7d95f7327b9c69ec896b66adfa87f431"},"/home/aspl/snap/skype/common/riya/avyantra_backend_service/spec/unit/resHelper-spec.js":{"path":"/home/aspl/snap/skype/common/riya/avyantra_backend_service/spec/unit/resHelper-spec.js","statementMap":{"0":{"start":{"line":1,"column":12},"end":{"line":1,"column":39}},"1":{"start":{"line":3,"column":0},"end":{"line":65,"column":2}},"2":{"start":{"line":4,"column":4},"end":{"line":16,"column":6}},"3":{"start":{"line":5,"column":8},"end":{"line":11,"column":9}},"4":{"start":{"line":12,"column":21},"end":{"line":12,"column":145}},"5":{"start":{"line":15,"column":8},"end":{"line":15,"column":15}},"6":{"start":{"line":17,"column":4},"end":{"line":28,"column":7}},"7":{"start":{"line":18,"column":8},"end":{"line":24,"column":9}},"8":{"start":{"line":25,"column":21},"end":{"line":25,"column":137}},"9":{"start":{"line":27,"column":8},"end":{"line":27,"column":15}},"10":{"start":{"line":29,"column":4},"end":{"line":40,"column":6}},"11":{"start":{"line":30,"column":8},"end":{"line":36,"column":9}},"12":{"start":{"line":37,"column":21},"end":{"line":37,"column":131}},"13":{"start":{"line":39,"column":8},"end":{"line":39,"column":15}},"14":{"start":{"line":41,"column":4},"end":{"line":52,"column":6}},"15":{"start":{"line":42,"column":8},"end":{"line":48,"column":9}},"16":{"start":{"line":49,"column":21},"end":{"line":49,"column":133}},"17":{"start":{"line":51,"column":8},"end":{"line":51,"column":15}},"18":{"start":{"line":53,"column":4},"end":{"line":64,"column":6}},"19":{"start":{"line":54,"column":8},"end":{"line":60,"column":9}},"20":{"start":{"line":61,"column":21},"end":{"line":61,"column":113}},"21":{"start":{"line":63,"column":8},"end":{"line":63,"column":15}}},"fnMap":{"0":{"name":"(anonymous_0)","decl":{"start":{"line":3,"column":31},"end":{"line":3,"column":32}},"loc":{"start":{"line":3,"column":37},"end":{"line":65,"column":1}},"line":3},"1":{"name":"(anonymous_1)","decl":{"start":{"line":4,"column":36},"end":{"line":4,"column":37}},"loc":{"start":{"line":4,"column":46},"end":{"line":16,"column":5}},"line":4},"2":{"name":"(anonymous_2)","decl":{"start":{"line":17,"column":28},"end":{"line":17,"column":29}},"loc":{"start":{"line":17,"column":38},"end":{"line":28,"column":5}},"line":17},"3":{"name":"(anonymous_3)","decl":{"start":{"line":29,"column":26},"end":{"line":29,"column":27}},"loc":{"start":{"line":29,"column":36},"end":{"line":40,"column":5}},"line":29},"4":{"name":"(anonymous_4)","decl":{"start":{"line":41,"column":24},"end":{"line":41,"column":25}},"loc":{"start":{"line":41,"column":34},"end":{"line":52,"column":5}},"line":41},"5":{"name":"(anonymous_5)","decl":{"start":{"line":53,"column":23},"end":{"line":53,"column":24}},"loc":{"start":{"line":53,"column":33},"end":{"line":64,"column":5}},"line":53}},"branchMap":{},"s":{"0":1,"1":1,"2":1,"3":1,"4":1,"5":1,"6":1,"7":1,"8":1,"9":1,"10":1,"11":1,"12":1,"13":1,"14":1,"15":1,"16":1,"17":1,"18":1,"19":1,"20":1,"21":1},"f":{"0":1,"1":1,"2":1,"3":1,"4":1,"5":1},"b":{},"_coverageSchema":"43e27e138ebf9cfc5966b082cf9a028302ed4184","hash":"d5df1b7bf6198ef9c2064e5d92e127d464c3d6a4","contentHash":"c31bb9eccc08fb644ef8b2b3959b4182f7190e015009be9703aca998f17dc349"}}