{"/home/aspl/Desktop/15_nov_node/avyantra_backend_service/spec/unit/hospitalBranchController-spec.js":{"path":"/home/aspl/Desktop/15_nov_node/avyantra_backend_service/spec/unit/hospitalBranchController-spec.js","statementMap":{"0":{"start":{"line":1,"column":23},"end":{"line":1,"column":49}},"1":{"start":{"line":2,"column":33},"end":{"line":2,"column":86}},"2":{"start":{"line":3,"column":22},"end":{"line":3,"column":48}},"3":{"start":{"line":8,"column":0},"end":{"line":422,"column":2}},"4":{"start":{"line":10,"column":4},"end":{"line":38,"column":7}},"5":{"start":{"line":11,"column":18},"end":{"line":11,"column":43}},"6":{"start":{"line":12,"column":18},"end":{"line":23,"column":9}},"7":{"start":{"line":25,"column":18},"end":{"line":27,"column":9}},"8":{"start":{"line":29,"column":21},"end":{"line":29,"column":44}},"9":{"start":{"line":31,"column":8},"end":{"line":31,"column":29}},"10":{"start":{"line":32,"column":8},"end":{"line":32,"column":68}},"11":{"start":{"line":33,"column":8},"end":{"line":36,"column":10}},"12":{"start":{"line":34,"column":12},"end":{"line":34,"column":37}},"13":{"start":{"line":35,"column":12},"end":{"line":35,"column":18}},"14":{"start":{"line":40,"column":4},"end":{"line":73,"column":7}},"15":{"start":{"line":41,"column":18},"end":{"line":41,"column":79}},"16":{"start":{"line":42,"column":18},"end":{"line":53,"column":9}},"17":{"start":{"line":55,"column":18},"end":{"line":57,"column":9}},"18":{"start":{"line":58,"column":21},"end":{"line":62,"column":10}},"19":{"start":{"line":60,"column":16},"end":{"line":60,"column":46}},"20":{"start":{"line":63,"column":8},"end":{"line":63,"column":29}},"21":{"start":{"line":64,"column":8},"end":{"line":64,"column":57}},"22":{"start":{"line":65,"column":8},"end":{"line":71,"column":10}},"23":{"start":{"line":67,"column":12},"end":{"line":70,"column":14}},"24":{"start":{"line":68,"column":16},"end":{"line":68,"column":39}},"25":{"start":{"line":69,"column":16},"end":{"line":69,"column":22}},"26":{"start":{"line":75,"column":4},"end":{"line":118,"column":7}},"27":{"start":{"line":76,"column":18},"end":{"line":76,"column":61}},"28":{"start":{"line":77,"column":18},"end":{"line":88,"column":9}},"29":{"start":{"line":90,"column":18},"end":{"line":92,"column":9}},"30":{"start":{"line":93,"column":21},"end":{"line":98,"column":11}},"31":{"start":{"line":100,"column":8},"end":{"line":100,"column":29}},"32":{"start":{"line":101,"column":8},"end":{"line":101,"column":69}},"33":{"start":{"line":102,"column":8},"end":{"line":105,"column":10}},"34":{"start":{"line":103,"column":12},"end":{"line":103,"column":45}},"35":{"start":{"line":104,"column":12},"end":{"line":104,"column":18}},"36":{"start":{"line":107,"column":22},"end":{"line":109,"column":10}},"37":{"start":{"line":111,"column":8},"end":{"line":111,"column":30}},"38":{"start":{"line":112,"column":8},"end":{"line":112,"column":69}},"39":{"start":{"line":113,"column":8},"end":{"line":116,"column":10}},"40":{"start":{"line":114,"column":12},"end":{"line":114,"column":42}},"41":{"start":{"line":115,"column":12},"end":{"line":115,"column":18}},"42":{"start":{"line":120,"column":4},"end":{"line":146,"column":7}},"43":{"start":{"line":121,"column":18},"end":{"line":121,"column":43}},"44":{"start":{"line":122,"column":18},"end":{"line":133,"column":9}},"45":{"start":{"line":135,"column":18},"end":{"line":137,"column":9}},"46":{"start":{"line":138,"column":21},"end":{"line":138,"column":44}},"47":{"start":{"line":139,"column":8},"end":{"line":139,"column":29}},"48":{"start":{"line":140,"column":8},"end":{"line":140,"column":66}},"49":{"start":{"line":141,"column":8},"end":{"line":144,"column":10}},"50":{"start":{"line":142,"column":12},"end":{"line":142,"column":37}},"51":{"start":{"line":143,"column":12},"end":{"line":143,"column":18}},"52":{"start":{"line":149,"column":4},"end":{"line":183,"column":7}},"53":{"start":{"line":150,"column":18},"end":{"line":150,"column":61}},"54":{"start":{"line":151,"column":18},"end":{"line":162,"column":9}},"55":{"start":{"line":164,"column":18},"end":{"line":166,"column":9}},"56":{"start":{"line":167,"column":21},"end":{"line":167,"column":46}},"57":{"start":{"line":168,"column":8},"end":{"line":168,"column":29}},"58":{"start":{"line":169,"column":8},"end":{"line":169,"column":54}},"59":{"start":{"line":170,"column":8},"end":{"line":173,"column":10}},"60":{"start":{"line":171,"column":12},"end":{"line":171,"column":40}},"61":{"start":{"line":172,"column":12},"end":{"line":172,"column":18}},"62":{"start":{"line":175,"column":22},"end":{"line":175,"column":41}},"63":{"start":{"line":176,"column":8},"end":{"line":176,"column":30}},"64":{"start":{"line":177,"column":8},"end":{"line":177,"column":54}},"65":{"start":{"line":178,"column":8},"end":{"line":181,"column":10}},"66":{"start":{"line":179,"column":12},"end":{"line":179,"column":39}},"67":{"start":{"line":180,"column":12},"end":{"line":180,"column":18}},"68":{"start":{"line":185,"column":4},"end":{"line":212,"column":7}},"69":{"start":{"line":186,"column":18},"end":{"line":186,"column":79}},"70":{"start":{"line":187,"column":18},"end":{"line":198,"column":9}},"71":{"start":{"line":200,"column":18},"end":{"line":202,"column":9}},"72":{"start":{"line":203,"column":21},"end":{"line":203,"column":44}},"73":{"start":{"line":204,"column":8},"end":{"line":204,"column":29}},"74":{"start":{"line":205,"column":8},"end":{"line":205,"column":73}},"75":{"start":{"line":206,"column":8},"end":{"line":209,"column":10}},"76":{"start":{"line":207,"column":12},"end":{"line":207,"column":37}},"77":{"start":{"line":208,"column":12},"end":{"line":208,"column":18}},"78":{"start":{"line":214,"column":4},"end":{"line":249,"column":7}},"79":{"start":{"line":215,"column":18},"end":{"line":215,"column":67}},"80":{"start":{"line":216,"column":18},"end":{"line":227,"column":9}},"81":{"start":{"line":229,"column":18},"end":{"line":231,"column":9}},"82":{"start":{"line":232,"column":21},"end":{"line":232,"column":46}},"83":{"start":{"line":233,"column":8},"end":{"line":233,"column":29}},"84":{"start":{"line":234,"column":8},"end":{"line":234,"column":60}},"85":{"start":{"line":235,"column":8},"end":{"line":238,"column":10}},"86":{"start":{"line":236,"column":12},"end":{"line":236,"column":40}},"87":{"start":{"line":237,"column":12},"end":{"line":237,"column":18}},"88":{"start":{"line":240,"column":22},"end":{"line":240,"column":41}},"89":{"start":{"line":241,"column":8},"end":{"line":241,"column":30}},"90":{"start":{"line":242,"column":8},"end":{"line":242,"column":60}},"91":{"start":{"line":243,"column":8},"end":{"line":246,"column":10}},"92":{"start":{"line":244,"column":12},"end":{"line":244,"column":39}},"93":{"start":{"line":245,"column":12},"end":{"line":245,"column":18}},"94":{"start":{"line":252,"column":4},"end":{"line":278,"column":7}},"95":{"start":{"line":253,"column":18},"end":{"line":253,"column":43}},"96":{"start":{"line":254,"column":18},"end":{"line":265,"column":9}},"97":{"start":{"line":267,"column":18},"end":{"line":269,"column":9}},"98":{"start":{"line":270,"column":21},"end":{"line":270,"column":44}},"99":{"start":{"line":271,"column":8},"end":{"line":271,"column":29}},"100":{"start":{"line":272,"column":8},"end":{"line":272,"column":75}},"101":{"start":{"line":273,"column":8},"end":{"line":276,"column":10}},"102":{"start":{"line":274,"column":12},"end":{"line":274,"column":37}},"103":{"start":{"line":275,"column":12},"end":{"line":275,"column":18}},"104":{"start":{"line":280,"column":4},"end":{"line":313,"column":7}},"105":{"start":{"line":281,"column":18},"end":{"line":281,"column":84}},"106":{"start":{"line":282,"column":18},"end":{"line":293,"column":9}},"107":{"start":{"line":295,"column":18},"end":{"line":297,"column":9}},"108":{"start":{"line":298,"column":21},"end":{"line":302,"column":10}},"109":{"start":{"line":300,"column":16},"end":{"line":300,"column":46}},"110":{"start":{"line":303,"column":8},"end":{"line":303,"column":29}},"111":{"start":{"line":304,"column":8},"end":{"line":304,"column":63}},"112":{"start":{"line":305,"column":8},"end":{"line":311,"column":10}},"113":{"start":{"line":307,"column":12},"end":{"line":310,"column":14}},"114":{"start":{"line":308,"column":16},"end":{"line":308,"column":39}},"115":{"start":{"line":309,"column":16},"end":{"line":309,"column":22}},"116":{"start":{"line":316,"column":4},"end":{"line":342,"column":7}},"117":{"start":{"line":317,"column":18},"end":{"line":317,"column":84}},"118":{"start":{"line":318,"column":18},"end":{"line":329,"column":9}},"119":{"start":{"line":331,"column":18},"end":{"line":333,"column":9}},"120":{"start":{"line":334,"column":21},"end":{"line":334,"column":44}},"121":{"start":{"line":335,"column":8},"end":{"line":335,"column":29}},"122":{"start":{"line":336,"column":8},"end":{"line":336,"column":80}},"123":{"start":{"line":337,"column":8},"end":{"line":340,"column":10}},"124":{"start":{"line":338,"column":12},"end":{"line":338,"column":37}},"125":{"start":{"line":339,"column":12},"end":{"line":339,"column":18}},"126":{"start":{"line":344,"column":4},"end":{"line":370,"column":7}},"127":{"start":{"line":345,"column":18},"end":{"line":345,"column":43}},"128":{"start":{"line":346,"column":18},"end":{"line":357,"column":9}},"129":{"start":{"line":359,"column":18},"end":{"line":361,"column":9}},"130":{"start":{"line":362,"column":21},"end":{"line":362,"column":44}},"131":{"start":{"line":363,"column":8},"end":{"line":363,"column":29}},"132":{"start":{"line":364,"column":8},"end":{"line":364,"column":70}},"133":{"start":{"line":365,"column":8},"end":{"line":368,"column":10}},"134":{"start":{"line":366,"column":12},"end":{"line":366,"column":37}},"135":{"start":{"line":367,"column":12},"end":{"line":367,"column":18}},"136":{"start":{"line":372,"column":4},"end":{"line":420,"column":7}},"137":{"start":{"line":373,"column":18},"end":{"line":373,"column":73}},"138":{"start":{"line":374,"column":19},"end":{"line":374,"column":63}},"139":{"start":{"line":375,"column":18},"end":{"line":386,"column":9}},"140":{"start":{"line":388,"column":18},"end":{"line":390,"column":9}},"141":{"start":{"line":391,"column":21},"end":{"line":395,"column":10}},"142":{"start":{"line":393,"column":16},"end":{"line":393,"column":46}},"143":{"start":{"line":397,"column":22},"end":{"line":402,"column":10}},"144":{"start":{"line":400,"column":16},"end":{"line":400,"column":46}},"145":{"start":{"line":404,"column":8},"end":{"line":404,"column":29}},"146":{"start":{"line":405,"column":8},"end":{"line":405,"column":31}},"147":{"start":{"line":407,"column":8},"end":{"line":407,"column":73}},"148":{"start":{"line":409,"column":8},"end":{"line":414,"column":10}},"149":{"start":{"line":410,"column":12},"end":{"line":412,"column":14}},"150":{"start":{"line":411,"column":16},"end":{"line":411,"column":39}},"151":{"start":{"line":413,"column":12},"end":{"line":413,"column":18}},"152":{"start":{"line":415,"column":8},"end":{"line":418,"column":10}},"153":{"start":{"line":416,"column":12},"end":{"line":416,"column":42}},"154":{"start":{"line":417,"column":12},"end":{"line":417,"column":18}}},"fnMap":{"0":{"name":"(anonymous_0)","decl":{"start":{"line":8,"column":37},"end":{"line":8,"column":38}},"loc":{"start":{"line":8,"column":43},"end":{"line":422,"column":1}},"line":8},"1":{"name":"(anonymous_1)","decl":{"start":{"line":10,"column":37},"end":{"line":10,"column":38}},"loc":{"start":{"line":10,"column":47},"end":{"line":38,"column":5}},"line":10},"2":{"name":"(anonymous_2)","decl":{"start":{"line":26,"column":18},"end":{"line":26,"column":19}},"loc":{"start":{"line":26,"column":24},"end":{"line":26,"column":27}},"line":26},"3":{"name":"(anonymous_3)","decl":{"start":{"line":33,"column":24},"end":{"line":33,"column":25}},"loc":{"start":{"line":33,"column":34},"end":{"line":36,"column":9}},"line":33},"4":{"name":"(anonymous_4)","decl":{"start":{"line":40,"column":26},"end":{"line":40,"column":27}},"loc":{"start":{"line":40,"column":36},"end":{"line":73,"column":5}},"line":40},"5":{"name":"(anonymous_5)","decl":{"start":{"line":56,"column":18},"end":{"line":56,"column":19}},"loc":{"start":{"line":56,"column":24},"end":{"line":56,"column":27}},"line":56},"6":{"name":"(anonymous_6)","decl":{"start":{"line":59,"column":21},"end":{"line":59,"column":22}},"loc":{"start":{"line":59,"column":27},"end":{"line":61,"column":13}},"line":59},"7":{"name":"(anonymous_7)","decl":{"start":{"line":65,"column":24},"end":{"line":65,"column":25}},"loc":{"start":{"line":65,"column":34},"end":{"line":71,"column":9}},"line":65},"8":{"name":"(anonymous_8)","decl":{"start":{"line":67,"column":32},"end":{"line":67,"column":33}},"loc":{"start":{"line":67,"column":40},"end":{"line":70,"column":13}},"line":67},"9":{"name":"(anonymous_9)","decl":{"start":{"line":75,"column":38},"end":{"line":75,"column":39}},"loc":{"start":{"line":75,"column":48},"end":{"line":118,"column":5}},"line":75},"10":{"name":"(anonymous_10)","decl":{"start":{"line":91,"column":18},"end":{"line":91,"column":19}},"loc":{"start":{"line":91,"column":24},"end":{"line":91,"column":27}},"line":91},"11":{"name":"(anonymous_11)","decl":{"start":{"line":102,"column":24},"end":{"line":102,"column":25}},"loc":{"start":{"line":102,"column":34},"end":{"line":105,"column":9}},"line":102},"12":{"name":"(anonymous_12)","decl":{"start":{"line":113,"column":24},"end":{"line":113,"column":25}},"loc":{"start":{"line":113,"column":34},"end":{"line":116,"column":9}},"line":113},"13":{"name":"(anonymous_13)","decl":{"start":{"line":120,"column":35},"end":{"line":120,"column":36}},"loc":{"start":{"line":120,"column":45},"end":{"line":146,"column":5}},"line":120},"14":{"name":"(anonymous_14)","decl":{"start":{"line":136,"column":18},"end":{"line":136,"column":19}},"loc":{"start":{"line":136,"column":24},"end":{"line":136,"column":27}},"line":136},"15":{"name":"(anonymous_15)","decl":{"start":{"line":141,"column":24},"end":{"line":141,"column":25}},"loc":{"start":{"line":141,"column":34},"end":{"line":144,"column":9}},"line":141},"16":{"name":"(anonymous_16)","decl":{"start":{"line":149,"column":23},"end":{"line":149,"column":24}},"loc":{"start":{"line":149,"column":33},"end":{"line":183,"column":5}},"line":149},"17":{"name":"(anonymous_17)","decl":{"start":{"line":165,"column":18},"end":{"line":165,"column":19}},"loc":{"start":{"line":165,"column":24},"end":{"line":165,"column":27}},"line":165},"18":{"name":"(anonymous_18)","decl":{"start":{"line":170,"column":24},"end":{"line":170,"column":25}},"loc":{"start":{"line":170,"column":34},"end":{"line":173,"column":9}},"line":170},"19":{"name":"(anonymous_19)","decl":{"start":{"line":178,"column":24},"end":{"line":178,"column":25}},"loc":{"start":{"line":178,"column":34},"end":{"line":181,"column":9}},"line":178},"20":{"name":"(anonymous_20)","decl":{"start":{"line":185,"column":42},"end":{"line":185,"column":43}},"loc":{"start":{"line":185,"column":52},"end":{"line":212,"column":5}},"line":185},"21":{"name":"(anonymous_21)","decl":{"start":{"line":201,"column":18},"end":{"line":201,"column":19}},"loc":{"start":{"line":201,"column":24},"end":{"line":201,"column":27}},"line":201},"22":{"name":"(anonymous_22)","decl":{"start":{"line":206,"column":24},"end":{"line":206,"column":25}},"loc":{"start":{"line":206,"column":34},"end":{"line":209,"column":9}},"line":206},"23":{"name":"(anonymous_23)","decl":{"start":{"line":214,"column":29},"end":{"line":214,"column":30}},"loc":{"start":{"line":214,"column":39},"end":{"line":249,"column":5}},"line":214},"24":{"name":"(anonymous_24)","decl":{"start":{"line":230,"column":18},"end":{"line":230,"column":19}},"loc":{"start":{"line":230,"column":24},"end":{"line":230,"column":27}},"line":230},"25":{"name":"(anonymous_25)","decl":{"start":{"line":235,"column":24},"end":{"line":235,"column":25}},"loc":{"start":{"line":235,"column":34},"end":{"line":238,"column":9}},"line":235},"26":{"name":"(anonymous_26)","decl":{"start":{"line":243,"column":24},"end":{"line":243,"column":25}},"loc":{"start":{"line":243,"column":34},"end":{"line":246,"column":9}},"line":243},"27":{"name":"(anonymous_27)","decl":{"start":{"line":252,"column":44},"end":{"line":252,"column":45}},"loc":{"start":{"line":252,"column":54},"end":{"line":278,"column":5}},"line":252},"28":{"name":"(anonymous_28)","decl":{"start":{"line":268,"column":18},"end":{"line":268,"column":19}},"loc":{"start":{"line":268,"column":24},"end":{"line":268,"column":27}},"line":268},"29":{"name":"(anonymous_29)","decl":{"start":{"line":273,"column":24},"end":{"line":273,"column":25}},"loc":{"start":{"line":273,"column":34},"end":{"line":276,"column":9}},"line":273},"30":{"name":"(anonymous_30)","decl":{"start":{"line":280,"column":32},"end":{"line":280,"column":33}},"loc":{"start":{"line":280,"column":42},"end":{"line":313,"column":5}},"line":280},"31":{"name":"(anonymous_31)","decl":{"start":{"line":296,"column":18},"end":{"line":296,"column":19}},"loc":{"start":{"line":296,"column":24},"end":{"line":296,"column":27}},"line":296},"32":{"name":"(anonymous_32)","decl":{"start":{"line":299,"column":21},"end":{"line":299,"column":22}},"loc":{"start":{"line":299,"column":27},"end":{"line":301,"column":13}},"line":299},"33":{"name":"(anonymous_33)","decl":{"start":{"line":305,"column":24},"end":{"line":305,"column":25}},"loc":{"start":{"line":305,"column":34},"end":{"line":311,"column":9}},"line":305},"34":{"name":"(anonymous_34)","decl":{"start":{"line":307,"column":32},"end":{"line":307,"column":33}},"loc":{"start":{"line":307,"column":40},"end":{"line":310,"column":13}},"line":307},"35":{"name":"(anonymous_35)","decl":{"start":{"line":316,"column":49},"end":{"line":316,"column":50}},"loc":{"start":{"line":316,"column":59},"end":{"line":342,"column":5}},"line":316},"36":{"name":"(anonymous_36)","decl":{"start":{"line":332,"column":18},"end":{"line":332,"column":19}},"loc":{"start":{"line":332,"column":24},"end":{"line":332,"column":27}},"line":332},"37":{"name":"(anonymous_37)","decl":{"start":{"line":337,"column":24},"end":{"line":337,"column":25}},"loc":{"start":{"line":337,"column":34},"end":{"line":340,"column":9}},"line":337},"38":{"name":"(anonymous_38)","decl":{"start":{"line":344,"column":39},"end":{"line":344,"column":40}},"loc":{"start":{"line":344,"column":49},"end":{"line":370,"column":5}},"line":344},"39":{"name":"(anonymous_39)","decl":{"start":{"line":360,"column":18},"end":{"line":360,"column":19}},"loc":{"start":{"line":360,"column":24},"end":{"line":360,"column":27}},"line":360},"40":{"name":"(anonymous_40)","decl":{"start":{"line":365,"column":24},"end":{"line":365,"column":25}},"loc":{"start":{"line":365,"column":34},"end":{"line":368,"column":9}},"line":365},"41":{"name":"(anonymous_41)","decl":{"start":{"line":372,"column":42},"end":{"line":372,"column":43}},"loc":{"start":{"line":372,"column":52},"end":{"line":420,"column":5}},"line":372},"42":{"name":"(anonymous_42)","decl":{"start":{"line":389,"column":18},"end":{"line":389,"column":19}},"loc":{"start":{"line":389,"column":24},"end":{"line":389,"column":27}},"line":389},"43":{"name":"(anonymous_43)","decl":{"start":{"line":392,"column":18},"end":{"line":392,"column":19}},"loc":{"start":{"line":392,"column":24},"end":{"line":394,"column":13}},"line":392},"44":{"name":"(anonymous_44)","decl":{"start":{"line":399,"column":18},"end":{"line":399,"column":19}},"loc":{"start":{"line":399,"column":24},"end":{"line":401,"column":13}},"line":399},"45":{"name":"(anonymous_45)","decl":{"start":{"line":409,"column":24},"end":{"line":409,"column":25}},"loc":{"start":{"line":409,"column":34},"end":{"line":414,"column":9}},"line":409},"46":{"name":"(anonymous_46)","decl":{"start":{"line":410,"column":29},"end":{"line":410,"column":30}},"loc":{"start":{"line":410,"column":37},"end":{"line":412,"column":13}},"line":410},"47":{"name":"(anonymous_47)","decl":{"start":{"line":415,"column":25},"end":{"line":415,"column":26}},"loc":{"start":{"line":415,"column":33},"end":{"line":418,"column":9}},"line":415}},"branchMap":{},"s":{"0":1,"1":1,"2":1,"3":1,"4":1,"5":1,"6":1,"7":1,"8":1,"9":1,"10":1,"11":1,"12":1,"13":1,"14":1,"15":1,"16":1,"17":1,"18":1,"19":2,"20":1,"21":1,"22":1,"23":1,"24":1,"25":1,"26":1,"27":1,"28":1,"29":1,"30":1,"31":1,"32":1,"33":1,"34":1,"35":1,"36":1,"37":1,"38":1,"39":1,"40":1,"41":1,"42":1,"43":1,"44":1,"45":1,"46":1,"47":1,"48":1,"49":1,"50":1,"51":1,"52":1,"53":1,"54":1,"55":1,"56":1,"57":1,"58":1,"59":1,"60":1,"61":1,"62":1,"63":1,"64":1,"65":1,"66":1,"67":1,"68":1,"69":1,"70":1,"71":1,"72":1,"73":1,"74":1,"75":1,"76":1,"77":1,"78":1,"79":1,"80":1,"81":1,"82":1,"83":1,"84":1,"85":1,"86":1,"87":1,"88":1,"89":1,"90":1,"91":1,"92":1,"93":1,"94":1,"95":1,"96":1,"97":1,"98":1,"99":1,"100":1,"101":1,"102":1,"103":1,"104":1,"105":1,"106":1,"107":1,"108":1,"109":2,"110":1,"111":1,"112":1,"113":1,"114":1,"115":1,"116":1,"117":1,"118":1,"119":1,"120":1,"121":1,"122":1,"123":1,"124":1,"125":1,"126":1,"127":1,"128":1,"129":1,"130":1,"131":1,"132":1,"133":1,"134":1,"135":1,"136":1,"137":1,"138":1,"139":1,"140":1,"141":1,"142":2,"143":1,"144":0,"145":1,"146":1,"147":1,"148":1,"149":1,"150":1,"151":1,"152":1,"153":1,"154":1},"f":{"0":1,"1":1,"2":1,"3":1,"4":1,"5":1,"6":2,"7":1,"8":1,"9":1,"10":1,"11":1,"12":1,"13":1,"14":1,"15":1,"16":1,"17":0,"18":1,"19":1,"20":1,"21":0,"22":1,"23":1,"24":0,"25":1,"26":1,"27":1,"28":1,"29":1,"30":1,"31":1,"32":2,"33":1,"34":1,"35":1,"36":0,"37":1,"38":1,"39":1,"40":1,"41":1,"42":0,"43":2,"44":0,"45":1,"46":1,"47":1},"b":{},"_coverageSchema":"43e27e138ebf9cfc5966b082cf9a028302ed4184","hash":"f1bed1cfde9ea8fe959cd06a48323363af038e12","contentHash":"57850e0731e79aef5d470db934e49098d2adc0e5d59e75ec54f29010fcad2f62"},"/home/aspl/Desktop/15_nov_node/avyantra_backend_service/sequelize.js":{"path":"/home/aspl/Desktop/15_nov_node/avyantra_backend_service/sequelize.js","statementMap":{"0":{"start":{"line":2,"column":18},"end":{"line":2,"column":38}},"1":{"start":{"line":4,"column":16},"end":{"line":4,"column":43}},"2":{"start":{"line":5,"column":22},"end":{"line":5,"column":55}},"3":{"start":{"line":6,"column":14},"end":{"line":6,"column":39}},"4":{"start":{"line":7,"column":16},"end":{"line":7,"column":43}},"5":{"start":{"line":8,"column":17},"end":{"line":8,"column":45}},"6":{"start":{"line":9,"column":20},"end":{"line":9,"column":51}},"7":{"start":{"line":10,"column":18},"end":{"line":10,"column":47}},"8":{"start":{"line":11,"column":16},"end":{"line":11,"column":43}},"9":{"start":{"line":12,"column":17},"end":{"line":12,"column":45}},"10":{"start":{"line":13,"column":19},"end":{"line":13,"column":49}},"11":{"start":{"line":14,"column":24},"end":{"line":14,"column":59}},"12":{"start":{"line":15,"column":27},"end":{"line":15,"column":65}},"13":{"start":{"line":16,"column":17},"end":{"line":16,"column":45}},"14":{"start":{"line":17,"column":16},"end":{"line":17,"column":43}},"15":{"start":{"line":18,"column":23},"end":{"line":18,"column":53}},"16":{"start":{"line":19,"column":19},"end":{"line":19,"column":43}},"17":{"start":{"line":20,"column":24},"end":{"line":20,"column":57}},"18":{"start":{"line":21,"column":30},"end":{"line":21,"column":65}},"19":{"start":{"line":22,"column":19},"end":{"line":22,"column":44}},"20":{"start":{"line":23,"column":24},"end":{"line":23,"column":53}},"21":{"start":{"line":24,"column":25},"end":{"line":24,"column":55}},"22":{"start":{"line":25,"column":20},"end":{"line":25,"column":45}},"23":{"start":{"line":26,"column":29},"end":{"line":26,"column":63}},"24":{"start":{"line":27,"column":41},"end":{"line":27,"column":87}},"25":{"start":{"line":28,"column":36},"end":{"line":28,"column":77}},"26":{"start":{"line":29,"column":37},"end":{"line":29,"column":83}},"27":{"start":{"line":30,"column":31},"end":{"line":30,"column":70}},"28":{"start":{"line":31,"column":25},"end":{"line":31,"column":55}},"29":{"start":{"line":32,"column":22},"end":{"line":32,"column":55}},"30":{"start":{"line":33,"column":30},"end":{"line":33,"column":65}},"31":{"start":{"line":34,"column":33},"end":{"line":34,"column":71}},"32":{"start":{"line":35,"column":22},"end":{"line":35,"column":49}},"33":{"start":{"line":36,"column":38},"end":{"line":36,"column":81}},"34":{"start":{"line":37,"column":31},"end":{"line":37,"column":67}},"35":{"start":{"line":38,"column":28},"end":{"line":38,"column":62}},"36":{"start":{"line":46,"column":18},"end":{"line":51,"column":4}},"37":{"start":{"line":53,"column":19},"end":{"line":53,"column":48}},"38":{"start":{"line":55,"column":25},"end":{"line":55,"column":60}},"39":{"start":{"line":56,"column":17},"end":{"line":56,"column":44}},"40":{"start":{"line":57,"column":19},"end":{"line":57,"column":48}},"41":{"start":{"line":58,"column":20},"end":{"line":58,"column":50}},"42":{"start":{"line":59,"column":23},"end":{"line":59,"column":56}},"43":{"start":{"line":60,"column":21},"end":{"line":60,"column":52}},"44":{"start":{"line":61,"column":19},"end":{"line":61,"column":48}},"45":{"start":{"line":62,"column":20},"end":{"line":62,"column":50}},"46":{"start":{"line":63,"column":20},"end":{"line":63,"column":50}},"47":{"start":{"line":64,"column":22},"end":{"line":64,"column":54}},"48":{"start":{"line":65,"column":27},"end":{"line":65,"column":64}},"49":{"start":{"line":66,"column":30},"end":{"line":66,"column":70}},"50":{"start":{"line":67,"column":20},"end":{"line":67,"column":55}},"51":{"start":{"line":68,"column":16},"end":{"line":68,"column":47}},"52":{"start":{"line":69,"column":21},"end":{"line":69,"column":57}},"53":{"start":{"line":70,"column":16},"end":{"line":70,"column":47}},"54":{"start":{"line":71,"column":34},"end":{"line":71,"column":83}},"55":{"start":{"line":72,"column":27},"end":{"line":72,"column":69}},"56":{"start":{"line":73,"column":21},"end":{"line":73,"column":57}},"57":{"start":{"line":74,"column":21},"end":{"line":74,"column":58}},"58":{"start":{"line":75,"column":25},"end":{"line":75,"column":66}},"59":{"start":{"line":76,"column":37},"end":{"line":76,"column":90}},"60":{"start":{"line":77,"column":32},"end":{"line":77,"column":80}},"61":{"start":{"line":78,"column":17},"end":{"line":78,"column":49}},"62":{"start":{"line":79,"column":28},"end":{"line":79,"column":71}},"63":{"start":{"line":80,"column":22},"end":{"line":80,"column":59}},"64":{"start":{"line":81,"column":25},"end":{"line":81,"column":59}},"65":{"start":{"line":82,"column":27},"end":{"line":82,"column":69}},"66":{"start":{"line":83,"column":30},"end":{"line":83,"column":75}},"67":{"start":{"line":84,"column":19},"end":{"line":84,"column":53}},"68":{"start":{"line":85,"column":35},"end":{"line":85,"column":85}},"69":{"start":{"line":86,"column":27},"end":{"line":86,"column":70}},"70":{"start":{"line":87,"column":25},"end":{"line":87,"column":66}},"71":{"start":{"line":88,"column":0},"end":{"line":90,"column":3}},"72":{"start":{"line":92,"column":0},"end":{"line":128,"column":2}}},"fnMap":{"0":{"name":"(anonymous_0)","decl":{"start":{"line":88,"column":22},"end":{"line":88,"column":23}},"loc":{"start":{"line":88,"column":28},"end":{"line":88,"column":30}},"line":88},"1":{"name":"(anonymous_1)","decl":{"start":{"line":88,"column":40},"end":{"line":88,"column":41}},"loc":{"start":{"line":88,"column":46},"end":{"line":90,"column":1}},"line":88}},"branchMap":{},"s":{"0":1,"1":1,"2":1,"3":1,"4":1,"5":1,"6":1,"7":1,"8":1,"9":1,"10":1,"11":1,"12":1,"13":1,"14":1,"15":1,"16":1,"17":1,"18":1,"19":1,"20":1,"21":1,"22":1,"23":1,"24":1,"25":1,"26":1,"27":1,"28":1,"29":1,"30":1,"31":1,"32":1,"33":1,"34":1,"35":1,"36":1,"37":1,"38":1,"39":1,"40":1,"41":1,"42":1,"43":1,"44":1,"45":1,"46":1,"47":1,"48":1,"49":1,"50":1,"51":1,"52":1,"53":1,"54":1,"55":1,"56":1,"57":1,"58":1,"59":1,"60":1,"61":1,"62":1,"63":1,"64":1,"65":1,"66":1,"67":1,"68":1,"69":1,"70":1,"71":1,"72":1},"f":{"0":0,"1":0},"b":{},"_coverageSchema":"43e27e138ebf9cfc5966b082cf9a028302ed4184","hash":"87377c864394f23f4541ee9597476f2a7efb4133","contentHash":"134d5fc8181fe2e29547cf92dbd40c77e16808b54135df34bcd47465ea1aebe3"},"/home/aspl/Desktop/15_nov_node/avyantra_backend_service/models/patient.js":{"path":"/home/aspl/Desktop/15_nov_node/avyantra_backend_service/models/patient.js","statementMap":{"0":{"start":{"line":1,"column":20},"end":{"line":1,"column":46}},"1":{"start":{"line":2,"column":0},"end":{"line":15,"column":2}},"2":{"start":{"line":3,"column":2},"end":{"line":14,"column":5}}},"fnMap":{"0":{"name":"(anonymous_0)","decl":{"start":{"line":2,"column":17},"end":{"line":2,"column":18}},"loc":{"start":{"line":2,"column":38},"end":{"line":15,"column":1}},"line":2}},"branchMap":{},"s":{"0":1,"1":1,"2":1},"f":{"0":1},"b":{},"_coverageSchema":"43e27e138ebf9cfc5966b082cf9a028302ed4184","hash":"263b353cce62622cc60b581a07f835c8bc399699","contentHash":"8d336609da8bff257a72201eb1b6b7819c118cd8faca85bbab117baee42701e3"},"/home/aspl/Desktop/15_nov_node/avyantra_backend_service/config/table.js":{"path":"/home/aspl/Desktop/15_nov_node/avyantra_backend_service/config/table.js","statementMap":{"0":{"start":{"line":1,"column":0},"end":{"line":37,"column":4}}},"fnMap":{},"branchMap":{},"s":{"0":1},"f":{},"b":{},"_coverageSchema":"43e27e138ebf9cfc5966b082cf9a028302ed4184","hash":"c5d3f616338ad1a2dde889371c86d69a43f4e0e3","contentHash":"c75f4c4f710f230a0813df2de24e91cffcaaf37c7e35894bed99396992bd4931"},"/home/aspl/Desktop/15_nov_node/avyantra_backend_service/models/patient_level.js":{"path":"/home/aspl/Desktop/15_nov_node/avyantra_backend_service/models/patient_level.js","statementMap":{"0":{"start":{"line":1,"column":20},"end":{"line":1,"column":46}},"1":{"start":{"line":3,"column":0},"end":{"line":16,"column":2}},"2":{"start":{"line":4,"column":2},"end":{"line":15,"column":5}}},"fnMap":{"0":{"name":"(anonymous_0)","decl":{"start":{"line":3,"column":17},"end":{"line":3,"column":18}},"loc":{"start":{"line":3,"column":38},"end":{"line":16,"column":1}},"line":3}},"branchMap":{},"s":{"0":1,"1":1,"2":1},"f":{"0":1},"b":{},"_coverageSchema":"43e27e138ebf9cfc5966b082cf9a028302ed4184","hash":"54ab6eb914544b40663edb3eb4bb9e3768270df4","contentHash":"cf7626a6fdf4984469e1b52844c595309414c4b27cd736ec4c08630b8d617bc9"},"/home/aspl/Desktop/15_nov_node/avyantra_backend_service/models/basic.js":{"path":"/home/aspl/Desktop/15_nov_node/avyantra_backend_service/models/basic.js","statementMap":{"0":{"start":{"line":2,"column":20},"end":{"line":2,"column":46}},"1":{"start":{"line":4,"column":0},"end":{"line":27,"column":2}},"2":{"start":{"line":5,"column":2},"end":{"line":26,"column":5}}},"fnMap":{"0":{"name":"(anonymous_0)","decl":{"start":{"line":4,"column":17},"end":{"line":4,"column":18}},"loc":{"start":{"line":4,"column":38},"end":{"line":27,"column":1}},"line":4}},"branchMap":{},"s":{"0":1,"1":1,"2":1},"f":{"0":1},"b":{},"_coverageSchema":"43e27e138ebf9cfc5966b082cf9a028302ed4184","hash":"57c7b9f736179788c6f7a09d6801ada2b1defc4f","contentHash":"7eea635f18f827f10f3b8a8be761b8afebb788d7c892e2215b369c49c49c8924"},"/home/aspl/Desktop/15_nov_node/avyantra_backend_service/models/general.js":{"path":"/home/aspl/Desktop/15_nov_node/avyantra_backend_service/models/general.js","statementMap":{"0":{"start":{"line":2,"column":20},"end":{"line":2,"column":46}},"1":{"start":{"line":4,"column":0},"end":{"line":57,"column":2}},"2":{"start":{"line":5,"column":2},"end":{"line":56,"column":5}}},"fnMap":{"0":{"name":"(anonymous_0)","decl":{"start":{"line":4,"column":17},"end":{"line":4,"column":18}},"loc":{"start":{"line":4,"column":38},"end":{"line":57,"column":1}},"line":4}},"branchMap":{},"s":{"0":1,"1":1,"2":1},"f":{"0":1},"b":{},"_coverageSchema":"43e27e138ebf9cfc5966b082cf9a028302ed4184","hash":"6263dd0d968516a0d9a8a63e98f900cd3e641d67","contentHash":"397392e7ea21d20c783aa7c4467f0288184bf574dd3379c2fe4b71fec4ac555a"},"/home/aspl/Desktop/15_nov_node/avyantra_backend_service/models/maternal.js":{"path":"/home/aspl/Desktop/15_nov_node/avyantra_backend_service/models/maternal.js","statementMap":{"0":{"start":{"line":2,"column":20},"end":{"line":2,"column":46}},"1":{"start":{"line":4,"column":0},"end":{"line":51,"column":2}},"2":{"start":{"line":5,"column":2},"end":{"line":50,"column":4}}},"fnMap":{"0":{"name":"(anonymous_0)","decl":{"start":{"line":4,"column":17},"end":{"line":4,"column":18}},"loc":{"start":{"line":4,"column":38},"end":{"line":51,"column":1}},"line":4}},"branchMap":{},"s":{"0":1,"1":1,"2":1},"f":{"0":1},"b":{},"_coverageSchema":"43e27e138ebf9cfc5966b082cf9a028302ed4184","hash":"ef6f48921034d2f171151b98d9a4148924b50976","contentHash":"5f70b339246bd5b71651e923d1c0d5f5060501785b7b819299a231aad8f5bc42"},"/home/aspl/Desktop/15_nov_node/avyantra_backend_service/models/baby_appear.js":{"path":"/home/aspl/Desktop/15_nov_node/avyantra_backend_service/models/baby_appear.js","statementMap":{"0":{"start":{"line":2,"column":20},"end":{"line":2,"column":46}},"1":{"start":{"line":4,"column":0},"end":{"line":35,"column":2}},"2":{"start":{"line":5,"column":2},"end":{"line":34,"column":5}}},"fnMap":{"0":{"name":"(anonymous_0)","decl":{"start":{"line":4,"column":17},"end":{"line":4,"column":18}},"loc":{"start":{"line":4,"column":38},"end":{"line":35,"column":1}},"line":4}},"branchMap":{},"s":{"0":1,"1":1,"2":1},"f":{"0":1},"b":{},"_coverageSchema":"43e27e138ebf9cfc5966b082cf9a028302ed4184","hash":"7bb1f68a99a693bb7dc9ecaf695472309611dbed","contentHash":"fd246ab0febef63c609011092d6ced543d361e721143ceab771af9afc85be8c4"},"/home/aspl/Desktop/15_nov_node/avyantra_backend_service/models/baby_resp.js":{"path":"/home/aspl/Desktop/15_nov_node/avyantra_backend_service/models/baby_resp.js","statementMap":{"0":{"start":{"line":2,"column":20},"end":{"line":2,"column":46}},"1":{"start":{"line":4,"column":0},"end":{"line":31,"column":2}},"2":{"start":{"line":5,"column":2},"end":{"line":30,"column":5}}},"fnMap":{"0":{"name":"(anonymous_0)","decl":{"start":{"line":4,"column":17},"end":{"line":4,"column":18}},"loc":{"start":{"line":4,"column":38},"end":{"line":31,"column":1}},"line":4}},"branchMap":{},"s":{"0":1,"1":1,"2":1},"f":{"0":1},"b":{},"_coverageSchema":"43e27e138ebf9cfc5966b082cf9a028302ed4184","hash":"a16ab5e64f6e5a341448f708478a9dcf52586e59","contentHash":"b87788ca5b22c8dc7b52aefcfb31b3d69f897ea97c8d3268d246c5c2d7755eaf"},"/home/aspl/Desktop/15_nov_node/avyantra_backend_service/models/baby_cv.js":{"path":"/home/aspl/Desktop/15_nov_node/avyantra_backend_service/models/baby_cv.js","statementMap":{"0":{"start":{"line":1,"column":20},"end":{"line":1,"column":46}},"1":{"start":{"line":2,"column":0},"end":{"line":27,"column":2}},"2":{"start":{"line":3,"column":1},"end":{"line":26,"column":4}}},"fnMap":{"0":{"name":"(anonymous_0)","decl":{"start":{"line":2,"column":17},"end":{"line":2,"column":18}},"loc":{"start":{"line":2,"column":38},"end":{"line":27,"column":1}},"line":2}},"branchMap":{},"s":{"0":1,"1":1,"2":1},"f":{"0":1},"b":{},"_coverageSchema":"43e27e138ebf9cfc5966b082cf9a028302ed4184","hash":"6193461bf94b770288ad5db7999b206af612a88c","contentHash":"10f078a973ddf39b81068290b6fea1ae81772e94354949932c085e84ede6518e"},"/home/aspl/Desktop/15_nov_node/avyantra_backend_service/models/baby_cns.js":{"path":"/home/aspl/Desktop/15_nov_node/avyantra_backend_service/models/baby_cns.js","statementMap":{"0":{"start":{"line":1,"column":20},"end":{"line":1,"column":46}},"1":{"start":{"line":2,"column":0},"end":{"line":17,"column":2}},"2":{"start":{"line":3,"column":2},"end":{"line":16,"column":5}}},"fnMap":{"0":{"name":"(anonymous_0)","decl":{"start":{"line":2,"column":17},"end":{"line":2,"column":18}},"loc":{"start":{"line":2,"column":38},"end":{"line":17,"column":1}},"line":2}},"branchMap":{},"s":{"0":1,"1":1,"2":1},"f":{"0":1},"b":{},"_coverageSchema":"43e27e138ebf9cfc5966b082cf9a028302ed4184","hash":"cfaf722b6664b5d4a55ecf8bd6d7ad5facf60970","contentHash":"8d964cadf526cfa82c600c7f5fc8518dce6f762bb962ae09063c5103f7df3f4f"},"/home/aspl/Desktop/15_nov_node/avyantra_backend_service/models/baby_final.js":{"path":"/home/aspl/Desktop/15_nov_node/avyantra_backend_service/models/baby_final.js","statementMap":{"0":{"start":{"line":1,"column":20},"end":{"line":1,"column":46}},"1":{"start":{"line":2,"column":0},"end":{"line":34,"column":2}},"2":{"start":{"line":3,"column":2},"end":{"line":33,"column":5}}},"fnMap":{"0":{"name":"(anonymous_0)","decl":{"start":{"line":2,"column":17},"end":{"line":2,"column":18}},"loc":{"start":{"line":2,"column":38},"end":{"line":34,"column":1}},"line":2}},"branchMap":{},"s":{"0":1,"1":1,"2":1},"f":{"0":1},"b":{},"_coverageSchema":"43e27e138ebf9cfc5966b082cf9a028302ed4184","hash":"066a6f501638a5665e36e9325f7118f3c0f94890","contentHash":"613c634123bd0adfb5b177b697cdeb9459fed8f390962a49cf67ce9a2166e708"},"/home/aspl/Desktop/15_nov_node/avyantra_backend_service/models/baby_antibiotic.js":{"path":"/home/aspl/Desktop/15_nov_node/avyantra_backend_service/models/baby_antibiotic.js","statementMap":{"0":{"start":{"line":1,"column":20},"end":{"line":1,"column":46}},"1":{"start":{"line":2,"column":0},"end":{"line":23,"column":2}},"2":{"start":{"line":3,"column":2},"end":{"line":22,"column":5}}},"fnMap":{"0":{"name":"(anonymous_0)","decl":{"start":{"line":2,"column":17},"end":{"line":2,"column":18}},"loc":{"start":{"line":2,"column":38},"end":{"line":23,"column":1}},"line":2}},"branchMap":{},"s":{"0":1,"1":1,"2":1},"f":{"0":1},"b":{},"_coverageSchema":"43e27e138ebf9cfc5966b082cf9a028302ed4184","hash":"660d028d8271c7f9bc7cc1cc635925ce96e14630","contentHash":"e24db97f62eb2c78b5cc3906fa9dfa6a29ff3bc420acde82792639ee04c2b68e"},"/home/aspl/Desktop/15_nov_node/avyantra_backend_service/models/baby_investigation.js":{"path":"/home/aspl/Desktop/15_nov_node/avyantra_backend_service/models/baby_investigation.js","statementMap":{"0":{"start":{"line":1,"column":20},"end":{"line":1,"column":46}},"1":{"start":{"line":2,"column":0},"end":{"line":54,"column":2}},"2":{"start":{"line":3,"column":2},"end":{"line":53,"column":5}}},"fnMap":{"0":{"name":"(anonymous_0)","decl":{"start":{"line":2,"column":17},"end":{"line":2,"column":18}},"loc":{"start":{"line":2,"column":38},"end":{"line":54,"column":1}},"line":2}},"branchMap":{},"s":{"0":1,"1":1,"2":1},"f":{"0":1},"b":{},"_coverageSchema":"43e27e138ebf9cfc5966b082cf9a028302ed4184","hash":"89ef14d74e8a49c9f408b1023fd144d72f9bd705","contentHash":"429f5bcd401e8e6540a90f9bae01441d66e66f0887ff279beec9f2ef7005b48b"},"/home/aspl/Desktop/15_nov_node/avyantra_backend_service/models/baby_git.js":{"path":"/home/aspl/Desktop/15_nov_node/avyantra_backend_service/models/baby_git.js","statementMap":{"0":{"start":{"line":1,"column":20},"end":{"line":1,"column":46}},"1":{"start":{"line":2,"column":0},"end":{"line":19,"column":2}},"2":{"start":{"line":3,"column":2},"end":{"line":18,"column":5}}},"fnMap":{"0":{"name":"(anonymous_0)","decl":{"start":{"line":2,"column":17},"end":{"line":2,"column":18}},"loc":{"start":{"line":2,"column":38},"end":{"line":19,"column":1}},"line":2}},"branchMap":{},"s":{"0":1,"1":1,"2":1},"f":{"0":1},"b":{},"_coverageSchema":"43e27e138ebf9cfc5966b082cf9a028302ed4184","hash":"e047952007cb1c8b691e433f87b13eb79066a2b7","contentHash":"6b5023486d1d767ae3cf23f0cba3486939ea7785c625986d762942376f3fd62e"},"/home/aspl/Desktop/15_nov_node/avyantra_backend_service/config/setting.js":{"path":"/home/aspl/Desktop/15_nov_node/avyantra_backend_service/config/setting.js","statementMap":{"0":{"start":{"line":1,"column":0},"end":{"line":14,"column":2}}},"fnMap":{},"branchMap":{},"s":{"0":1},"f":{},"b":{},"_coverageSchema":"43e27e138ebf9cfc5966b082cf9a028302ed4184","hash":"7703e6c6cfbf797d2656d89e156ea6e61b28fad2","contentHash":"d151b9e74dedb99cab7427d8d2e913a69e8c0dabc977249109b96e40abf277de"},"/home/aspl/Desktop/15_nov_node/avyantra_backend_service/models/m_hospital.js":{"path":"/home/aspl/Desktop/15_nov_node/avyantra_backend_service/models/m_hospital.js","statementMap":{"0":{"start":{"line":1,"column":20},"end":{"line":1,"column":46}},"1":{"start":{"line":3,"column":0},"end":{"line":18,"column":1}},"2":{"start":{"line":4,"column":4},"end":{"line":17,"column":6}}},"fnMap":{"0":{"name":"(anonymous_0)","decl":{"start":{"line":3,"column":16},"end":{"line":3,"column":17}},"loc":{"start":{"line":3,"column":34},"end":{"line":18,"column":1}},"line":3}},"branchMap":{},"s":{"0":1,"1":1,"2":1},"f":{"0":1},"b":{},"_coverageSchema":"43e27e138ebf9cfc5966b082cf9a028302ed4184","hash":"0d0a4cbf3dcf3ff83b31d2c57f2dec7be6f8d45c","contentHash":"6ad0137581c44a3b4f6fbfc9b6a0512021500bbeef267d8ba1ff7a0b1d60795a"},"/home/aspl/Desktop/15_nov_node/avyantra_backend_service/models/user.js":{"path":"/home/aspl/Desktop/15_nov_node/avyantra_backend_service/models/user.js","statementMap":{"0":{"start":{"line":1,"column":20},"end":{"line":1,"column":46}},"1":{"start":{"line":3,"column":0},"end":{"line":27,"column":1}},"2":{"start":{"line":4,"column":4},"end":{"line":26,"column":6}}},"fnMap":{"0":{"name":"(anonymous_0)","decl":{"start":{"line":3,"column":16},"end":{"line":3,"column":17}},"loc":{"start":{"line":3,"column":34},"end":{"line":27,"column":1}},"line":3}},"branchMap":{},"s":{"0":1,"1":1,"2":1},"f":{"0":1},"b":{},"_coverageSchema":"43e27e138ebf9cfc5966b082cf9a028302ed4184","hash":"4c807eac6d9f4ce338ab31ea5181facddd4ada75","contentHash":"7944d52678ed6ae9ab21cdb775f6dd022789233adeca341b214c0d2d70bcdbf1"},"/home/aspl/Desktop/15_nov_node/avyantra_backend_service/models/map_user_role.js":{"path":"/home/aspl/Desktop/15_nov_node/avyantra_backend_service/models/map_user_role.js","statementMap":{"0":{"start":{"line":1,"column":20},"end":{"line":1,"column":46}},"1":{"start":{"line":3,"column":0},"end":{"line":18,"column":1}},"2":{"start":{"line":4,"column":4},"end":{"line":17,"column":6}}},"fnMap":{"0":{"name":"(anonymous_0)","decl":{"start":{"line":3,"column":16},"end":{"line":3,"column":17}},"loc":{"start":{"line":3,"column":34},"end":{"line":18,"column":1}},"line":3}},"branchMap":{},"s":{"0":1,"1":1,"2":1},"f":{"0":1},"b":{},"_coverageSchema":"43e27e138ebf9cfc5966b082cf9a028302ed4184","hash":"dbcdb9c9cbfc416c8a7e8c989c8e9f857afc621a","contentHash":"433f32a660122368994bb5195a4f527722b15a2a5b0c044623d1d507256a3c98"},"/home/aspl/Desktop/15_nov_node/avyantra_backend_service/models/hospital_branch.js":{"path":"/home/aspl/Desktop/15_nov_node/avyantra_backend_service/models/hospital_branch.js","statementMap":{"0":{"start":{"line":1,"column":20},"end":{"line":1,"column":46}},"1":{"start":{"line":3,"column":0},"end":{"line":20,"column":1}},"2":{"start":{"line":4,"column":4},"end":{"line":19,"column":6}}},"fnMap":{"0":{"name":"(anonymous_0)","decl":{"start":{"line":3,"column":16},"end":{"line":3,"column":17}},"loc":{"start":{"line":3,"column":34},"end":{"line":20,"column":1}},"line":3}},"branchMap":{},"s":{"0":1,"1":1,"2":1},"f":{"0":1},"b":{},"_coverageSchema":"43e27e138ebf9cfc5966b082cf9a028302ed4184","hash":"8dd103bc414fa7276a789996843d22497f94f4cd","contentHash":"1d999879f15b6a356652a1fc76cdba1979766517298e80517d7927f83a750425"},"/home/aspl/Desktop/15_nov_node/avyantra_backend_service/models/roles.js":{"path":"/home/aspl/Desktop/15_nov_node/avyantra_backend_service/models/roles.js","statementMap":{"0":{"start":{"line":1,"column":20},"end":{"line":1,"column":46}},"1":{"start":{"line":3,"column":0},"end":{"line":17,"column":1}},"2":{"start":{"line":4,"column":4},"end":{"line":16,"column":6}}},"fnMap":{"0":{"name":"(anonymous_0)","decl":{"start":{"line":3,"column":16},"end":{"line":3,"column":17}},"loc":{"start":{"line":3,"column":34},"end":{"line":17,"column":1}},"line":3}},"branchMap":{},"s":{"0":1,"1":1,"2":1},"f":{"0":1},"b":{},"_coverageSchema":"43e27e138ebf9cfc5966b082cf9a028302ed4184","hash":"3132c499009ec0d77b6db81f5e929cc8438014c6","contentHash":"01bb81787859c1a23ed5af1a158d747d17851bcb24eb060c6097f4710ff746d6"},"/home/aspl/Desktop/15_nov_node/avyantra_backend_service/models/user_type.js":{"path":"/home/aspl/Desktop/15_nov_node/avyantra_backend_service/models/user_type.js","statementMap":{"0":{"start":{"line":1,"column":20},"end":{"line":1,"column":46}},"1":{"start":{"line":3,"column":0},"end":{"line":12,"column":1}},"2":{"start":{"line":4,"column":4},"end":{"line":11,"column":6}}},"fnMap":{"0":{"name":"(anonymous_0)","decl":{"start":{"line":3,"column":16},"end":{"line":3,"column":17}},"loc":{"start":{"line":3,"column":34},"end":{"line":12,"column":1}},"line":3}},"branchMap":{},"s":{"0":1,"1":1,"2":1},"f":{"0":1},"b":{},"_coverageSchema":"43e27e138ebf9cfc5966b082cf9a028302ed4184","hash":"77c5f1a4e46f588d4dc4e143169760d6b8d1368c","contentHash":"9781c4c2f704832eaf419359e71088f15803d9a7baa10296e9ff115eafdc79b9"},"/home/aspl/Desktop/15_nov_node/avyantra_backend_service/models/speciality.js":{"path":"/home/aspl/Desktop/15_nov_node/avyantra_backend_service/models/speciality.js","statementMap":{"0":{"start":{"line":1,"column":20},"end":{"line":1,"column":46}},"1":{"start":{"line":3,"column":0},"end":{"line":17,"column":1}},"2":{"start":{"line":4,"column":4},"end":{"line":16,"column":6}}},"fnMap":{"0":{"name":"(anonymous_0)","decl":{"start":{"line":3,"column":16},"end":{"line":3,"column":17}},"loc":{"start":{"line":3,"column":34},"end":{"line":17,"column":1}},"line":3}},"branchMap":{},"s":{"0":1,"1":1,"2":1},"f":{"0":1},"b":{},"_coverageSchema":"43e27e138ebf9cfc5966b082cf9a028302ed4184","hash":"b20fbfc1f87fa28010c12989ea1b9f3ff0f41789","contentHash":"32166be23e3a6aac36076241a9536ae106a73171f3d7bcb99a0634fbc37cd1d0"},"/home/aspl/Desktop/15_nov_node/avyantra_backend_service/models/staff.js":{"path":"/home/aspl/Desktop/15_nov_node/avyantra_backend_service/models/staff.js","statementMap":{"0":{"start":{"line":1,"column":20},"end":{"line":1,"column":46}},"1":{"start":{"line":3,"column":0},"end":{"line":22,"column":1}},"2":{"start":{"line":4,"column":4},"end":{"line":21,"column":6}}},"fnMap":{"0":{"name":"(anonymous_0)","decl":{"start":{"line":3,"column":16},"end":{"line":3,"column":17}},"loc":{"start":{"line":3,"column":34},"end":{"line":22,"column":1}},"line":3}},"branchMap":{},"s":{"0":1,"1":1,"2":1},"f":{"0":1},"b":{},"_coverageSchema":"43e27e138ebf9cfc5966b082cf9a028302ed4184","hash":"8bcc1dcb6350e7e1404dfd0427f8fe2c4f7f8a6e","contentHash":"f41205ff56683ccf977a26b25ac612b49bfdf14d33126e5a1188d4d0a8c31307"},"/home/aspl/Desktop/15_nov_node/avyantra_backend_service/models/hospital_staff.js":{"path":"/home/aspl/Desktop/15_nov_node/avyantra_backend_service/models/hospital_staff.js","statementMap":{"0":{"start":{"line":1,"column":20},"end":{"line":1,"column":46}},"1":{"start":{"line":3,"column":0},"end":{"line":20,"column":1}},"2":{"start":{"line":4,"column":4},"end":{"line":19,"column":6}}},"fnMap":{"0":{"name":"(anonymous_0)","decl":{"start":{"line":3,"column":16},"end":{"line":3,"column":17}},"loc":{"start":{"line":3,"column":34},"end":{"line":20,"column":1}},"line":3}},"branchMap":{},"s":{"0":1,"1":1,"2":1},"f":{"0":1},"b":{},"_coverageSchema":"43e27e138ebf9cfc5966b082cf9a028302ed4184","hash":"bd3a52eef464f45af792d23f593256fef919f749","contentHash":"491fbddb4875e7e8edb578898290fb4dad6b1675c1fd28a9c6c633cdf7d0b651"},"/home/aspl/Desktop/15_nov_node/avyantra_backend_service/models/hospital_branch_speciality.js":{"path":"/home/aspl/Desktop/15_nov_node/avyantra_backend_service/models/hospital_branch_speciality.js","statementMap":{"0":{"start":{"line":1,"column":20},"end":{"line":1,"column":46}},"1":{"start":{"line":3,"column":0},"end":{"line":17,"column":1}},"2":{"start":{"line":4,"column":4},"end":{"line":16,"column":6}}},"fnMap":{"0":{"name":"(anonymous_0)","decl":{"start":{"line":3,"column":16},"end":{"line":3,"column":17}},"loc":{"start":{"line":3,"column":34},"end":{"line":17,"column":1}},"line":3}},"branchMap":{},"s":{"0":1,"1":1,"2":1},"f":{"0":1},"b":{},"_coverageSchema":"43e27e138ebf9cfc5966b082cf9a028302ed4184","hash":"44067b3250fefd9b945ce694dd95914d7595c608","contentHash":"988edcb73318ac9c8c283249517c73f95d77ab847a23227988d36dd02ca4a142"},"/home/aspl/Desktop/15_nov_node/avyantra_backend_service/models/hospital_branch_roles.js":{"path":"/home/aspl/Desktop/15_nov_node/avyantra_backend_service/models/hospital_branch_roles.js","statementMap":{"0":{"start":{"line":1,"column":20},"end":{"line":1,"column":46}},"1":{"start":{"line":3,"column":0},"end":{"line":17,"column":1}},"2":{"start":{"line":4,"column":4},"end":{"line":16,"column":6}}},"fnMap":{"0":{"name":"(anonymous_0)","decl":{"start":{"line":3,"column":16},"end":{"line":3,"column":17}},"loc":{"start":{"line":3,"column":34},"end":{"line":17,"column":1}},"line":3}},"branchMap":{},"s":{"0":1,"1":1,"2":1},"f":{"0":1},"b":{},"_coverageSchema":"43e27e138ebf9cfc5966b082cf9a028302ed4184","hash":"9c5208241bc9c2ee662ccb0228e6e94e0ca93cf2","contentHash":"b5e1a6af34d817cb22730db3db03fdbc313e2c292dd51cf3be4016bcf9e74a30"},"/home/aspl/Desktop/15_nov_node/avyantra_backend_service/models/map_user_module_permission.js":{"path":"/home/aspl/Desktop/15_nov_node/avyantra_backend_service/models/map_user_module_permission.js","statementMap":{"0":{"start":{"line":1,"column":20},"end":{"line":1,"column":46}},"1":{"start":{"line":3,"column":0},"end":{"line":19,"column":1}},"2":{"start":{"line":4,"column":4},"end":{"line":18,"column":6}}},"fnMap":{"0":{"name":"(anonymous_0)","decl":{"start":{"line":3,"column":16},"end":{"line":3,"column":17}},"loc":{"start":{"line":3,"column":34},"end":{"line":19,"column":1}},"line":3}},"branchMap":{},"s":{"0":1,"1":1,"2":1},"f":{"0":1},"b":{},"_coverageSchema":"43e27e138ebf9cfc5966b082cf9a028302ed4184","hash":"02bea207c1dddc577f3638f5fc297246a7107f83","contentHash":"62525acf5de43f1e782c6a18143b2c0a77d7018300af5ecce0468f9a5849801b"},"/home/aspl/Desktop/15_nov_node/avyantra_backend_service/models/map_user_permission.js":{"path":"/home/aspl/Desktop/15_nov_node/avyantra_backend_service/models/map_user_permission.js","statementMap":{"0":{"start":{"line":1,"column":20},"end":{"line":1,"column":46}},"1":{"start":{"line":3,"column":0},"end":{"line":18,"column":1}},"2":{"start":{"line":4,"column":4},"end":{"line":17,"column":6}}},"fnMap":{"0":{"name":"(anonymous_0)","decl":{"start":{"line":3,"column":16},"end":{"line":3,"column":17}},"loc":{"start":{"line":3,"column":34},"end":{"line":18,"column":1}},"line":3}},"branchMap":{},"s":{"0":1,"1":1,"2":1},"f":{"0":1},"b":{},"_coverageSchema":"43e27e138ebf9cfc5966b082cf9a028302ed4184","hash":"0860d4afb9197024e0a93389e803df74075e7384","contentHash":"168b015d2c2c592a762ba57515428bbf78cd5da60bd7f24cd6d456714a96ec9c"},"/home/aspl/Desktop/15_nov_node/avyantra_backend_service/models/permission.js":{"path":"/home/aspl/Desktop/15_nov_node/avyantra_backend_service/models/permission.js","statementMap":{"0":{"start":{"line":1,"column":20},"end":{"line":1,"column":46}},"1":{"start":{"line":3,"column":0},"end":{"line":16,"column":1}},"2":{"start":{"line":4,"column":4},"end":{"line":15,"column":6}}},"fnMap":{"0":{"name":"(anonymous_0)","decl":{"start":{"line":3,"column":16},"end":{"line":3,"column":17}},"loc":{"start":{"line":3,"column":34},"end":{"line":16,"column":1}},"line":3}},"branchMap":{},"s":{"0":1,"1":1,"2":1},"f":{"0":1},"b":{},"_coverageSchema":"43e27e138ebf9cfc5966b082cf9a028302ed4184","hash":"0cb8f40764abb768465cda3d71988a7239c6b70c","contentHash":"f43b24e7ce14419e88307188caefbf140363b426ee47a26ab5cbfb522507baaf"},"/home/aspl/Desktop/15_nov_node/avyantra_backend_service/models/patient_infos.js":{"path":"/home/aspl/Desktop/15_nov_node/avyantra_backend_service/models/patient_infos.js","statementMap":{"0":{"start":{"line":1,"column":20},"end":{"line":1,"column":46}},"1":{"start":{"line":2,"column":0},"end":{"line":26,"column":2}},"2":{"start":{"line":3,"column":2},"end":{"line":25,"column":5}}},"fnMap":{"0":{"name":"(anonymous_0)","decl":{"start":{"line":2,"column":17},"end":{"line":2,"column":18}},"loc":{"start":{"line":2,"column":38},"end":{"line":26,"column":1}},"line":2}},"branchMap":{},"s":{"0":1,"1":1,"2":1},"f":{"0":1},"b":{},"_coverageSchema":"43e27e138ebf9cfc5966b082cf9a028302ed4184","hash":"5872cab94691db1258b8f541503588a29b3e780e","contentHash":"60f0b9630dfe11d9dcd85d3a5a4208c49877ece431f0eb58e5f36c151f7d39db"},"/home/aspl/Desktop/15_nov_node/avyantra_backend_service/models/referral_doctor.js":{"path":"/home/aspl/Desktop/15_nov_node/avyantra_backend_service/models/referral_doctor.js","statementMap":{"0":{"start":{"line":1,"column":20},"end":{"line":1,"column":46}},"1":{"start":{"line":3,"column":0},"end":{"line":21,"column":1}},"2":{"start":{"line":4,"column":4},"end":{"line":20,"column":6}}},"fnMap":{"0":{"name":"(anonymous_0)","decl":{"start":{"line":3,"column":16},"end":{"line":3,"column":17}},"loc":{"start":{"line":3,"column":34},"end":{"line":21,"column":1}},"line":3}},"branchMap":{},"s":{"0":1,"1":1,"2":1},"f":{"0":1},"b":{},"_coverageSchema":"43e27e138ebf9cfc5966b082cf9a028302ed4184","hash":"68cf2bf6204dc45b31bb29bbbe47b99451252078","contentHash":"bb5c6548d39e31f7f962bfc6b49118763a4a2db2307a5fcde8169406565eba6f"},"/home/aspl/Desktop/15_nov_node/avyantra_backend_service/models/referral_hospitals.js":{"path":"/home/aspl/Desktop/15_nov_node/avyantra_backend_service/models/referral_hospitals.js","statementMap":{"0":{"start":{"line":1,"column":20},"end":{"line":1,"column":46}},"1":{"start":{"line":3,"column":0},"end":{"line":24,"column":1}},"2":{"start":{"line":4,"column":4},"end":{"line":23,"column":6}}},"fnMap":{"0":{"name":"(anonymous_0)","decl":{"start":{"line":3,"column":16},"end":{"line":3,"column":17}},"loc":{"start":{"line":3,"column":34},"end":{"line":24,"column":1}},"line":3}},"branchMap":{},"s":{"0":1,"1":1,"2":1},"f":{"0":1},"b":{},"_coverageSchema":"43e27e138ebf9cfc5966b082cf9a028302ed4184","hash":"ac36abca27c3fc24ea5ad5de97f5d2117c9b5bf5","contentHash":"dd64a6380efe2c1ad459c90b3ac3c9bdd7ff27cdba20c8c359ca344310ea0c44"},"/home/aspl/Desktop/15_nov_node/avyantra_backend_service/models/message.js":{"path":"/home/aspl/Desktop/15_nov_node/avyantra_backend_service/models/message.js","statementMap":{"0":{"start":{"line":1,"column":20},"end":{"line":1,"column":46}},"1":{"start":{"line":2,"column":0},"end":{"line":19,"column":2}},"2":{"start":{"line":3,"column":2},"end":{"line":18,"column":5}}},"fnMap":{"0":{"name":"(anonymous_0)","decl":{"start":{"line":2,"column":17},"end":{"line":2,"column":18}},"loc":{"start":{"line":2,"column":38},"end":{"line":19,"column":1}},"line":2}},"branchMap":{},"s":{"0":1,"1":1,"2":1},"f":{"0":1},"b":{},"_coverageSchema":"43e27e138ebf9cfc5966b082cf9a028302ed4184","hash":"fdd50026d53f89cd05d1043d5ba4713b261184e8","contentHash":"644881887c251b48d49ac9cbae637d4d0d4c88e7ac0aa08481f3c326148afce1"},"/home/aspl/Desktop/15_nov_node/avyantra_backend_service/models/staff_referral_hospital.js":{"path":"/home/aspl/Desktop/15_nov_node/avyantra_backend_service/models/staff_referral_hospital.js","statementMap":{"0":{"start":{"line":1,"column":20},"end":{"line":1,"column":46}},"1":{"start":{"line":3,"column":0},"end":{"line":19,"column":1}},"2":{"start":{"line":4,"column":4},"end":{"line":18,"column":6}}},"fnMap":{"0":{"name":"(anonymous_0)","decl":{"start":{"line":3,"column":16},"end":{"line":3,"column":17}},"loc":{"start":{"line":3,"column":34},"end":{"line":19,"column":1}},"line":3}},"branchMap":{},"s":{"0":1,"1":1,"2":1},"f":{"0":1},"b":{},"_coverageSchema":"43e27e138ebf9cfc5966b082cf9a028302ed4184","hash":"6a77cba7d03056107c2ee7b4820b8dfdabf5c81f","contentHash":"e572b085e41ac32804f705a3e3141a3601217d1d6939a6c7267c62b87537b468"},"/home/aspl/Desktop/15_nov_node/avyantra_backend_service/models/referral_opinion.js":{"path":"/home/aspl/Desktop/15_nov_node/avyantra_backend_service/models/referral_opinion.js","statementMap":{"0":{"start":{"line":1,"column":20},"end":{"line":1,"column":46}},"1":{"start":{"line":3,"column":0},"end":{"line":16,"column":1}},"2":{"start":{"line":4,"column":4},"end":{"line":15,"column":6}}},"fnMap":{"0":{"name":"(anonymous_0)","decl":{"start":{"line":3,"column":16},"end":{"line":3,"column":17}},"loc":{"start":{"line":3,"column":34},"end":{"line":16,"column":1}},"line":3}},"branchMap":{},"s":{"0":1,"1":1,"2":1},"f":{"0":1},"b":{},"_coverageSchema":"43e27e138ebf9cfc5966b082cf9a028302ed4184","hash":"09ed9fb9a0b5b121b47d857d1d1ca9cdc5e4717a","contentHash":"9e260cfb375fa071dfc6260221f9849500fb52f54182477b9e01c295acf33c9f"},"/home/aspl/Desktop/15_nov_node/avyantra_backend_service/models/referral_files.js":{"path":"/home/aspl/Desktop/15_nov_node/avyantra_backend_service/models/referral_files.js","statementMap":{"0":{"start":{"line":1,"column":20},"end":{"line":1,"column":46}},"1":{"start":{"line":3,"column":0},"end":{"line":16,"column":1}},"2":{"start":{"line":4,"column":4},"end":{"line":15,"column":6}}},"fnMap":{"0":{"name":"(anonymous_0)","decl":{"start":{"line":3,"column":16},"end":{"line":3,"column":17}},"loc":{"start":{"line":3,"column":34},"end":{"line":16,"column":1}},"line":3}},"branchMap":{},"s":{"0":1,"1":1,"2":1},"f":{"0":1},"b":{},"_coverageSchema":"43e27e138ebf9cfc5966b082cf9a028302ed4184","hash":"84569a289a22ab716a36a0543298f655b9f29eb8","contentHash":"9acd88e747decfbad7e24d055e2497223e2536d4e9e013385fde0ba30dd0e4db"},"/home/aspl/Desktop/15_nov_node/avyantra_backend_service/controllers/hospitalBranchController.js":{"path":"/home/aspl/Desktop/15_nov_node/avyantra_backend_service/controllers/hospitalBranchController.js","statementMap":{"0":{"start":{"line":1,"column":23},"end":{"line":1,"column":46}},"1":{"start":{"line":2,"column":27},"end":{"line":2,"column":61}},"2":{"start":{"line":3,"column":23},"end":{"line":3,"column":47}},"3":{"start":{"line":4,"column":17},"end":{"line":4,"column":46}},"4":{"start":{"line":5,"column":20},"end":{"line":5,"column":43}},"5":{"start":{"line":6,"column":15},"end":{"line":6,"column":42}},"6":{"start":{"line":7,"column":18},"end":{"line":7,"column":43}},"7":{"start":{"line":8,"column":19},"end":{"line":8,"column":40}},"8":{"start":{"line":9,"column":19},"end":{"line":9,"column":73}},"9":{"start":{"line":11,"column":0},"end":{"line":153,"column":1}},"10":{"start":{"line":12,"column":21},"end":{"line":12,"column":23}},"11":{"start":{"line":13,"column":17},"end":{"line":13,"column":19}},"12":{"start":{"line":14,"column":16},"end":{"line":14,"column":18}},"13":{"start":{"line":15,"column":4},"end":{"line":15,"column":61}},"14":{"start":{"line":16,"column":4},"end":{"line":16,"column":103}},"15":{"start":{"line":17,"column":4},"end":{"line":17,"column":125}},"16":{"start":{"line":18,"column":4},"end":{"line":152,"column":6}},"17":{"start":{"line":37,"column":8},"end":{"line":137,"column":9}},"18":{"start":{"line":38,"column":32},"end":{"line":42,"column":14}},"19":{"start":{"line":39,"column":16},"end":{"line":41,"column":17}},"20":{"start":{"line":40,"column":20},"end":{"line":40,"column":98}},"21":{"start":{"line":43,"column":31},"end":{"line":43,"column":104}},"22":{"start":{"line":43,"column":55},"end":{"line":43,"column":101}},"23":{"start":{"line":44,"column":29},"end":{"line":44,"column":122}},"24":{"start":{"line":44,"column":53},"end":{"line":44,"column":119}},"25":{"start":{"line":45,"column":27},"end":{"line":45,"column":128}},"26":{"start":{"line":45,"column":51},"end":{"line":45,"column":125}},"27":{"start":{"line":47,"column":12},"end":{"line":57,"column":13}},"28":{"start":{"line":48,"column":16},"end":{"line":48,"column":90}},"29":{"start":{"line":49,"column":19},"end":{"line":57,"column":13}},"30":{"start":{"line":50,"column":16},"end":{"line":50,"column":93}},"31":{"start":{"line":51,"column":19},"end":{"line":57,"column":13}},"32":{"start":{"line":52,"column":16},"end":{"line":52,"column":92}},"33":{"start":{"line":53,"column":19},"end":{"line":57,"column":13}},"34":{"start":{"line":54,"column":16},"end":{"line":54,"column":87}},"35":{"start":{"line":56,"column":16},"end":{"line":56,"column":80}},"36":{"start":{"line":59,"column":12},"end":{"line":136,"column":18}},"37":{"start":{"line":61,"column":20},"end":{"line":135,"column":21}},"38":{"start":{"line":62,"column":24},"end":{"line":62,"column":70}},"39":{"start":{"line":63,"column":24},"end":{"line":69,"column":26}},"40":{"start":{"line":64,"column":28},"end":{"line":66,"column":29}},"41":{"start":{"line":65,"column":32},"end":{"line":65,"column":82}},"42":{"start":{"line":68,"column":28},"end":{"line":68,"column":88}},"43":{"start":{"line":70,"column":24},"end":{"line":70,"column":77}},"44":{"start":{"line":71,"column":24},"end":{"line":134,"column":30}},"45":{"start":{"line":74,"column":32},"end":{"line":130,"column":33}},"46":{"start":{"line":76,"column":36},"end":{"line":129,"column":38}},"47":{"start":{"line":81,"column":40},"end":{"line":95,"column":42}},"48":{"start":{"line":82,"column":44},"end":{"line":93,"column":46}},"49":{"start":{"line":91,"column":48},"end":{"line":91,"column":124}},"50":{"start":{"line":96,"column":40},"end":{"line":127,"column":41}},"51":{"start":{"line":97,"column":62},"end":{"line":105,"column":46}},"52":{"start":{"line":107,"column":62},"end":{"line":119,"column":45}},"53":{"start":{"line":120,"column":44},"end":{"line":126,"column":47}},"54":{"start":{"line":121,"column":48},"end":{"line":125,"column":49}},"55":{"start":{"line":122,"column":52},"end":{"line":122,"column":88}},"56":{"start":{"line":124,"column":52},"end":{"line":124,"column":97}},"57":{"start":{"line":128,"column":40},"end":{"line":128,"column":115}},"58":{"start":{"line":133,"column":32},"end":{"line":133,"column":92}},"59":{"start":{"line":138,"column":8},"end":{"line":138,"column":21}},"60":{"start":{"line":149,"column":8},"end":{"line":149,"column":25}},"61":{"start":{"line":151,"column":8},"end":{"line":151,"column":68}},"62":{"start":{"line":155,"column":0},"end":{"line":177,"column":1}},"63":{"start":{"line":156,"column":17},"end":{"line":156,"column":45}},"64":{"start":{"line":157,"column":12},"end":{"line":157,"column":16}},"65":{"start":{"line":158,"column":0},"end":{"line":163,"column":1}},"66":{"start":{"line":159,"column":1},"end":{"line":159,"column":83}},"67":{"start":{"line":162,"column":4},"end":{"line":162,"column":82}},"68":{"start":{"line":164,"column":4},"end":{"line":176,"column":10}},"69":{"start":{"line":172,"column":8},"end":{"line":172,"column":66}},"70":{"start":{"line":175,"column":12},"end":{"line":175,"column":72}},"71":{"start":{"line":179,"column":0},"end":{"line":230,"column":1}},"72":{"start":{"line":180,"column":15},"end":{"line":180,"column":17}},"73":{"start":{"line":181,"column":27},"end":{"line":181,"column":29}},"74":{"start":{"line":182,"column":4},"end":{"line":182,"column":53}},"75":{"start":{"line":184,"column":4},"end":{"line":229,"column":6}},"76":{"start":{"line":189,"column":4},"end":{"line":225,"column":9}},"77":{"start":{"line":190,"column":8},"end":{"line":209,"column":10}},"78":{"start":{"line":196,"column":10},"end":{"line":208,"column":11}},"79":{"start":{"line":197,"column":12},"end":{"line":197,"column":72}},"80":{"start":{"line":199,"column":12},"end":{"line":199,"column":56}},"81":{"start":{"line":200,"column":12},"end":{"line":200,"column":64}},"82":{"start":{"line":201,"column":12},"end":{"line":201,"column":77}},"83":{"start":{"line":202,"column":12},"end":{"line":202,"column":45}},"84":{"start":{"line":203,"column":12},"end":{"line":203,"column":44}},"85":{"start":{"line":204,"column":12},"end":{"line":207,"column":14}},"86":{"start":{"line":206,"column":12},"end":{"line":206,"column":84}},"87":{"start":{"line":212,"column":12},"end":{"line":224,"column":14}},"88":{"start":{"line":213,"column":16},"end":{"line":223,"column":17}},"89":{"start":{"line":214,"column":20},"end":{"line":214,"column":61}},"90":{"start":{"line":215,"column":20},"end":{"line":215,"column":72}},"91":{"start":{"line":216,"column":20},"end":{"line":216,"column":85}},"92":{"start":{"line":217,"column":20},"end":{"line":217,"column":53}},"93":{"start":{"line":218,"column":20},"end":{"line":218,"column":52}},"94":{"start":{"line":219,"column":20},"end":{"line":222,"column":22}},"95":{"start":{"line":221,"column":24},"end":{"line":221,"column":96}},"96":{"start":{"line":228,"column":9},"end":{"line":228,"column":68}},"97":{"start":{"line":232,"column":0},"end":{"line":243,"column":1}},"98":{"start":{"line":233,"column":4},"end":{"line":242,"column":6}},"99":{"start":{"line":235,"column":8},"end":{"line":235,"column":31}},"100":{"start":{"line":238,"column":8},"end":{"line":238,"column":79}},"101":{"start":{"line":241,"column":8},"end":{"line":241,"column":67}},"102":{"start":{"line":245,"column":0},"end":{"line":258,"column":1}},"103":{"start":{"line":246,"column":16},"end":{"line":246,"column":82}},"104":{"start":{"line":247,"column":4},"end":{"line":257,"column":7}},"105":{"start":{"line":253,"column":8},"end":{"line":253,"column":66}},"106":{"start":{"line":256,"column":8},"end":{"line":256,"column":67}},"107":{"start":{"line":260,"column":0},"end":{"line":296,"column":1}},"108":{"start":{"line":261,"column":14},"end":{"line":261,"column":16}},"109":{"start":{"line":262,"column":27},"end":{"line":262,"column":29}},"110":{"start":{"line":264,"column":4},"end":{"line":269,"column":6}},"111":{"start":{"line":267,"column":8},"end":{"line":267,"column":29}},"112":{"start":{"line":268,"column":8},"end":{"line":268,"column":21}},"113":{"start":{"line":271,"column":4},"end":{"line":275,"column":28}},"114":{"start":{"line":277,"column":4},"end":{"line":295,"column":6}},"115":{"start":{"line":280,"column":8},"end":{"line":291,"column":9}},"116":{"start":{"line":281,"column":12},"end":{"line":281,"column":53}},"117":{"start":{"line":282,"column":12},"end":{"line":282,"column":64}},"118":{"start":{"line":283,"column":12},"end":{"line":283,"column":77}},"119":{"start":{"line":284,"column":12},"end":{"line":284,"column":45}},"120":{"start":{"line":285,"column":12},"end":{"line":285,"column":44}},"121":{"start":{"line":287,"column":12},"end":{"line":290,"column":14}},"122":{"start":{"line":289,"column":16},"end":{"line":289,"column":88}},"123":{"start":{"line":294,"column":8},"end":{"line":294,"column":67}},"124":{"start":{"line":298,"column":0},"end":{"line":352,"column":1}},"125":{"start":{"line":299,"column":20},"end":{"line":299,"column":22}},"126":{"start":{"line":300,"column":33},"end":{"line":300,"column":35}},"127":{"start":{"line":301,"column":4},"end":{"line":301,"column":69}},"128":{"start":{"line":302,"column":4},"end":{"line":351,"column":6}},"129":{"start":{"line":308,"column":8},"end":{"line":308,"column":17}},"130":{"start":{"line":309,"column":4},"end":{"line":347,"column":5}},"131":{"start":{"line":310,"column":7},"end":{"line":312,"column":8}},"132":{"start":{"line":311,"column":8},"end":{"line":311,"column":74}},"133":{"start":{"line":313,"column":8},"end":{"line":332,"column":5}},"134":{"start":{"line":319,"column":10},"end":{"line":331,"column":6}},"135":{"start":{"line":320,"column":12},"end":{"line":320,"column":78}},"136":{"start":{"line":322,"column":8},"end":{"line":322,"column":70}},"137":{"start":{"line":323,"column":8},"end":{"line":323,"column":66}},"138":{"start":{"line":324,"column":8},"end":{"line":324,"column":79}},"139":{"start":{"line":325,"column":8},"end":{"line":325,"column":47}},"140":{"start":{"line":326,"column":8},"end":{"line":326,"column":46}},"141":{"start":{"line":327,"column":8},"end":{"line":330,"column":10}},"142":{"start":{"line":329,"column":11},"end":{"line":329,"column":89}},"143":{"start":{"line":334,"column":8},"end":{"line":346,"column":10}},"144":{"start":{"line":335,"column":12},"end":{"line":345,"column":13}},"145":{"start":{"line":336,"column":8},"end":{"line":336,"column":67}},"146":{"start":{"line":337,"column":8},"end":{"line":337,"column":66}},"147":{"start":{"line":338,"column":8},"end":{"line":338,"column":79}},"148":{"start":{"line":339,"column":8},"end":{"line":339,"column":47}},"149":{"start":{"line":340,"column":8},"end":{"line":340,"column":46}},"150":{"start":{"line":341,"column":8},"end":{"line":344,"column":16}},"151":{"start":{"line":343,"column":13},"end":{"line":343,"column":91}},"152":{"start":{"line":350,"column":9},"end":{"line":350,"column":68}},"153":{"start":{"line":354,"column":0},"end":{"line":368,"column":1}},"154":{"start":{"line":355,"column":16},"end":{"line":355,"column":89}},"155":{"start":{"line":356,"column":4},"end":{"line":367,"column":10}},"156":{"start":{"line":363,"column":12},"end":{"line":363,"column":70}},"157":{"start":{"line":366,"column":12},"end":{"line":366,"column":72}},"158":{"start":{"line":370,"column":0},"end":{"line":381,"column":1}},"159":{"start":{"line":371,"column":4},"end":{"line":380,"column":6}},"160":{"start":{"line":373,"column":8},"end":{"line":373,"column":31}},"161":{"start":{"line":376,"column":8},"end":{"line":376,"column":79}},"162":{"start":{"line":379,"column":8},"end":{"line":379,"column":67}},"163":{"start":{"line":383,"column":0},"end":{"line":419,"column":1}},"164":{"start":{"line":384,"column":19},"end":{"line":384,"column":21}},"165":{"start":{"line":385,"column":33},"end":{"line":385,"column":35}},"166":{"start":{"line":387,"column":4},"end":{"line":392,"column":6}},"167":{"start":{"line":390,"column":8},"end":{"line":390,"column":29}},"168":{"start":{"line":391,"column":8},"end":{"line":391,"column":21}},"169":{"start":{"line":394,"column":4},"end":{"line":398,"column":45}},"170":{"start":{"line":400,"column":4},"end":{"line":418,"column":6}},"171":{"start":{"line":403,"column":8},"end":{"line":414,"column":9}},"172":{"start":{"line":404,"column":12},"end":{"line":404,"column":71}},"173":{"start":{"line":405,"column":12},"end":{"line":405,"column":70}},"174":{"start":{"line":406,"column":12},"end":{"line":406,"column":83}},"175":{"start":{"line":407,"column":12},"end":{"line":407,"column":51}},"176":{"start":{"line":408,"column":12},"end":{"line":408,"column":50}},"177":{"start":{"line":410,"column":12},"end":{"line":413,"column":14}},"178":{"start":{"line":412,"column":16},"end":{"line":412,"column":98}},"179":{"start":{"line":417,"column":8},"end":{"line":417,"column":67}},"180":{"start":{"line":421,"column":0},"end":{"line":433,"column":1}},"181":{"start":{"line":422,"column":16},"end":{"line":422,"column":84}},"182":{"start":{"line":423,"column":4},"end":{"line":432,"column":6}},"183":{"start":{"line":428,"column":9},"end":{"line":428,"column":67}},"184":{"start":{"line":431,"column":9},"end":{"line":431,"column":68}},"185":{"start":{"line":435,"column":0},"end":{"line":495,"column":1}},"186":{"start":{"line":436,"column":4},"end":{"line":494,"column":7}},"187":{"start":{"line":438,"column":6},"end":{"line":438,"column":45}},"188":{"start":{"line":439,"column":6},"end":{"line":439,"column":26}},"189":{"start":{"line":442,"column":22},"end":{"line":442,"column":72}},"190":{"start":{"line":443,"column":5},"end":{"line":443,"column":22}},"191":{"start":{"line":446,"column":8},"end":{"line":489,"column":11}},"192":{"start":{"line":458,"column":12},"end":{"line":488,"column":13}},"193":{"start":{"line":459,"column":36},"end":{"line":463,"column":18}},"194":{"start":{"line":460,"column":20},"end":{"line":462,"column":21}},"195":{"start":{"line":461,"column":24},"end":{"line":461,"column":101}},"196":{"start":{"line":464,"column":35},"end":{"line":464,"column":116}},"197":{"start":{"line":464,"column":60},"end":{"line":464,"column":113}},"198":{"start":{"line":465,"column":31},"end":{"line":465,"column":132}},"199":{"start":{"line":465,"column":56},"end":{"line":465,"column":129}},"200":{"start":{"line":468,"column":16},"end":{"line":476,"column":17}},"201":{"start":{"line":469,"column":20},"end":{"line":469,"column":92}},"202":{"start":{"line":470,"column":23},"end":{"line":476,"column":17}},"203":{"start":{"line":471,"column":20},"end":{"line":471,"column":97}},"204":{"start":{"line":472,"column":23},"end":{"line":476,"column":17}},"205":{"start":{"line":473,"column":20},"end":{"line":473,"column":98}},"206":{"start":{"line":475,"column":20},"end":{"line":475,"column":85}},"207":{"start":{"line":478,"column":16},"end":{"line":478,"column":54}},"208":{"start":{"line":479,"column":16},"end":{"line":479,"column":64}},"209":{"start":{"line":480,"column":16},"end":{"line":480,"column":62}},"210":{"start":{"line":481,"column":16},"end":{"line":481,"column":47}},"211":{"start":{"line":482,"column":16},"end":{"line":482,"column":45}},"212":{"start":{"line":483,"column":16},"end":{"line":483,"column":51}},"213":{"start":{"line":484,"column":16},"end":{"line":484,"column":51}},"214":{"start":{"line":485,"column":16},"end":{"line":485,"column":53}},"215":{"start":{"line":486,"column":16},"end":{"line":486,"column":33}},"216":{"start":{"line":487,"column":16},"end":{"line":487,"column":67}},"217":{"start":{"line":493,"column":8},"end":{"line":493,"column":67}}},"fnMap":{"0":{"name":"(anonymous_0)","decl":{"start":{"line":11,"column":33},"end":{"line":11,"column":34}},"loc":{"start":{"line":11,"column":53},"end":{"line":153,"column":1}},"line":11},"1":{"name":"(anonymous_1)","decl":{"start":{"line":36,"column":12},"end":{"line":36,"column":13}},"loc":{"start":{"line":36,"column":22},"end":{"line":148,"column":5}},"line":36},"2":{"name":"(anonymous_2)","decl":{"start":{"line":38,"column":44},"end":{"line":38,"column":45}},"loc":{"start":{"line":38,"column":54},"end":{"line":42,"column":13}},"line":38},"3":{"name":"(anonymous_3)","decl":{"start":{"line":43,"column":43},"end":{"line":43,"column":44}},"loc":{"start":{"line":43,"column":53},"end":{"line":43,"column":103}},"line":43},"4":{"name":"(anonymous_4)","decl":{"start":{"line":44,"column":41},"end":{"line":44,"column":42}},"loc":{"start":{"line":44,"column":51},"end":{"line":44,"column":121}},"line":44},"5":{"name":"(anonymous_5)","decl":{"start":{"line":45,"column":39},"end":{"line":45,"column":40}},"loc":{"start":{"line":45,"column":49},"end":{"line":45,"column":127}},"line":45},"6":{"name":"(anonymous_6)","decl":{"start":{"line":60,"column":22},"end":{"line":60,"column":23}},"loc":{"start":{"line":60,"column":32},"end":{"line":136,"column":17}},"line":60},"7":{"name":"(anonymous_7)","decl":{"start":{"line":63,"column":74},"end":{"line":63,"column":75}},"loc":{"start":{"line":63,"column":84},"end":{"line":67,"column":25}},"line":63},"8":{"name":"(anonymous_8)","decl":{"start":{"line":67,"column":33},"end":{"line":67,"column":34}},"loc":{"start":{"line":67,"column":40},"end":{"line":69,"column":25}},"line":67},"9":{"name":"(anonymous_9)","decl":{"start":{"line":72,"column":34},"end":{"line":72,"column":35}},"loc":{"start":{"line":72,"column":44},"end":{"line":132,"column":29}},"line":72},"10":{"name":"(anonymous_10)","decl":{"start":{"line":80,"column":44},"end":{"line":80,"column":45}},"loc":{"start":{"line":80,"column":55},"end":{"line":129,"column":37}},"line":80},"11":{"name":"(anonymous_11)","decl":{"start":{"line":81,"column":56},"end":{"line":81,"column":57}},"loc":{"start":{"line":81,"column":73},"end":{"line":95,"column":41}},"line":81},"12":{"name":"(anonymous_12)","decl":{"start":{"line":90,"column":51},"end":{"line":90,"column":52}},"loc":{"start":{"line":90,"column":62},"end":{"line":93,"column":45}},"line":90},"13":{"name":"(anonymous_13)","decl":{"start":{"line":120,"column":78},"end":{"line":120,"column":79}},"loc":{"start":{"line":120,"column":101},"end":{"line":126,"column":45}},"line":120},"14":{"name":"(anonymous_14)","decl":{"start":{"line":132,"column":37},"end":{"line":132,"column":38}},"loc":{"start":{"line":132,"column":44},"end":{"line":134,"column":29}},"line":132},"15":{"name":"(anonymous_15)","decl":{"start":{"line":148,"column":13},"end":{"line":148,"column":14}},"loc":{"start":{"line":148,"column":20},"end":{"line":152,"column":5}},"line":148},"16":{"name":"(anonymous_16)","decl":{"start":{"line":155,"column":28},"end":{"line":155,"column":29}},"loc":{"start":{"line":155,"column":44},"end":{"line":177,"column":1}},"line":155},"17":{"name":"(anonymous_17)","decl":{"start":{"line":171,"column":11},"end":{"line":171,"column":12}},"loc":{"start":{"line":171,"column":21},"end":{"line":173,"column":5}},"line":171},"18":{"name":"(anonymous_18)","decl":{"start":{"line":174,"column":15},"end":{"line":174,"column":16}},"loc":{"start":{"line":174,"column":22},"end":{"line":176,"column":9}},"line":174},"19":{"name":"(anonymous_19)","decl":{"start":{"line":179,"column":17},"end":{"line":179,"column":18}},"loc":{"start":{"line":179,"column":33},"end":{"line":230,"column":1}},"line":179},"20":{"name":"(anonymous_20)","decl":{"start":{"line":188,"column":12},"end":{"line":188,"column":13}},"loc":{"start":{"line":188,"column":22},"end":{"line":226,"column":5}},"line":188},"21":{"name":"(anonymous_21)","decl":{"start":{"line":195,"column":16},"end":{"line":195,"column":17}},"loc":{"start":{"line":195,"column":26},"end":{"line":209,"column":9}},"line":195},"22":{"name":"(anonymous_22)","decl":{"start":{"line":205,"column":18},"end":{"line":205,"column":19}},"loc":{"start":{"line":205,"column":26},"end":{"line":207,"column":13}},"line":205},"23":{"name":"(anonymous_23)","decl":{"start":{"line":212,"column":57},"end":{"line":212,"column":58}},"loc":{"start":{"line":212,"column":65},"end":{"line":224,"column":13}},"line":212},"24":{"name":"(anonymous_24)","decl":{"start":{"line":220,"column":26},"end":{"line":220,"column":27}},"loc":{"start":{"line":220,"column":34},"end":{"line":222,"column":21}},"line":220},"25":{"name":"(anonymous_25)","decl":{"start":{"line":227,"column":11},"end":{"line":227,"column":12}},"loc":{"start":{"line":227,"column":16},"end":{"line":229,"column":5}},"line":227},"26":{"name":"(anonymous_26)","decl":{"start":{"line":232,"column":19},"end":{"line":232,"column":20}},"loc":{"start":{"line":232,"column":35},"end":{"line":243,"column":1}},"line":232},"27":{"name":"(anonymous_27)","decl":{"start":{"line":234,"column":10},"end":{"line":234,"column":11}},"loc":{"start":{"line":234,"column":18},"end":{"line":236,"column":5}},"line":234},"28":{"name":"(anonymous_28)","decl":{"start":{"line":237,"column":10},"end":{"line":237,"column":11}},"loc":{"start":{"line":237,"column":18},"end":{"line":239,"column":5}},"line":237},"29":{"name":"(anonymous_29)","decl":{"start":{"line":240,"column":11},"end":{"line":240,"column":12}},"loc":{"start":{"line":240,"column":16},"end":{"line":242,"column":5}},"line":240},"30":{"name":"(anonymous_30)","decl":{"start":{"line":245,"column":30},"end":{"line":245,"column":31}},"loc":{"start":{"line":245,"column":46},"end":{"line":258,"column":1}},"line":245},"31":{"name":"(anonymous_31)","decl":{"start":{"line":252,"column":11},"end":{"line":252,"column":12}},"loc":{"start":{"line":252,"column":21},"end":{"line":254,"column":5}},"line":252},"32":{"name":"(anonymous_32)","decl":{"start":{"line":255,"column":11},"end":{"line":255,"column":12}},"loc":{"start":{"line":255,"column":18},"end":{"line":257,"column":6}},"line":255},"33":{"name":"(anonymous_33)","decl":{"start":{"line":260,"column":36},"end":{"line":260,"column":37}},"loc":{"start":{"line":260,"column":52},"end":{"line":296,"column":1}},"line":260},"34":{"name":"(anonymous_34)","decl":{"start":{"line":266,"column":10},"end":{"line":266,"column":11}},"loc":{"start":{"line":266,"column":18},"end":{"line":269,"column":5}},"line":266},"35":{"name":"(anonymous_35)","decl":{"start":{"line":278,"column":10},"end":{"line":278,"column":11}},"loc":{"start":{"line":278,"column":18},"end":{"line":292,"column":5}},"line":278},"36":{"name":"(anonymous_36)","decl":{"start":{"line":288,"column":18},"end":{"line":288,"column":19}},"loc":{"start":{"line":288,"column":26},"end":{"line":290,"column":13}},"line":288},"37":{"name":"(anonymous_37)","decl":{"start":{"line":293,"column":11},"end":{"line":293,"column":12}},"loc":{"start":{"line":293,"column":16},"end":{"line":295,"column":5}},"line":293},"38":{"name":"(anonymous_38)","decl":{"start":{"line":298,"column":22},"end":{"line":298,"column":23}},"loc":{"start":{"line":298,"column":38},"end":{"line":352,"column":1}},"line":298},"39":{"name":"(anonymous_39)","decl":{"start":{"line":307,"column":10},"end":{"line":307,"column":11}},"loc":{"start":{"line":307,"column":18},"end":{"line":348,"column":1}},"line":307},"40":{"name":"(anonymous_40)","decl":{"start":{"line":318,"column":16},"end":{"line":318,"column":17}},"loc":{"start":{"line":318,"column":26},"end":{"line":332,"column":4}},"line":318},"41":{"name":"(anonymous_41)","de
[...]
[0,0],"15":[0,0],"16":[0,0],"17":[0,0],"18":[0,0],"19":[0,0],"20":[0,0],"21":[0,0],"22":[0,0],"23":[0,0],"24":[0,0],"25":[0,0],"26":[0,0],"27":[0,0]},"_coverageSchema":"43e27e138ebf9cfc5966b082cf9a028302ed4184","hash":"4159a29a4d75d3847ff93544308741accbbf7bb3","contentHash":"f98f04c03271d90877de6d38919d25a28c01eeedcf6e2291539edec901de51d7"},"/home/aspl/Desktop/15_nov_node/avyantra_backend_service/routes/get_tabs.js":{"path":"/home/aspl/Desktop/15_nov_node/avyantra_backend_service/routes/get_tabs.js","statementMap":{"0":{"start":{"line":1,"column":21},"end":{"line":1,"column":44}},"1":{"start":{"line":2,"column":16},"end":{"line":2,"column":39}},"2":{"start":{"line":3,"column":13},"end":{"line":3,"column":30}},"3":{"start":{"line":4,"column":15},"end":{"line":4,"column":39}},"4":{"start":{"line":5,"column":15},"end":{"line":5,"column":44}},"5":{"start":{"line":7,"column":16},"end":{"line":7,"column":38}},"6":{"start":{"line":8,"column":27},"end":{"line":8,"column":52}},"7":{"start":{"line":9,"column":0},"end":{"line":445,"column":2}},"8":{"start":{"line":16,"column":2},"end":{"line":46,"column":5}},"9":{"start":{"line":23,"column":20},"end":{"line":23,"column":38}},"10":{"start":{"line":24,"column":4},"end":{"line":24,"column":30}},"11":{"start":{"line":25,"column":19},"end":{"line":25,"column":410}},"12":{"start":{"line":27,"column":4},"end":{"line":27,"column":20}},"13":{"start":{"line":28,"column":4},"end":{"line":28,"column":27}},"14":{"start":{"line":29,"column":4},"end":{"line":45,"column":9}},"15":{"start":{"line":41,"column":8},"end":{"line":41,"column":26}},"16":{"start":{"line":44,"column":8},"end":{"line":44,"column":34}},"17":{"start":{"line":53,"column":2},"end":{"line":82,"column":5}},"18":{"start":{"line":68,"column":19},"end":{"line":68,"column":387}},"19":{"start":{"line":70,"column":4},"end":{"line":70,"column":20}},"20":{"start":{"line":71,"column":4},"end":{"line":71,"column":27}},"21":{"start":{"line":72,"column":4},"end":{"line":81,"column":9}},"22":{"start":{"line":77,"column":8},"end":{"line":77,"column":26}},"23":{"start":{"line":80,"column":8},"end":{"line":80,"column":34}},"24":{"start":{"line":89,"column":2},"end":{"line":116,"column":5}},"25":{"start":{"line":103,"column":19},"end":{"line":103,"column":407}},"26":{"start":{"line":105,"column":4},"end":{"line":105,"column":20}},"27":{"start":{"line":106,"column":4},"end":{"line":106,"column":27}},"28":{"start":{"line":107,"column":4},"end":{"line":115,"column":9}},"29":{"start":{"line":111,"column":8},"end":{"line":111,"column":26}},"30":{"start":{"line":114,"column":8},"end":{"line":114,"column":34}},"31":{"start":{"line":123,"column":2},"end":{"line":152,"column":5}},"32":{"start":{"line":138,"column":19},"end":{"line":138,"column":419}},"33":{"start":{"line":140,"column":4},"end":{"line":140,"column":20}},"34":{"start":{"line":141,"column":4},"end":{"line":141,"column":27}},"35":{"start":{"line":142,"column":4},"end":{"line":151,"column":9}},"36":{"start":{"line":147,"column":8},"end":{"line":147,"column":26}},"37":{"start":{"line":150,"column":8},"end":{"line":150,"column":34}},"38":{"start":{"line":158,"column":2},"end":{"line":185,"column":5}},"39":{"start":{"line":172,"column":21},"end":{"line":172,"column":397}},"40":{"start":{"line":174,"column":6},"end":{"line":174,"column":22}},"41":{"start":{"line":175,"column":6},"end":{"line":175,"column":31}},"42":{"start":{"line":176,"column":6},"end":{"line":184,"column":9}},"43":{"start":{"line":180,"column":8},"end":{"line":180,"column":27}},"44":{"start":{"line":183,"column":8},"end":{"line":183,"column":34}},"45":{"start":{"line":192,"column":2},"end":{"line":218,"column":5}},"46":{"start":{"line":203,"column":20},"end":{"line":203,"column":38}},"47":{"start":{"line":204,"column":4},"end":{"line":204,"column":30}},"48":{"start":{"line":205,"column":19},"end":{"line":205,"column":414}},"49":{"start":{"line":207,"column":6},"end":{"line":207,"column":22}},"50":{"start":{"line":208,"column":6},"end":{"line":208,"column":29}},"51":{"start":{"line":209,"column":6},"end":{"line":217,"column":9}},"52":{"start":{"line":213,"column":8},"end":{"line":213,"column":26}},"53":{"start":{"line":216,"column":8},"end":{"line":216,"column":34}},"54":{"start":{"line":225,"column":2},"end":{"line":252,"column":5}},"55":{"start":{"line":239,"column":19},"end":{"line":239,"column":399}},"56":{"start":{"line":240,"column":4},"end":{"line":240,"column":20}},"57":{"start":{"line":241,"column":4},"end":{"line":241,"column":27}},"58":{"start":{"line":242,"column":4},"end":{"line":251,"column":9}},"59":{"start":{"line":247,"column":8},"end":{"line":247,"column":26}},"60":{"start":{"line":250,"column":8},"end":{"line":250,"column":34}},"61":{"start":{"line":259,"column":2},"end":{"line":286,"column":5}},"62":{"start":{"line":273,"column":19},"end":{"line":273,"column":399}},"63":{"start":{"line":275,"column":4},"end":{"line":275,"column":20}},"64":{"start":{"line":276,"column":4},"end":{"line":276,"column":27}},"65":{"start":{"line":277,"column":4},"end":{"line":285,"column":9}},"66":{"start":{"line":281,"column":8},"end":{"line":281,"column":26}},"67":{"start":{"line":284,"column":8},"end":{"line":284,"column":34}},"68":{"start":{"line":293,"column":1},"end":{"line":320,"column":3}},"69":{"start":{"line":307,"column":19},"end":{"line":307,"column":403}},"70":{"start":{"line":309,"column":2},"end":{"line":309,"column":18}},"71":{"start":{"line":310,"column":2},"end":{"line":310,"column":25}},"72":{"start":{"line":311,"column":2},"end":{"line":319,"column":7}},"73":{"start":{"line":315,"column":6},"end":{"line":315,"column":24}},"74":{"start":{"line":318,"column":6},"end":{"line":318,"column":32}},"75":{"start":{"line":327,"column":1},"end":{"line":355,"column":3}},"76":{"start":{"line":341,"column":19},"end":{"line":341,"column":415}},"77":{"start":{"line":343,"column":2},"end":{"line":343,"column":18}},"78":{"start":{"line":344,"column":2},"end":{"line":344,"column":25}},"79":{"start":{"line":345,"column":2},"end":{"line":354,"column":7}},"80":{"start":{"line":350,"column":6},"end":{"line":350,"column":24}},"81":{"start":{"line":353,"column":6},"end":{"line":353,"column":32}},"82":{"start":{"line":362,"column":2},"end":{"line":374,"column":5}},"83":{"start":{"line":363,"column":4},"end":{"line":373,"column":9}},"84":{"start":{"line":369,"column":8},"end":{"line":369,"column":30}},"85":{"start":{"line":372,"column":8},"end":{"line":372,"column":34}},"86":{"start":{"line":425,"column":2},"end":{"line":443,"column":5}},"87":{"start":{"line":426,"column":19},"end":{"line":426,"column":178}},"88":{"start":{"line":427,"column":4},"end":{"line":429,"column":5}},"89":{"start":{"line":428,"column":6},"end":{"line":428,"column":68}},"90":{"start":{"line":430,"column":4},"end":{"line":430,"column":51}},"91":{"start":{"line":431,"column":4},"end":{"line":431,"column":20}},"92":{"start":{"line":432,"column":4},"end":{"line":432,"column":27}},"93":{"start":{"line":433,"column":4},"end":{"line":441,"column":7}},"94":{"start":{"line":436,"column":6},"end":{"line":440,"column":7}},"95":{"start":{"line":437,"column":8},"end":{"line":437,"column":59}},"96":{"start":{"line":439,"column":8},"end":{"line":439,"column":63}},"97":{"start":{"line":455,"column":15},"end":{"line":461,"column":1}},"98":{"start":{"line":456,"column":2},"end":{"line":460,"column":3}},"99":{"start":{"line":457,"column":4},"end":{"line":457,"column":55}},"100":{"start":{"line":459,"column":4},"end":{"line":459,"column":59}}},"fnMap":{"0":{"name":"(anonymous_0)","decl":{"start":{"line":9,"column":17},"end":{"line":9,"column":18}},"loc":{"start":{"line":9,"column":24},"end":{"line":445,"column":1}},"line":9},"1":{"name":"(anonymous_1)","decl":{"start":{"line":16,"column":61},"end":{"line":16,"column":62}},"loc":{"start":{"line":16,"column":75},"end":{"line":46,"column":3}},"line":16},"2":{"name":"(anonymous_2)","decl":{"start":{"line":40,"column":12},"end":{"line":40,"column":13}},"loc":{"start":{"line":40,"column":20},"end":{"line":42,"column":7}},"line":40},"3":{"name":"(anonymous_3)","decl":{"start":{"line":43,"column":13},"end":{"line":43,"column":14}},"loc":{"start":{"line":43,"column":20},"end":{"line":45,"column":7}},"line":43},"4":{"name":"(anonymous_4)","decl":{"start":{"line":53,"column":59},"end":{"line":53,"column":60}},"loc":{"start":{"line":53,"column":73},"end":{"line":82,"column":3}},"line":53},"5":{"name":"(anonymous_5)","decl":{"start":{"line":76,"column":12},"end":{"line":76,"column":13}},"loc":{"start":{"line":76,"column":20},"end":{"line":78,"column":7}},"line":76},"6":{"name":"(anonymous_6)","decl":{"start":{"line":79,"column":13},"end":{"line":79,"column":14}},"loc":{"start":{"line":79,"column":20},"end":{"line":81,"column":7}},"line":79},"7":{"name":"(anonymous_7)","decl":{"start":{"line":89,"column":64},"end":{"line":89,"column":65}},"loc":{"start":{"line":89,"column":78},"end":{"line":116,"column":3}},"line":89},"8":{"name":"(anonymous_8)","decl":{"start":{"line":110,"column":12},"end":{"line":110,"column":13}},"loc":{"start":{"line":110,"column":20},"end":{"line":112,"column":7}},"line":110},"9":{"name":"(anonymous_9)","decl":{"start":{"line":113,"column":13},"end":{"line":113,"column":14}},"loc":{"start":{"line":113,"column":20},"end":{"line":115,"column":7}},"line":113},"10":{"name":"(anonymous_10)","decl":{"start":{"line":123,"column":67},"end":{"line":123,"column":68}},"loc":{"start":{"line":123,"column":81},"end":{"line":152,"column":3}},"line":123},"11":{"name":"(anonymous_11)","decl":{"start":{"line":146,"column":12},"end":{"line":146,"column":13}},"loc":{"start":{"line":146,"column":20},"end":{"line":148,"column":7}},"line":146},"12":{"name":"(anonymous_12)","decl":{"start":{"line":149,"column":13},"end":{"line":149,"column":14}},"loc":{"start":{"line":149,"column":20},"end":{"line":151,"column":7}},"line":149},"13":{"name":"(anonymous_13)","decl":{"start":{"line":158,"column":56},"end":{"line":158,"column":57}},"loc":{"start":{"line":158,"column":70},"end":{"line":185,"column":3}},"line":158},"14":{"name":"(anonymous_14)","decl":{"start":{"line":179,"column":12},"end":{"line":179,"column":13}},"loc":{"start":{"line":179,"column":21},"end":{"line":181,"column":7}},"line":179},"15":{"name":"(anonymous_15)","decl":{"start":{"line":182,"column":13},"end":{"line":182,"column":14}},"loc":{"start":{"line":182,"column":20},"end":{"line":184,"column":7}},"line":182},"16":{"name":"(anonymous_16)","decl":{"start":{"line":192,"column":62},"end":{"line":192,"column":63}},"loc":{"start":{"line":192,"column":76},"end":{"line":218,"column":3}},"line":192},"17":{"name":"(anonymous_17)","decl":{"start":{"line":212,"column":12},"end":{"line":212,"column":13}},"loc":{"start":{"line":212,"column":20},"end":{"line":214,"column":7}},"line":212},"18":{"name":"(anonymous_18)","decl":{"start":{"line":215,"column":13},"end":{"line":215,"column":14}},"loc":{"start":{"line":215,"column":20},"end":{"line":217,"column":7}},"line":215},"19":{"name":"(anonymous_19)","decl":{"start":{"line":225,"column":62},"end":{"line":225,"column":63}},"loc":{"start":{"line":225,"column":76},"end":{"line":252,"column":3}},"line":225},"20":{"name":"(anonymous_20)","decl":{"start":{"line":246,"column":12},"end":{"line":246,"column":13}},"loc":{"start":{"line":246,"column":20},"end":{"line":248,"column":7}},"line":246},"21":{"name":"(anonymous_21)","decl":{"start":{"line":249,"column":13},"end":{"line":249,"column":14}},"loc":{"start":{"line":249,"column":20},"end":{"line":251,"column":7}},"line":249},"22":{"name":"(anonymous_22)","decl":{"start":{"line":259,"column":62},"end":{"line":259,"column":63}},"loc":{"start":{"line":259,"column":76},"end":{"line":286,"column":3}},"line":259},"23":{"name":"(anonymous_23)","decl":{"start":{"line":280,"column":12},"end":{"line":280,"column":13}},"loc":{"start":{"line":280,"column":20},"end":{"line":282,"column":7}},"line":280},"24":{"name":"(anonymous_24)","decl":{"start":{"line":283,"column":13},"end":{"line":283,"column":14}},"loc":{"start":{"line":283,"column":20},"end":{"line":285,"column":7}},"line":283},"25":{"name":"(anonymous_25)","decl":{"start":{"line":293,"column":62},"end":{"line":293,"column":63}},"loc":{"start":{"line":293,"column":76},"end":{"line":320,"column":1}},"line":293},"26":{"name":"(anonymous_26)","decl":{"start":{"line":314,"column":10},"end":{"line":314,"column":11}},"loc":{"start":{"line":314,"column":18},"end":{"line":316,"column":5}},"line":314},"27":{"name":"(anonymous_27)","decl":{"start":{"line":317,"column":11},"end":{"line":317,"column":12}},"loc":{"start":{"line":317,"column":18},"end":{"line":319,"column":5}},"line":317},"28":{"name":"(anonymous_28)","decl":{"start":{"line":327,"column":65},"end":{"line":327,"column":66}},"loc":{"start":{"line":327,"column":79},"end":{"line":355,"column":1}},"line":327},"29":{"name":"(anonymous_29)","decl":{"start":{"line":349,"column":10},"end":{"line":349,"column":11}},"loc":{"start":{"line":349,"column":18},"end":{"line":351,"column":5}},"line":349},"30":{"name":"(anonymous_30)","decl":{"start":{"line":352,"column":11},"end":{"line":352,"column":12}},"loc":{"start":{"line":352,"column":18},"end":{"line":354,"column":5}},"line":352},"31":{"name":"(anonymous_31)","decl":{"start":{"line":362,"column":36},"end":{"line":362,"column":37}},"loc":{"start":{"line":362,"column":50},"end":{"line":374,"column":3}},"line":362},"32":{"name":"(anonymous_32)","decl":{"start":{"line":368,"column":12},"end":{"line":368,"column":13}},"loc":{"start":{"line":368,"column":20},"end":{"line":370,"column":7}},"line":368},"33":{"name":"(anonymous_33)","decl":{"start":{"line":371,"column":13},"end":{"line":371,"column":14}},"loc":{"start":{"line":371,"column":20},"end":{"line":373,"column":7}},"line":371},"34":{"name":"(anonymous_34)","decl":{"start":{"line":425,"column":30},"end":{"line":425,"column":31}},"loc":{"start":{"line":425,"column":44},"end":{"line":443,"column":3}},"line":425},"35":{"name":"(anonymous_35)","decl":{"start":{"line":435,"column":12},"end":{"line":435,"column":13}},"loc":{"start":{"line":435,"column":20},"end":{"line":441,"column":5}},"line":435},"36":{"name":"(anonymous_36)","decl":{"start":{"line":455,"column":15},"end":{"line":455,"column":16}},"loc":{"start":{"line":455,"column":30},"end":{"line":461,"column":1}},"line":455}},"branchMap":{"0":{"loc":{"start":{"line":427,"column":4},"end":{"line":429,"column":5}},"type":"if","locations":[{"start":{"line":427,"column":4},"end":{"line":429,"column":5}},{"start":{"line":427,"column":4},"end":{"line":429,"column":5}}],"line":427},"1":{"loc":{"start":{"line":436,"column":6},"end":{"line":440,"column":7}},"type":"if","locations":[{"start":{"line":436,"column":6},"end":{"line":440,"column":7}},{"start":{"line":436,"column":6},"end":{"line":440,"column":7}}],"line":436},"2":{"loc":{"start":{"line":436,"column":10},"end":{"line":436,"column":33}},"type":"binary-expr","locations":[{"start":{"line":436,"column":10},"end":{"line":436,"column":14}},{"start":{"line":436,"column":18},"end":{"line":436,"column":33}}],"line":436},"3":{"loc":{"start":{"line":456,"column":2},"end":{"line":460,"column":3}},"type":"if","locations":[{"start":{"line":456,"column":2},"end":{"line":460,"column":3}},{"start":{"line":456,"column":2},"end":{"line":460,"column":3}}],"line":456},"4":{"loc":{"start":{"line":456,"column":6},"end":{"line":456,"column":29}},"type":"binary-expr","locations":[{"start":{"line":456,"column":6},"end":{"line":456,"column":10}},{"start":{"line":456,"column":14},"end":{"line":456,"column":29}}],"line":456}},"s":{"0":1,"1":1,"2":1,"3":1,"4":1,"5":1,"6":1,"7":1,"8":1,"9":0,"10":0,"11":0,"12":0,"13":0,"14":0,"15":0,"16":0,"17":1,"18":0,"19":0,"20":0,"21":0,"22":0,"23":0,"24":1,"25":0,"26":0,"27":0,"28":0,"29":0,"30":0,"31":1,"32":0,"33":0,"34":0,"35":0,"36":0,"37":0,"38":1,"39":0,"40":0,"41":0,"42":0,"43":0,"44":0,"45":1,"46":0,"47":0,"48":0,"49":0,"50":0,"51":0,"52":0,"53":0,"54":1,"55":0,"56":0,"57":0,"58":0,"59":0,"60":0,"61":1,"62":0,"63":0,"64":0,"65":0,"66":0,"67":0,"68":1,"69":0,"70":0,"71":0,"72":0,"73":0,"74":0,"75":1,"76":0,"77":0,"78":0,"79":0,"80":0,"81":0,"82":1,"83":0,"84":0,"85":0,"86":1,"87":0,"88":0,"89":0,"90":0,"91":0,"92":0,"93":0,"94":0,"95":0,"96":0,"97":1,"98":0,"99":0,"100":0},"f":{"0":1,"1":0,"2":0,"3":0,"4":0,"5":0,"6":0,"7":0,"8":0,"9":0,"10":0,"11":0,"12":0,"13":0,"14":0,"15":0,"16":0,"17":0,"18":0,"19":0,"20":0,"21":0,"22":0,"23":0,"24":0,"25":0,"26":0,"27":0,"28":0,"29":0,"30":0,"31":0,"32":0,"33":0,"34":0,"35":0,"36":0},"b":{"0":[0,0],"1":[0,0],"2":[0,0],"3":[0,0],"4":[0,0]},"_coverageSchema":"43e27e138ebf9cfc5966b082cf9a028302ed4184","hash":"7a94c4796aba575a39acb2fcfe6afa8871d8220e","contentHash":"4661acebc771d37551e2f0e9fafd8c3d51d40caff088f4f98c043750eea87859"},"/home/aspl/Desktop/15_nov_node/avyantra_backend_service/spec/unit/utilHelper-spec.js":{"path":"/home/aspl/Desktop/15_nov_node/avyantra_backend_service/spec/unit/utilHelper-spec.js","statementMap":{"0":{"start":{"line":1,"column":11},"end":{"line":1,"column":39}},"1":{"start":{"line":3,"column":0},"end":{"line":39,"column":2}},"2":{"start":{"line":4,"column":4},"end":{"line":10,"column":6}},"3":{"start":{"line":5,"column":8},"end":{"line":5,"column":81}},"4":{"start":{"line":6,"column":8},"end":{"line":6,"column":81}},"5":{"start":{"line":7,"column":8},"end":{"line":7,"column":80}},"6":{"start":{"line":8,"column":8},"end":{"line":8,"column":71}},"7":{"start":{"line":9,"column":8},"end":{"line":9,"column":15}},"8":{"start":{"line":11,"column":4},"end":{"line":15,"column":7}},"9":{"start":{"line":12,"column":8},"end":{"line":12,"column":67}},"10":{"start":{"line":13,"column":8},"end":{"line":13,"column":58}},"11":{"start":{"line":14,"column":8},"end":{"line":14,"column":15}},"12":{"start":{"line":16,"column":4},"end":{"line":19,"column":6}},"13":{"start":{"line":17,"column":8},"end":{"line":17,"column":32}},"14":{"start":{"line":18,"column":8},"end":{"line":18,"column":15}},"15":{"start":{"line":20,"column":4},"end":{"line":38,"column":6}},"16":{"start":{"line":21,"column":19},"end":{"line":23,"column":9}},"17":{"start":{"line":24,"column":29},"end":{"line":26,"column":9}},"18":{"start":{"line":27,"column":18},"end":{"line":27,"column":68}},"19":{"start":{"line":28,"column":8},"end":{"line":28,"column":78}},"20":{"start":{"line":29,"column":21},"end":{"line":31,"column":9}},"21":{"start":{"line":32,"column":31},"end":{"line":34,"column":9}},"22":{"start":{"line":35,"column":18},"end":{"line":35,"column":72}},"23":{"start":{"line":36,"column":8},"end":{"line":36,"column":82}},"24":{"start":{"line":37,"column":8},"end":{"line":37,"column":15}}},"fnMap":{"0":{"name":"(anonymous_0)","decl":{"start":{"line":3,"column":23},"end":{"line":3,"column":24}},"loc":{"start":{"line":3,"column":27},"end":{"line":39,"column":1}},"line":3},"1":{"name":"(anonymous_1)","decl":{"start":{"line":4,"column":44},"end":{"line":4,"column":45}},"loc":{"start":{"line":4,"column":52},"end":{"line":10,"column":5}},"line":4},"2":{"name":"(anonymous_2)","decl":{"start":{"line":11,"column":31},"end":{"line":11,"column":32}},"loc":{"start":{"line":11,"column":39},"end":{"line":15,"column":5}},"line":11},"3":{"name":"(anonymous_3)","decl":{"start":{"line":16,"column":31},"end":{"line":16,"column":32}},"loc":{"start":{"line":16,"column":39},"end":{"line":19,"column":5}},"line":16},"4":{"name":"(anonymous_4)","decl":{"start":{"line":20,"column":33},"end":{"line":20,"column":34}},"loc":{"start":{"line":20,"column":41},"end":{"line":38,"column":5}},"line":20}},"branchMap":{},"s":{"0":1,"1":1,"2":1,"3":1,"4":1,"5":1,"6":1,"7":1,"8":1,"9":1,"10":1,"11":1,"12":1,"13":1,"14":1,"15":1,"16":1,"17":1,"18":1,"19":1,"20":1,"21":1,"22":1,"23":1,"24":1},"f":{"0":1,"1":1,"2":1,"3":1,"4":1},"b":{},"_coverageSchema":"43e27e138ebf9cfc5966b082cf9a028302ed4184","hash":"71beb4c35c7e6da24fa31a5e97058df99487e88a","contentHash":"0ca0ff56bbb78c4324b35d5e7f1cf9f460fced954f8af7aeed3ea69043129cd0"}}