TN:
SF:/home/aspl/Desktop/development/jasmine/ayantra_service/sequelize.js
FN:88,(anonymous_0)
FN:88,(anonymous_1)
FNF:2
FNH:2
FNDA:1,(anonymous_0)
FNDA:1,(anonymous_1)
DA:2,1
DA:4,1
DA:5,1
DA:6,1
DA:7,1
DA:8,1
DA:9,1
DA:10,1
DA:11,1
DA:12,1
DA:13,1
DA:14,1
DA:15,1
DA:16,1
DA:17,1
DA:18,1
DA:19,1
DA:20,1
DA:21,1
DA:22,1
DA:23,1
DA:24,1
DA:25,1
DA:26,1
DA:27,1
DA:28,1
DA:29,1
DA:30,1
DA:31,1
DA:32,1
DA:33,1
DA:34,1
DA:35,1
DA:36,1
DA:37,1
DA:38,1
DA:46,1
DA:53,1
DA:55,1
DA:56,1
DA:57,1
DA:58,1
DA:59,1
DA:60,1
DA:61,1
DA:62,1
DA:63,1
DA:64,1
DA:65,1
DA:66,1
DA:67,1
DA:68,1
DA:69,1
DA:70,1
DA:71,1
DA:72,1
DA:73,1
DA:74,1
DA:75,1
DA:76,1
DA:77,1
DA:78,1
DA:79,1
DA:80,1
DA:81,1
DA:82,1
DA:83,1
DA:84,1
DA:85,1
DA:86,1
DA:87,1
DA:88,1
DA:92,1
LF:73
LH:73
BRF:0
BRH:0
end_of_record
TN:
SF:/home/aspl/Desktop/development/jasmine/ayantra_service/server.js
FN:51,(anonymous_0)
FNF:1
FNH:0
FNDA:0,(anonymous_0)
DA:5,0
DA:6,0
DA:7,0
DA:8,0
DA:9,0
DA:11,0
DA:12,0
DA:13,0
DA:14,0
DA:16,0
DA:17,0
DA:19,0
DA:20,0
DA:22,0
DA:26,0
DA:27,0
DA:28,0
DA:29,0
DA:30,0
DA:31,0
DA:33,0
DA:34,0
DA:35,0
DA:51,0
DA:53,0
DA:54,0
LF:26
LH:0
BRDA:17,0,0,0
BRDA:17,0,1,0
BRF:2
BRH:0
end_of_record
TN:
SF:/home/aspl/Desktop/development/jasmine/ayantra_service/auth/verifyToken.js
FN:4,verifyToken
FN:9,(anonymous_1)
FNF:2
FNH:0
FNDA:0,verifyToken
FNDA:0,(anonymous_1)
DA:1,0
DA:2,0
DA:5,0
DA:6,0
DA:7,0
DA:9,0
DA:10,0
DA:11,0
DA:14,0
DA:15,0
DA:18,0
LF:11
LH:0
BRDA:6,0,0,0
BRDA:6,0,1,0
BRDA:10,1,0,0
BRDA:10,1,1,0
BRF:4
BRH:0
end_of_record
TN:
SF:/home/aspl/Desktop/development/jasmine/ayantra_service/config/jwtConfig.js
FNF:0
FNH:0
DA:1,0
LF:1
LH:0
BRF:0
BRH:0
end_of_record
TN:
SF:/home/aspl/Desktop/development/jasmine/ayantra_service/config/setting.js
FNF:0
FNH:0
DA:1,1
LF:1
LH:1
BRF:0
BRH:0
end_of_record
TN:
SF:/home/aspl/Desktop/development/jasmine/ayantra_service/config/table.js
FNF:0
FNH:0
DA:1,1
LF:1
LH:1
BRF:0
BRH:0
end_of_record
TN:
SF:/home/aspl/Desktop/development/jasmine/ayantra_service/controllers/hospitalBranchController.js
FN:12,(anonymous_0)
FN:37,(anonymous_1)
FN:39,(anonymous_2)
FN:44,(anonymous_3)
FN:45,(anonymous_4)
FN:46,(anonymous_5)
FN:61,(anonymous_6)
FN:64,(anonymous_7)
FN:68,(anonymous_8)
FN:73,(anonymous_9)
FN:81,(anonymous_10)
FN:82,(anonymous_11)
FN:91,(anonymous_12)
FN:121,(anonymous_13)
FN:133,(anonymous_14)
FN:149,(anonymous_15)
FN:156,(anonymous_16)
FN:172,(anonymous_17)
FN:175,(anonymous_18)
FN:180,(anonymous_19)
FN:189,(anonymous_20)
FN:196,(anonymous_21)
FN:206,(anonymous_22)
FN:213,(anonymous_23)
FN:221,(anonymous_24)
FN:228,(anonymous_25)
FN:233,(anonymous_26)
FN:235,(anonymous_27)
FN:238,(anonymous_28)
FN:241,(anonymous_29)
FN:246,(anonymous_30)
FN:253,(anonymous_31)
FN:256,(anonymous_32)
FN:261,(anonymous_33)
FN:267,(anonymous_34)
FN:279,(anonymous_35)
FN:289,(anonymous_36)
FN:294,(anonymous_37)
FN:299,(anonymous_38)
FN:308,(anonymous_39)
FN:319,(anonymous_40)
FN:329,(anonymous_41)
FN:335,(anonymous_42)
FN:343,(anonymous_43)
FN:350,(anonymous_44)
FN:355,(anonymous_45)
FN:363,(anonymous_46)
FN:366,(anonymous_47)
FN:371,(anonymous_48)
FN:373,(anonymous_49)
FN:376,(anonymous_50)
FN:379,(anonymous_51)
FN:384,(anonymous_52)
FN:390,(anonymous_53)
FN:402,(anonymous_54)
FN:412,(anonymous_55)
FN:417,(anonymous_56)
FN:422,(anonymous_57)
FN:428,(anonymous_58)
FN:431,(anonymous_59)
FN:436,(anonymous_60)
FN:438,(anonymous_61)
FN:442,(anonymous_62)
FN:446,(anonymous_63)
FN:458,(anonymous_64)
FN:460,(anonymous_65)
FN:465,(anonymous_66)
FN:466,(anonymous_67)
FN:493,(anonymous_68)
FNF:69
FNH:53
FNDA:2,(anonymous_0)
FNDA:2,(anonymous_1)
FNDA:1,(anonymous_2)
FNDA:1,(anonymous_3)
FNDA:1,(anonymous_4)
FNDA:1,(anonymous_5)
FNDA:1,(anonymous_6)
FNDA:1,(anonymous_7)
FNDA:0,(anonymous_8)
FNDA:1,(anonymous_9)
FNDA:1,(anonymous_10)
FNDA:4,(anonymous_11)
FNDA:4,(anonymous_12)
FNDA:1,(anonymous_13)
FNDA:0,(anonymous_14)
FNDA:1,(anonymous_15)
FNDA:1,(anonymous_16)
FNDA:1,(anonymous_17)
FNDA:0,(anonymous_18)
FNDA:2,(anonymous_19)
FNDA:2,(anonymous_20)
FNDA:1,(anonymous_21)
FNDA:1,(anonymous_22)
FNDA:1,(anonymous_23)
FNDA:1,(anonymous_24)
FNDA:0,(anonymous_25)
FNDA:1,(anonymous_26)
FNDA:1,(anonymous_27)
FNDA:1,(anonymous_28)
FNDA:0,(anonymous_29)
FNDA:1,(anonymous_30)
FNDA:1,(anonymous_31)
FNDA:0,(anonymous_32)
FNDA:1,(anonymous_33)
FNDA:1,(anonymous_34)
FNDA:1,(anonymous_35)
FNDA:1,(anonymous_36)
FNDA:0,(anonymous_37)
FNDA:2,(anonymous_38)
FNDA:2,(anonymous_39)
FNDA:1,(anonymous_40)
FNDA:1,(anonymous_41)
FNDA:1,(anonymous_42)
FNDA:1,(anonymous_43)
FNDA:0,(anonymous_44)
FNDA:1,(anonymous_45)
FNDA:1,(anonymous_46)
FNDA:0,(anonymous_47)
FNDA:1,(anonymous_48)
FNDA:1,(anonymous_49)
FNDA:1,(anonymous_50)
FNDA:0,(anonymous_51)
FNDA:1,(anonymous_52)
FNDA:1,(anonymous_53)
FNDA:1,(anonymous_54)
FNDA:1,(anonymous_55)
FNDA:0,(anonymous_56)
FNDA:1,(anonymous_57)
FNDA:1,(anonymous_58)
FNDA:0,(anonymous_59)
FNDA:1,(anonymous_60)
FNDA:1,(anonymous_61)
FNDA:1,(anonymous_62)
FNDA:1,(anonymous_63)
FNDA:1,(anonymous_64)
FNDA:0,(anonymous_65)
FNDA:0,(anonymous_66)
FNDA:0,(anonymous_67)
FNDA:0,(anonymous_68)
DA:1,1
DA:2,1
DA:3,1
DA:4,1
DA:5,1
DA:6,1
DA:7,1
DA:8,1
DA:9,1
DA:10,1
DA:12,1
DA:13,2
DA:14,2
DA:15,2
DA:16,2
DA:17,2
DA:18,2
DA:19,2
DA:38,2
DA:39,1
DA:40,1
DA:41,0
DA:44,1
DA:45,1
DA:46,1
DA:48,0
DA:49,0
DA:50,0
DA:51,0
DA:52,0
DA:53,0
DA:54,0
DA:55,0
DA:57,0
DA:60,1
DA:62,1
DA:63,1
DA:64,1
DA:65,1
DA:66,1
DA:69,0
DA:71,1
DA:72,1
DA:75,1
DA:77,1
DA:82,1
DA:83,4
DA:92,4
DA:97,1
DA:98,1
DA:108,1
DA:121,1
DA:122,1
DA:123,1
DA:125,0
DA:129,1
DA:134,0
DA:139,1
DA:150,1
DA:152,1
DA:156,1
DA:157,1
DA:158,1
DA:159,1
DA:160,0
DA:163,1
DA:165,1
DA:173,1
DA:176,0
DA:180,1
DA:181,2
DA:182,2
DA:183,2
DA:185,2
DA:190,2
DA:191,1
DA:197,1
DA:198,0
DA:200,1
DA:201,1
DA:202,1
DA:203,1
DA:204,1
DA:205,1
DA:207,1
DA:213,1
DA:214,1
DA:215,1
DA:216,1
DA:217,1
DA:218,1
DA:219,1
DA:220,1
DA:222,1
DA:229,0
DA:233,1
DA:234,1
DA:236,1
DA:239,1
DA:242,0
DA:246,1
DA:247,1
DA:248,1
DA:254,1
DA:257,0
DA:261,1
DA:262,1
DA:263,1
DA:265,1
DA:268,1
DA:269,1
DA:272,1
DA:278,1
DA:281,1
DA:282,1
DA:283,1
DA:284,1
DA:285,1
DA:286,1
DA:288,1
DA:290,1
DA:295,0
DA:299,1
DA:300,2
DA:301,2
DA:302,2
DA:303,2
DA:309,2
DA:310,2
DA:311,1
DA:312,0
DA:314,1
DA:320,1
DA:321,0
DA:323,1
DA:324,1
DA:325,1
DA:326,1
DA:327,1
DA:328,1
DA:330,1
DA:335,1
DA:336,1
DA:337,1
DA:338,1
DA:339,1
DA:340,1
DA:341,1
DA:342,1
DA:344,1
DA:351,0
DA:355,1
DA:356,1
DA:357,1
DA:364,1
DA:367,0
DA:371,1
DA:372,1
DA:374,1
DA:377,1
DA:380,0
DA:384,1
DA:385,1
DA:386,1
DA:388,1
DA:391,1
DA:392,1
DA:395,1
DA:401,1
DA:404,1
DA:405,1
DA:406,1
DA:407,1
DA:408,1
DA:409,1
DA:411,1
DA:413,1
DA:418,0
DA:422,1
DA:423,1
DA:424,1
DA:429,1
DA:432,0
DA:436,1
DA:437,1
DA:439,1
DA:440,1
DA:443,1
DA:444,1
DA:447,1
DA:459,1
DA:460,0
DA:461,0
DA:462,0
DA:465,0
DA:466,0
DA:469,0
DA:470,0
DA:471,0
DA:472,0
DA:473,0
DA:474,0
DA:476,0
DA:479,1
DA:480,1
DA:481,1
DA:482,1
DA:483,1
DA:484,1
DA:485,1
DA:486,1
DA:487,1
DA:488,1
DA:494,0
LF:214
LH:174
BRDA:38,0,0,1
BRDA:38,0,1,1
BRDA:40,1,0,0
BRDA:40,1,1,1
BRDA:48,2,0,0
BRDA:48,2,1,0
BRDA:50,3,0,0
BRDA:50,3,1,0
BRDA:52,4,0,0
BRDA:52,4,1,0
BRDA:54,5,0,0
BRDA:54,5,1,0
BRDA:62,6,0,1
BRDA:62,6,1,0
BRDA:65,7,0,1
BRDA:65,7,1,0
BRDA:75,8,0,1
BRDA:75,8,1,0
BRDA:97,9,0,1
BRDA:97,9,1,0
BRDA:122,10,0,1
BRDA:122,10,1,0
BRDA:159,11,0,0
BRDA:159,11,1,1
BRDA:190,12,0,1
BRDA:190,12,1,1
BRDA:197,13,0,0
BRDA:197,13,1,1
BRDA:214,14,0,1
BRDA:214,14,1,0
BRDA:281,15,0,1
BRDA:281,15,1,0
BRDA:310,16,0,1
BRDA:310,16,1,1
BRDA:311,17,0,0
BRDA:311,17,1,1
BRDA:320,18,0,0
BRDA:320,18,1,1
BRDA:336,19,0,1
BRDA:336,19,1,0
BRDA:404,20,0,1
BRDA:404,20,1,0
BRDA:459,21,0,0
BRDA:459,21,1,1
BRDA:461,22,0,0
BRDA:461,22,1,0
BRDA:469,23,0,0
BRDA:469,23,1,0
BRDA:471,24,0,0
BRDA:471,24,1,0
BRDA:473,25,0,0
BRDA:473,25,1,0
BRF:52
BRH:21
end_of_record
TN:
SF:/home/aspl/Desktop/development/jasmine/ayantra_service/controllers/hospitalController.js
FN:13,(anonymous_0)
FN:41,(anonymous_1)
FN:43,(anonymous_2)
FN:44,(anonymous_3)
FN:45,(anonymous_4)
FN:58,(anonymous_5)
FN:65,(anonymous_6)
FN:70,(anonymous_7)
FN:92,(anonymous_8)
FN:105,(anonymous_9)
FN:109,(anonymous_10)
FN:114,(anonymous_11)
FN:118,(anonymous_12)
FN:124,(anonymous_13)
FN:131,(anonymous_14)
FN:134,(anonymous_15)
FN:139,(anonymous_16)
FN:158,(anonymous_17)
FN:160,(anonymous_18)
FN:161,(anonymous_19)
FN:162,(anonymous_20)
FN:179,(anonymous_21)
FN:195,(anonymous_22)
FN:205,(anonymous_23)
FN:210,(anonymous_24)
FN:215,(anonymous_25)
FN:222,(anonymous_26)
FN:236,(anonymous_27)
FN:238,(anonymous_28)
FN:246,(anonymous_29)
FN:269,(anonymous_30)
FN:271,(anonymous_31)
FN:280,(anonymous_32)
FN:318,(anonymous_33)
FN:329,(anonymous_34)
FN:331,(anonymous_35)
FN:336,(anonymous_36)
FN:408,(anonymous_37)
FN:413,(anonymous_38)
FN:419,(anonymous_39)
FN:427,(anonymous_40)
FN:431,(anonymous_41)
FN:432,(anonymous_42)
FN:440,(anonymous_43)
FN:443,(anonymous_44)
FN:448,(anonymous_45)
FN:520,(anonymous_46)
FN:527,(anonymous_47)
FN:534,(anonymous_48)
FN:542,(anonymous_49)
FN:549,(anonymous_50)
FN:553,(anonymous_51)
FN:559,(anonymous_52)
FN:562,(anonymous_53)
FN:567,(anonymous_54)
FN:571,(anonymous_55)
FN:574,(anonymous_56)
FN:579,(anonymous_57)
FN:593,(anonymous_58)
FN:603,(anonymous_59)
FN:625,(anonymous_60)
FN:635,(anonymous_61)
FN:645,(anonymous_62)
FN:655,(anonymous_63)
FN:666,(anonymous_64)
FN:675,(anonymous_65)
FN:679,(anonymous_66)
FN:688,(anonymous_67)
FN:694,(anonymous_68)
FNF:69
FNH:0
FNDA:0,(anonymous_0)
FNDA:0,(anonymous_1)
FNDA:0,(anonymous_2)
FNDA:0,(anonymous_3)
FNDA:0,(anonymous_4)
FNDA:0,(anonymous_5)
FNDA:0,(anonymous_6)
FNDA:0,(anonymous_7)
FNDA:0,(anonymous_8)
FNDA:0,(anonymous_9)
FNDA:0,(anonymous_10)
FNDA:0,(anonymous_11)
FNDA:0,(anonymous_12)
FNDA:0,(anonymous_13)
FNDA:0,(anonymous_14)
FNDA:0,(anonymous_15)
FNDA:0,(anonymous_16)
FNDA:0,(anonymous_17)
FNDA:0,(anonymous_18)
FNDA:0,(anonymous_19)
FNDA:0,(anonymous_20)
FNDA:0,(anonymous_21)
FNDA:0,(anonymous_22)
FNDA:0,(anonymous_23)
FNDA:0,(anonymous_24)
FNDA:0,(anonymous_25)
FNDA:0,(anonymous_26)
FNDA:0,(anonymous_27)
FNDA:0,(anonymous_28)
FNDA:0,(anonymous_29)
FNDA:0,(anonymous_30)
FNDA:0,(anonymous_31)
FNDA:0,(anonymous_32)
FNDA:0,(anonymous_33)
FNDA:0,(anonymous_34)
FNDA:0,(anonymous_35)
FNDA:0,(anonymous_36)
FNDA:0,(anonymous_37)
FNDA:0,(anonymous_38)
FNDA:0,(anonymous_39)
FNDA:0,(anonymous_40)
FNDA:0,(anonymous_41)
FNDA:0,(anonymous_42)
FNDA:0,(anonymous_43)
FNDA:0,(anonymous_44)
FNDA:0,(anonymous_45)
FNDA:0,(anonymous_46)
FNDA:0,(anonymous_47)
FNDA:0,(anonymous_48)
FNDA:0,(anonymous_49)
FNDA:0,(anonymous_50)
FNDA:0,(anonymous_51)
FNDA:0,(anonymous_52)
FNDA:0,(anonymous_53)
FNDA:0,(anonymous_54)
FNDA:0,(anonymous_55)
FNDA:0,(anonymous_56)
FNDA:0,(anonymous_57)
FNDA:0,(anonymous_58)
FNDA:0,(anonymous_59)
FNDA:0,(anonymous_60)
FNDA:0,(anonymous_61)
FNDA:0,(anonymous_62)
FNDA:0,(anonymous_63)
FNDA:0,(anonymous_64)
FNDA:0,(anonymous_65)
FNDA:0,(anonymous_66)
FNDA:0,(anonymous_67)
FNDA:0,(anonymous_68)
DA:1,0
DA:2,0
DA:3,0
DA:4,0
DA:5,0
DA:6,0
DA:7,0
DA:8,0
DA:9,0
DA:10,0
DA:13,0
DA:15,0
DA:16,0
DA:18,0
DA:19,0
DA:21,0
DA:22,0
DA:23,0
DA:24,0
DA:25,0
DA:42,0
DA:43,0
DA:44,0
DA:45,0
DA:47,0
DA:48,0
DA:49,0
DA:50,0
DA:51,0
DA:52,0
DA:54,0
DA:57,0
DA:59,0
DA:60,0
DA:61,0
DA:62,0
DA:64,0
DA:66,0
DA:67,0
DA:70,0
DA:71,0
DA:72,0
DA:82,0
DA:92,0
DA:93,0
DA:94,0
DA:96,0
DA:106,0
DA:109,0
DA:111,0
DA:112,0
DA:114,0
DA:115,0
DA:116,0
DA:119,0
DA:124,0
DA:126,0
DA:127,0
DA:132,0
DA:135,0
DA:139,0
DA:141,0
DA:142,0
DA:143,0
DA:159,0
DA:160,0
DA:161,0
DA:162,0
DA:164,0
DA:165,0
DA:166,0
DA:167,0
DA:168,0
DA:169,0
DA:171,0
DA:174,0
DA:181,0
DA:182,0
DA:185,0
DA:186,0
DA:187,0
DA:188,0
DA:189,0
DA:190,0
DA:191,0
DA:192,0
DA:193,0
DA:197,0
DA:203,0
DA:207,0
DA:208,0
DA:212,0
DA:216,0
DA:222,0
DA:223,0
DA:224,0
DA:225,0
DA:226,0
DA:228,0
DA:229,0
DA:231,0
DA:233,0
DA:237,0
DA:238,0
DA:239,0
DA:241,0
DA:242,0
DA:247,0
DA:248,0
DA:249,0
DA:250,0
DA:251,0
DA:252,0
DA:254,0
DA:255,0
DA:256,0
DA:257,0
DA:258,0
DA:259,0
DA:260,0
DA:261,0
DA:262,0
DA:267,0
DA:270,0
DA:272,0
DA:275,0
DA:280,0
DA:282,0
DA:283,0
DA:285,0
DA:286,0
DA:289,0
DA:293,0
DA:300,0
DA:301,0
DA:318,0
DA:319,0
DA:328,0
DA:330,0
DA:332,0
DA:336,0
DA:337,0
DA:338,0
DA:345,0
DA:346,0
DA:352,0
DA:353,0
DA:354,0
DA:355,0
DA:356,0
DA:367,0
DA:368,0
DA:369,0
DA:371,0
DA:372,0
DA:377,0
DA:378,0
DA:383,0
DA:384,0
DA:385,0
DA:386,0
DA:396,0
DA:397,0
DA:398,0
DA:400,0
DA:401,0
DA:403,0
DA:404,0
DA:407,0
DA:408,0
DA:409,0
DA:411,0
DA:413,0
DA:414,0
DA:416,0
DA:419,0
DA:420,0
DA:422,0
DA:427,0
DA:428,0
DA:429,0
DA:432,0
DA:433,0
DA:434,0
DA:436,0
DA:439,0
DA:441,0
DA:444,0
DA:448,0
DA:449,0
DA:450,0
DA:457,0
DA:459,0
DA:465,0
DA:466,0
DA:467,0
DA:468,0
DA:478,0
DA:479,0
DA:480,0
DA:482,0
DA:483,0
DA:487,0
DA:488,0
DA:494,0
DA:495,0
DA:496,0
DA:497,0
DA:507,0
DA:508,0
DA:509,0
DA:511,0
DA:512,0
DA:514,0
DA:515,0
DA:518,0
DA:520,0
DA:521,0
DA:524,0
DA:527,0
DA:528,0
DA:531,0
DA:534,0
DA:535,0
DA:538,0
DA:542,0
DA:543,0
DA:550,0
DA:553,0
DA:554,0
DA:555,0
DA:557,0
DA:560,0
DA:563,0
DA:567,0
DA:568,0
DA:569,0
DA:572,0
DA:575,0
DA:579,0
DA:580,0
DA:581,0
DA:582,0
DA:583,0
DA:584,0
DA:585,0
DA:586,0
DA:587,0
DA:588,0
DA:589,0
DA:590,0
DA:591,0
DA:592,0
DA:593,0
DA:594,0
DA:604,0
DA:605,0
DA:606,0
DA:607,0
DA:613,0
DA:614,0
DA:617,0
DA:618,0
DA:620,0
DA:621,0
DA:622,0
DA:623,0
DA:624,0
DA:625,0
DA:626,0
DA:636,0
DA:637,0
DA:638,0
DA:639,0
DA:644,0
DA:645,0
DA:646,0
DA:656,0
DA:657,0
DA:658,0
DA:659,0
DA:664,0
DA:667,0
DA:668,0
DA:669,0
DA:670,0
DA:672,0
DA:673,0
DA:674,0
DA:675,0
DA:676,0
DA:678,0
DA:679,0
DA:680,0
DA:683,0
DA:684,0
DA:689,0
DA:694,0
DA:695,0
DA:696,0
DA:703,0
LF:301
LH:0
BRDA:42,0,0,0
BRDA:42,0,1,0
BRDA:47,1,0,0
BRDA:47,1,1,0
BRDA:49,2,0,0
BRDA:49,2,1,0
BRDA:51,3,0,0
BRDA:51,3,1,0
BRDA:59,4,0,0
BRDA:59,4,1,0
BRDA:66,5,0,0
BRDA:66,5,1,0
BRDA:71,6,0,0
BRDA:71,6,1,0
BRDA:93,7,0,0
BRDA:93,7,1,0
BRDA:115,8,0,0
BRDA:115,8,1,0
BRDA:159,9,0,0
BRDA:159,9,1,0
BRDA:164,10,0,0
BRDA:164,10,1,0
BRDA:166,11,0,0
BRDA:166,11,1,0
BRDA:168,12,0,0
BRDA:168,12,1,0
BRDA:181,13,0,0
BRDA:181,13,1,0
BRDA:228,14,0,0
BRDA:228,14,1,0
BRDA:237,15,0,0
BRDA:237,15,1,0
BRDA:254,16,0,0
BRDA:254,16,1,0
BRDA:257,17,0,0
BRDA:257,17,1,0
BRDA:285,18,0,0
BRDA:285,18,1,0
BRDA:352,19,0,0
BRDA:352,19,1,0
BRDA:355,20,0,0
BRDA:355,20,1,0
BRDA:367,21,0,0
BRDA:367,21,1,0
BRDA:383,22,0,0
BRDA:383,22,1,0
BRDA:396,23,0,0
BRDA:396,23,1,0
BRDA:403,24,0,0
BRDA:403,24,1,0
BRDA:407,25,0,0
BRDA:407,25,1,0
BRDA:433,26,0,0
BRDA:433,26,1,0
BRDA:465,27,0,0
BRDA:465,27,1,0
BRDA:478,28,0,0
BRDA:478,28,1,0
BRDA:494,29,0,0
BRDA:494,29,1,0
BRDA:507,30,0,0
BRDA:507,30,1,0
BRDA:514,31,0,0
BRDA:514,31,1,0
BRDA:518,32,0,0
BRDA:518,32,1,0
BRDA:587,33,0,0
BRDA:587,33,1,0
BRDA:604,34,0,0
BRDA:604,34,1,0
BRDA:613,35,0,0
BRDA:613,35,1,0
BRDA:636,36,0,0
BRDA:636,36,1,0
BRDA:656,37,0,0
BRDA:656,37,1,0
BRDA:667,38,0,0
BRDA:667,38,1,0
BRDA:672,39,0,0
BRDA:672,39,1,0
BRDA:674,40,0,0
BRDA:674,40,1,0
BRF:82
BRH:0
end_of_record
TN:
SF:/home/aspl/Desktop/development/jasmine/ayantra_service/controllers/hospitalStaffController.js
FN:17,(anonymous_0)
FN:22,(anonymous_1)
FN:31,(anonymous_2)
FN:36,(anonymous_3)
FN:41,(anonymous_4)
FN:44,(anonymous_5)
FN:49,(anonymous_6)
FN:57,(anonymous_7)
FN:60,(anonymous_8)
FN:65,(anonymous_9)
FN:95,(anonymous_10)
FN:97,(anonymous_11)
FN:103,(anonymous_12)
FN:104,(anonymous_13)
FN:118,(anonymous_14)
FN:121,(anonymous_15)
FN:123,(anonymous_16)
FN:133,(anonymous_17)
FN:148,(anonymous_18)
FN:153,(anonymous_19)
FN:284,(anonymous_20)
FN:400,(anonymous_21)
FN:408,(anonymous_22)
FN:410,(anonymous_23)
FN:411,(anonymous_24)
FN:420,(anonymous_25)
FN:426,(anonymous_26)
FN:452,(anonymous_27)
FN:454,(anonymous_28)
FN:459,(anonymous_29)
FN:460,(anonymous_30)
FN:473,(anonymous_31)
FN:496,(anonymous_32)
FN:525,(anonymous_33)
FN:544,(anonymous_34)
FN:550,(anonymous_35)
FN:553,(anonymous_36)
FN:560,(anonymous_37)
FN:568,(anonymous_38)
FN:591,(anonymous_39)
FN:605,(anonymous_40)
FN:696,(anonymous_41)
FN:720,(anonymous_42)
FN:722,(anonymous_43)
FN:728,(anonymous_44)
FN:729,(anonymous_45)
FN:740,(anonymous_46)
FN:745,(anonymous_47)
FN:816,(anonymous_48)
FN:838,(anonymous_49)
FN:843,(anonymous_50)
FN:856,(anonymous_51)
FN:861,(anonymous_52)
FN:862,(anonymous_53)
FN:868,(anonymous_54)
FN:872,(anonymous_55)
FN:877,(anonymous_56)
FN:880,(anonymous_57)
FN:884,(anonymous_58)
FN:888,(anonymous_59)
FN:900,(anonymous_60)
FN:902,(anonymous_61)
FN:907,(anonymous_62)
FN:908,(anonymous_63)
FN:929,(anonymous_64)
FN:933,(anonymous_65)
FN:937,(anonymous_66)
FN:944,(anonymous_67)
FN:949,(anonymous_68)
FN:961,(anonymous_69)
FN:964,(anonymous_70)
FN:969,(anonymous_71)
FN:971,(anonymous_72)
FN:976,(anonymous_73)
FN:978,(anonymous_74)
FN:990,(anonymous_75)
FN:992,(anonymous_76)
FN:997,(anonymous_77)
FN:998,(anonymous_78)
FN:1028,(anonymous_79)
FN:1042,(anonymous_80)
FN:1044,(anonymous_81)
FN:1049,(anonymous_82)
FN:1050,(anonymous_83)
FN:1063,(anonymous_84)
FN:1066,(anonymous_85)
FN:1089,(anonymous_86)
FN:1107,(anonymous_87)
FN:1141,(anonymous_88)
FN:1143,(anonymous_89)
FN:1155,(anonymous_90)
FN:1183,(anonymous_91)
FN:1185,(anonymous_92)
FN:1192,(anonymous_93)
FN:1227,(anonymous_94)
FN:1240,(anonymous_95)
FN:1245,(anonymous_96)
FN:1250,(anonymous_97)
FN:1256,(anonymous_98)
FN:1267,(anonymous_99)
FN:1268,(anonymous_100)
FN:1279,(anonymous_101)
FN:1290,(anonymous_102)
FN:1291,(anonymous_103)
FN:1297,(anonymous_104)
FN:1302,(anonymous_105)
FN:1313,(anonymous_106)
FN:1314,(anonymous_107)
FN:1325,(anonymous_108)
FN:1336,(anonymous_109)
FN:1337,(anonymous_110)
FN:1343,(anonymous_111)
FN:1348,(anonymous_112)
FN:1371,(anonymous_113)
FN:1372,(anonymous_114)
FN:1383,(anonymous_115)
FN:1394,(anonymous_116)
FN:1395,(anonymous_117)
FN:1401,(anonymous_118)
FN:1407,(anonymous_119)
FN:1423,(anonymous_120)
FN:1424,(anonymous_121)
FN:1435,(anonymous_122)
FN:1446,(anonymous_123)
FN:1447,(anonymous_124)
FN:1453,(anonymous_125)
FN:1458,(anonymous_126)
FN:1478,(anonymous_127)
FN:1479,(anonymous_128)
FN:1490,(anonymous_129)
FN:1501,(anonymous_130)
FN:1502,(anonymous_131)
FN:1508,(anonymous_132)
FN:1513,(anonymous_133)
FN:1533,(anonymous_134)
FN:1534,(anonymous_135)
FN:1545,(anonymous_136)
FN:1556,(anonymous_137)
FN:1557,(anonymous_138)
FN:1563,(anonymous_139)
FN:1568,(anonymous_140)
FN:1574,(anonymous_141)
FN:1576,(anonymous_142)
FN:1581,(anonymous_143)
FN:1593,(anonymous_144)
FN:1597,(anonymous_145)
FN:1602,(anonymous_146)
FN:1623,(anonymous_147)
FN:1637,(anonymous_148)
FN:1640,(anonymous_149)
FN:1663,(anonymous_150)
FN:1669,(anonymous_151)
FN:1677,(anonymous_152)
FN:1682,(anonymous_153)
FN:1689,(anonymous_154)
FN:1706,(anonymous_155)
FN:1710,(anonymous_156)
FN:1714,(anonymous_157)
FN:1720,(anonymous_158)
FN:1731,(anonymous_159)
FN:1757,(anonymous_160)
FN:1774,(anonymous_161)
FN:1782,(anonymous_162)
FN:1787,(anonymous_163)
FN:1796,(anonymous_164)
FN:1799,(anonymous_165)
FN:1804,(anonymous_166)
FN:1821,(anonymous_167)
FN:1828,(anonymous_168)
FN:1833,(anonymous_169)
FN:1836,(anonymous_170)
FN:1839,(anonymous_171)
FN:1845,(anonymous_172)
FN:1853,(anonymous_173)
FN:1860,(anonymous_174)
FNF:175
FNH:0
FNDA:0,(anonymous_0)
FNDA:0,(anonymous_1)
FNDA:0,(anonymous_2)
FNDA:0,(anonymous_3)
FNDA:0,(anonymous_4)
FNDA:0,(anonymous_5)
FNDA:0,(anonymous_6)
FNDA:0,(anonymous_7)
FNDA:0,(anonymous_8)
FNDA:0,(anonymous_9)
FNDA:0,(anonymous_10)
FNDA:0,(anonymous_11)
FNDA:0,(anonymous_12)
FNDA:0,(anonymous_13)
FNDA:0,(anonymous_14)
FNDA:0,(anonymous_15)
FNDA:0,(anonymous_16)
FNDA:0,(anonymous_17)
FNDA:0,(anonymous_18)
FNDA:0,(anonymous_19)
FNDA:0,(anonymous_20)
FNDA:0,(anonymous_21)
FNDA:0,(anonymous_22)
FNDA:0,(anonymous_23)
FNDA:0,(anonymous_24)
FNDA:0,(anonymous_25)
FNDA:0,(anonymous_26)
FNDA:0,(anonymous_27)
FNDA:0,(anonymous_28)
FNDA:0,(anonymous_29)
FNDA:0,(anonymous_30)
FNDA:0,(anonymous_31)
FNDA:0,(anonymous_32)
FNDA:0,(anonymous_33)
FNDA:0,(anonymous_34)
FNDA:0,(anonymous_35)
FNDA:0,(anonymous_36)
FNDA:0,(anonymous_37)
FNDA:0,(anonymous_38)
FNDA:0,(anonymous_39)
FNDA:0,(anonymous_40)
FNDA:0,(anonymous_41)
FNDA:0,(anonymous_42)
FNDA:0,(anonymous_43)
FNDA:0,(anonymous_44)
FNDA:0,(anonymous_45)
FNDA:0,(anonymous_46)
FNDA:0,(anonymous_47)
FNDA:0,(anonymous_48)
FNDA:0,(anonymous_49)
FNDA:0,(anonymous_50)
FNDA:0,(anonymous_51)
FNDA:0,(anonymous_52)
FNDA:0,(anonymous_53)
FNDA:0,(anonymous_54)
FNDA:0,(anonymous_55)
FNDA:0,(anonymous_56)
FNDA:0,(anonymous_57)
FNDA:0,(anonymous_58)
FNDA:0,(anonymous_59)
FNDA:0,(anonymous_60)
FNDA:0,(anonymous_61)
FNDA:0,(anonymous_62)
FNDA:0,(anonymous_63)
FNDA:0,(anonymous_64)
FNDA:0,(anonymous_65)
FNDA:0,(anonymous_66)
FNDA:0,(anonymous_67)
FNDA:0,(anonymous_68)
FNDA:0,(anonymous_69)
FNDA:0,(anonymous_70)
FNDA:0,(anonymous_71)
FNDA:0,(anonymous_72)
FNDA:0,(anonymous_73)
FNDA:0,(anonymous_74)
FNDA:0,(anonymous_75)
FNDA:0,(anonymous_76)
FNDA:0,(anonymous_77)
FNDA:0,(anonymous_78)
FNDA:0,(anonymous_79)
FNDA:0,(anonymous_80)
FNDA:0,(anonymous_81)
FNDA:0,(anonymous_82)
FNDA:0,(anonymous_83)
FNDA:0,(anonymous_84)
FNDA:0,(anonymous_85)
FNDA:0,(anonymous_86)
FNDA:0,(anonymous_87)
FNDA:0,(anonymous_88)
FNDA:0,(anonymous_89)
FNDA:0,(anonymous_90)
FNDA:0,(anonymous_91)
FNDA:0,(anonymous_92)
FNDA:0,(anonymous_93)
FNDA:0,(anonymous_94)
FNDA:0,(anonymous_95)
FNDA:0,(anonymous_96)
FNDA:0,(anonymous_97)
FNDA:0,(anonymous_98)
FNDA:0,(anonymous_99)
FNDA:0,(anonymous_100)
FNDA:0,(anonymous_101)
FNDA:0,(anonymous_102)
FNDA:0,(anonymous_103)
FNDA:0,(anonymous_104)
FNDA:0,(anonymous_105)
FNDA:0,(anonymous_106)
FNDA:0,(anonymous_107)
FNDA:0,(anonymous_108)
FNDA:0,(anonymous_109)
FNDA:0,(anonymous_110)
FNDA:0,(anonymous_111)
FNDA:0,(anonymous_112)
FNDA:0,(anonymous_113)
FNDA:0,(anonymous_114)
FNDA:0,(anonymous_115)
FNDA:0,(anonymous_116)
FNDA:0,(anonymous_117)
FNDA:0,(anonymous_118)
FNDA:0,(anonymous_119)
FNDA:0,(anonymous_120)
FNDA:0,(anonymous_121)
FNDA:0,(anonymous_122)
FNDA:0,(anonymous_123)
FNDA:0,(anonymous_124)
FNDA:0,(anonymous_125)
FNDA:0,(anonymous_126)
FNDA:0,(anonymous_127)
FNDA:0,(anonymous_128)
FNDA:0,(anonymous_129)
FNDA:0,(anonymous_130)
FNDA:0,(anonymous_131)
FNDA:0,(anonymous_132)
FNDA:0,(anonymous_133)
FNDA:0,(anonymous_134)
FNDA:0,(anonymous_135)
FNDA:0,(anonymous_136)
FNDA:0,(anonymous_137)
FNDA:0,(anonymous_138)
FNDA:0,(anonymous_139)
FNDA:0,(anonymous_140)
FNDA:0,(anonymous_141)
FNDA:0,(anonymous_142)
FNDA:0,(anonymous_143)
FNDA:0,(anonymous_144)
FNDA:0,(anonymous_145)
FNDA:0,(anonymous_146)
FNDA:0,(anonymous_147)
FNDA:0,(anonymous_148)
FNDA:0,(anonymous_149)
FNDA:0,(anonymous_150)
FNDA:0,(anonymous_151)
FNDA:0,(anonymous_152)
FNDA:0,(anonymous_153)
FNDA:0,(anonymous_154)
FNDA:0,(anonymous_155)
FNDA:0,(anonymous_156)
FNDA:0,(anonymous_157)
FNDA:0,(anonymous_158)
FNDA:0,(anonymous_159)
FNDA:0,(anonymous_160)
FNDA:0,(anonymous_161)
FNDA:0,(anonymous_162)
FNDA:0,(anonymous_163)
FNDA:0,(anonymous_164)
FNDA:0,(anonymous_165)
FNDA:0,(anonymous_166)
FNDA:0,(anonymous_167)
FNDA:0,(anonymous_168)
FNDA:0,(anonymous_169)
FNDA:0,(anonymous_170)
FNDA:0,(anonymous_171)
FNDA:0,(anonymous_172)
FNDA:0,(anonymous_173)
FNDA:0,(anonymous_174)
DA:1,0
DA:2,0
DA:3,0
DA:4,0
DA:5,0
DA:6,0
DA:7,0
DA:8,0
DA:9,0
DA:10,0
DA:11,0
DA:12,0
DA:13,0
DA:14,0
DA:17,0
DA:18,0
DA:24,0
DA:26,0
DA:29,0
DA:32,0
DA:36,0
DA:37,0
DA:42,0
DA:45,0
DA:49,0
DA:51,0
DA:58,0
DA:61,0
DA:65,0
DA:66,0
DA:67,0
DA:68,0
DA:69,0
DA:78,0
DA:79,0
DA:96,0
DA:97,0
DA:98,0
DA:99,0
DA:103,0
DA:104,0
DA:106,0
DA:107,0
DA:109,0
DA:110,0
DA:111,0
DA:112,0
DA:114,0
DA:117,0
DA:119,0
DA:120,0
DA:122,0
DA:123,0
DA:124,0
DA:125,0
DA:126,0
DA:127,0
DA:131,0
DA:132,0
DA:134,0
DA:135,0
DA:136,0
DA:137,0
DA:138,0
DA:141,0
DA:149,0
DA:153,0
DA:154,0
DA:155,0
DA:156,0
DA:157,0
DA:158,0
DA:160,0
DA:176,0
DA:177,0
DA:179,0
DA:181,0
DA:186,0
DA:205,0
DA:206,0
DA:208,0
DA:218,0
DA:240,0
DA:241,0
DA:243,0
DA:246,0
DA:255,0
DA:256,0
DA:257,0
DA:264,0
DA:265,0
DA:266,0
DA:267,0
DA:268,0
DA:269,0
DA:270,0
DA:271,0
DA:272,0
DA:273,0
DA:274,0
DA:275,0
DA:276,0
DA:281,0
DA:284,0
DA:285,0
DA:286,0
DA:287,0
DA:288,0
DA:290,0
DA:306,0
DA:307,0
DA:311,0
DA:316,0
DA:335,0
DA:336,0
DA:346,0
DA:368,0
DA:369,0
DA:373,0
DA:383,0
DA:384,0
DA:400,0
DA:401,0
DA:403,0
DA:409,0
DA:410,0
DA:411,0
DA:412,0
DA:414,0
DA:415,0
DA:416,0
DA:417,0
DA:418,0
DA:420,0
DA:421,0
DA:422,0
DA:425,0
DA:427,0
DA:428,0
DA:429,0
DA:430,0
DA:431,0
DA:432,0
DA:433,0
DA:435,0
DA:436,0
DA:438,0
DA:439,0
DA:440,0
DA:441,0
DA:453,0
DA:454,0
DA:455,0
DA:456,0
DA:459,0
DA:460,0
DA:462,0
DA:463,0
DA:464,0
DA:465,0
DA:466,0
DA:467,0
DA:469,0
DA:472,0
DA:474,0
DA:475,0
DA:476,0
DA:477,0
DA:478,0
DA:479,0
DA:480,0
DA:482,0
DA:483,0
DA:485,0
DA:487,0
DA:496,0
DA:498,0
DA:500,0
DA:502,0
DA:504,0
DA:511,0
DA:512,0
DA:513,0
DA:514,0
DA:515,0
DA:516,0
DA:518,0
DA:520,0
DA:521,0
DA:525,0
DA:526,0
DA:527,0
DA:528,0
DA:529,0
DA:530,0
DA:531,0
DA:536,0
DA:537,0
DA:539,0
DA:545,0
DA:546,0
DA:548,0
DA:551,0
DA:552,0
DA:554,0
DA:555,0
DA:556,0
DA:557,0
DA:561,0
DA:562,0
DA:563,0
DA:564,0
DA:565,0
DA:569,0
DA:570,0
DA:571,0
DA:580,0
DA:591,0
DA:592,0
DA:593,0
DA:595,0
DA:596,0
DA:605,0
DA:607,0
DA:608,0
DA:609,0
DA:610,0
DA:626,0
DA:666,0
DA:690,0
DA:706,0
DA:722,0
DA:723,0
DA:724,0
DA:727,0
DA:728,0
DA:729,0
DA:730,0
DA:731,0
DA:732,0
DA:737,0
DA:741,0
DA:745,0
DA:747,0
DA:748,0
DA:749,0
DA:750,0
DA:766,0
DA:789,0
DA:799,0
DA:800,0
DA:816,0
DA:817,0
DA:818,0
DA:839,0
DA:844,0
DA:845,0
DA:846,0
DA:849,0
DA:850,0
DA:854,0
DA:857,0
DA:862,0
DA:863,0
DA:865,0
DA:866,0
DA:869,0
DA:873,0
DA:877,0
DA:879,0
DA:881,0
DA:882,0
DA:883,0
DA:885,0
DA:886,0
DA:889,0
DA:901,0
DA:902,0
DA:903,0
DA:904,0
DA:907,0
DA:908,0
DA:910,0
DA:911,0
DA:912,0
DA:913,0
DA:914,0
DA:915,0
DA:917,0
DA:920,0
DA:921,0
DA:922,0
DA:923,0
DA:924,0
DA:925,0
DA:930,0
DA:931,0
DA:934,0
DA:935,0
DA:938,0
DA:945,0
DA:949,0
DA:950,0
DA:962,0
DA:965,0
DA:969,0
DA:970,0
DA:972,0
DA:973,0
DA:974,0
DA:977,0
DA:979,0
DA:991,0
DA:992,0
DA:993,0
DA:994,0
DA:997,0
DA:998,0
DA:1002,0
DA:1003,0
DA:1004,0
DA:1005,0
DA:1006,0
DA:1007,0
DA:1009,0
DA:1012,0
DA:1013,0
DA:1014,0
DA:1015,0
DA:1016,0
DA:1017,0
DA:1018,0
DA:1019,0
DA:1020,0
DA:1021,0
DA:1028,0
DA:1029,0
DA:1030,0
DA:1031,0
DA:1032,0
DA:1033,0
DA:1043,0
DA:1044,0
DA:1045,0
DA:1046,0
DA:1049,0
DA:1050,0
DA:1052,0
DA:1053,0
DA:1054,0
DA:1055,0
DA:1056,0
DA:1057,0
DA:1059,0
DA:1062,0
DA:1064,0
DA:1065,0
DA:1067,0
DA:1068,0
DA:1078,0
DA:1089,0
DA:1090,0
DA:1091,0
DA:1093,0
DA:1097,0
DA:1103,0
DA:1107,0
DA:1108,0
DA:1109,0
DA:1110,0
DA:1111,0
DA:1112,0
DA:1114,0
DA:1120,0
DA:1135,0
DA:1142,0
DA:1143,0
DA:1144,0
DA:1146,0
DA:1157,0
DA:1158,0
DA:1159,0
DA:1160,0
DA:1161,0
DA:1162,0
DA:1165,0
DA:1167,0
DA:1169,0
DA:1171,0
DA:1172,0
DA:1173,0
DA:1174,0
DA:1175,0
DA:1176,0
DA:1181,0
DA:1184,0
DA:1186,0
DA:1192,0
DA:1193,0
DA:1194,0
DA:1195,0
DA:1197,0
DA:1203,0
DA:1209,0
DA:1217,0
DA:1227,0
DA:1228,0
DA:1238,0
DA:1239,0
DA:1241,0
DA:1244,0
DA:1246,0
DA:1248,0
DA:1251,0
DA:1256,0
DA:1257,0
DA:1268,0
DA:1269,0
DA:1270,0
DA:1280,0
DA:1281,0
DA:1282,0
DA:1284,0
DA:1285,0
DA:1290,0
DA:1291,0
DA:1292,0
DA:1294,0
DA:1298,0
DA:1302,0
DA:1303,0
DA:1314,0
DA:1315,0
DA:1316,0
DA:1326,0
DA:1327,0
DA:1328,0
DA:1330,0
DA:1331,0
DA:1336,0
DA:1337,0
DA:1338,0
DA:1340,0
DA:1344,0
DA:1348,0
DA:1350,0
DA:1358,0
DA:1372,0
DA:1373,0
DA:1374,0
DA:1384,0
DA:1385,0
DA:1386,0
DA:1388,0
DA:1389,0
DA:1394,0
DA:1395,0
DA:1396,0
DA:1398,0
DA:1402,0
DA:1407,0
DA:1409,0
DA:1417,0
DA:1424,0
DA:1425,0
DA:1426,0
DA:1436,0
DA:1437,0
DA:1438,0
DA:1440,0
DA:1441,0
DA:1446,0
DA:1447,0
DA:1448,0
DA:1450,0
DA:1454,0
DA:1458,0
DA:1460,0
DA:1468,0
DA:1479,0
DA:1480,0
DA:1481,0
DA:1491,0
DA:1492,0
DA:1493,0
DA:1495,0
DA:1496,0
DA:1501,0
DA:1502,0
DA:1503,0
DA:1505,0
DA:1509,0
DA:1513,0
DA:1515,0
DA:1523,0
DA:1534,0
DA:1535,0
DA:1536,0
DA:1546,0
DA:1547,0
DA:1548,0
DA:1550,0
DA:1551,0
DA:1556,0
DA:1557,0
DA:1558,0
DA:1560,0
DA:1564,0
DA:1568,0
DA:1569,0
DA:1575,0
DA:1577,0
DA:1581,0
DA:1583,0
DA:1589,0
DA:1594,0
DA:1595,0
DA:1596,0
DA:1598,0
DA:1602,0
DA:1603,0
DA:1604,0
DA:1611,0
DA:1617,0
DA:1618,0
DA:1619,0
DA:1620,0
DA:1623,0
DA:1625,0
DA:1633,0
DA:1639,0
DA:1640,0
DA:1642,0
DA:1644,0
DA:1645,0
DA:1646,0
DA:1648,0
DA:1649,0
DA:1650,0
DA:1652,0
DA:1653,0
DA:1654,0
DA:1656,0
DA:1657,0
DA:1658,0
DA:1662,0
DA:1664,0
DA:1669,0
DA:1671,0
DA:1678,0
DA:1679,0
DA:1680,0
DA:1683,0
DA:1684,0
DA:1689,0
DA:1690,0
DA:1699,0
DA:1703,0
DA:1704,0
DA:1706,0
DA:1708,0
DA:1710,0
DA:1712,0
DA:1714,0
DA:1716,0
DA:1717,0
DA:1718,0
DA:1720,0
DA:1722,0
DA:1728,0
DA:1731,0
DA:1733,0
DA:1735,0
DA:1751,0
DA:1757,0
DA:1759,0
DA:1761,0
DA:1766,0
DA:1774,0
DA:1775,0
DA:1776,0
DA:1779,0
DA:1782,0
DA:1783,0
DA:1787,0
DA:1788,0
DA:1795,0
DA:1797,0
DA:1800,0
DA:1804,0
DA:1806,0
DA:1817,0
DA:1822,0
DA:1823,0
DA:1824,0
DA:1826,0
DA:1829,0
DA:1833,0
DA:1835,0
DA:1837,0
DA:1840,0
DA:1843,0
DA:1845,0
DA:1846,0
DA:1847,0
DA:1849,0
DA:1853,0
DA:1854,0
DA:1861,0
DA:1862,0
DA:1863,0
LF:611
LH:0
BRDA:96,0,0,0
BRDA:96,0,1,0
BRDA:98,1,0,0
BRDA:98,1,1,0
BRDA:106,2,0,0
BRDA:106,2,1,0
BRDA:109,3,0,0
BRDA:109,3,1,0
BRDA:111,4,0,0
BRDA:111,4,1,0
BRDA:119,5,0,0
BRDA:119,5,1,0
BRDA:122,6,0,0
BRDA:122,6,1,0
BRDA:134,7,0,0
BRDA:134,7,1,0
BRDA:158,8,0,0
BRDA:158,8,1,0
BRDA:176,9,0,0
BRDA:176,9,1,0
BRDA:181,10,0,0
BRDA:181,10,1,0
BRDA:205,11,0,0
BRDA:205,11,1,0
BRDA:240,12,0,0
BRDA:240,12,1,0
BRDA:255,13,0,0
BRDA:255,13,1,0
BRDA:264,14,0,0
BRDA:264,14,1,0
BRDA:265,15,0,0
BRDA:265,15,1,0
BRDA:268,16,0,0
BRDA:268,16,1,0
BRDA:271,17,0,0
BRDA:271,17,1,0
BRDA:274,18,0,0
BRDA:274,18,1,0
BRDA:288,19,0,0
BRDA:288,19,1,0
BRDA:306,20,0,0
BRDA:306,20,1,0
BRDA:311,21,0,0
BRDA:311,21,1,0
BRDA:335,22,0,0
BRDA:335,22,1,0
BRDA:368,23,0,0
BRDA:368,23,1,0
BRDA:414,24,0,0
BRDA:414,24,1,0
BRDA:416,25,0,0
BRDA:416,25,1,0
BRDA:417,26,0,0
BRDA:417,26,1,0
BRDA:421,27,0,0
BRDA:421,27,1,0
BRDA:431,28,0,0
BRDA:431,28,1,0
BRDA:440,29,0,0
BRDA:440,29,1,0
BRDA:453,30,0,0
BRDA:453,30,1,0
BRDA:455,31,0,0
BRDA:455,31,1,0
BRDA:462,32,0,0
BRDA:462,32,1,0
BRDA:464,33,0,0
BRDA:464,33,1,0
BRDA:466,34,0,0
BRDA:466,34,1,0
BRDA:478,35,0,0
BRDA:478,35,1,0
BRDA:511,36,0,0
BRDA:511,36,1,0
BRDA:511,37,0,0
BRDA:511,37,1,0
BRDA:513,38,0,0
BRDA:513,38,1,0
BRDA:513,39,0,0
BRDA:513,39,1,0
BRDA:515,40,0,0
BRDA:515,40,1,0
BRDA:515,41,0,0
BRDA:515,41,1,0
BRDA:536,42,0,0
BRDA:536,42,1,0
BRDA:545,43,0,0
BRDA:545,43,1,0
BRDA:551,44,0,0
BRDA:551,44,1,0
BRDA:554,45,0,0
BRDA:554,45,1,0
BRDA:561,46,0,0
BRDA:561,46,1,0
BRDA:569,47,0,0
BRDA:569,47,1,0
BRDA:592,48,0,0
BRDA:592,48,1,0
BRDA:610,49,0,0
BRDA:610,49,1,0
BRDA:727,50,0,0
BRDA:727,50,1,0
BRDA:730,51,0,0
BRDA:730,51,1,0
BRDA:749,52,0,0
BRDA:749,52,1,0
BRDA:844,53,0,0
BRDA:844,53,1,0
BRDA:901,54,0,0
BRDA:901,54,1,0
BRDA:903,55,0,0
BRDA:903,55,1,0
BRDA:910,56,0,0
BRDA:910,56,1,0
BRDA:912,57,0,0
BRDA:912,57,1,0
BRDA:914,58,0,0
BRDA:914,58,1,0
BRDA:991,59,0,0
BRDA:991,59,1,0
BRDA:993,60,0,0
BRDA:993,60,1,0
BRDA:1002,61,0,0
BRDA:1002,61,1,0
BRDA:1004,62,0,0
BRDA:1004,62,1,0
BRDA:1006,63,0,0
BRDA:1006,63,1,0
BRDA:1032,64,0,0
BRDA:1032,64,1,0
BRDA:1032,65,0,0
BRDA:1032,65,1,0
BRDA:1032,65,2,0
BRDA:1032,65,3,0
BRDA:1043,66,0,0
BRDA:1043,66,1,0
BRDA:1045,67,0,0
BRDA:1045,67,1,0
BRDA:1052,68,0,0
BRDA:1052,68,1,0
BRDA:1054,69,0,0
BRDA:1054,69,1,0
BRDA:1056,70,0,0
BRDA:1056,70,1,0
BRDA:1067,71,0,0
BRDA:1067,71,1,0
BRDA:1090,72,0,0
BRDA:1090,72,1,0
BRDA:1112,73,0,0
BRDA:1112,73,1,0
BRDA:1142,74,0,0
BRDA:1142,74,1,0
BRDA:1165,75,0,0
BRDA:1165,75,1,0
BRDA:1171,76,0,0
BRDA:1171,76,1,0
BRDA:1195,77,0,0
BRDA:1195,77,1,0
BRDA:1238,78,0,0
BRDA:1238,78,1,0
BRDA:1269,79,0,0
BRDA:1269,79,1,0
BRDA:1280,80,0,0
BRDA:1280,80,1,0
BRDA:1315,81,0,0
BRDA:1315,81,1,0
BRDA:1326,82,0,0
BRDA:1326,82,1,0
BRDA:1373,83,0,0
BRDA:1373,83,1,0
BRDA:1384,84,0,0
BRDA:1384,84,1,0
BRDA:1425,85,0,0
BRDA:1425,85,1,0
BRDA:1436,86,0,0
BRDA:1436,86,1,0
BRDA:1480,87,0,0
BRDA:1480,87,1,0
BRDA:1491,88,0,0
BRDA:1491,88,1,0
BRDA:1535,89,0,0
BRDA:1535,89,1,0
BRDA:1546,90,0,0
BRDA:1546,90,1,0
BRDA:1639,91,0,0
BRDA:1639,91,1,0
BRDA:1644,92,0,0
BRDA:1644,92,1,0
BRDA:1648,93,0,0
BRDA:1648,93,1,0
BRDA:1652,94,0,0
BRDA:1652,94,1,0
BRDA:1656,95,0,0
BRDA:1656,95,1,0
BRDA:1775,96,0,0
BRDA:1775,96,1,0
BRDA:1822,97,0,0
BRDA:1822,97,1,0
BRDA:1846,98,0,0
BRDA:1846,98,1,0
BRDA:1847,99,0,0
BRDA:1847,99,1,0
BRF:202
BRH:0
end_of_record
TN:
SF:/home/aspl/Desktop/development/jasmine/ayantra_service/controllers/patientController.js
FN:12,(anonymous_0)
FN:19,(anonymous_1)
FN:26,(anonymous_2)
FN:32,(anonymous_3)
FN:38,(anonymous_4)
FN:41,(anonymous_5)
FN:46,(anonymous_6)
FN:52,(anonymous_7)
FN:59,(anonymous_8)
FN:65,(anonymous_9)
FN:71,(anonymous_10)
FN:74,(anonymous_11)
FN:79,(anonymous_12)
FN:94,(anonymous_13)
FN:98,(anonymous_14)
FN:107,(anonymous_15)
FN:111,(anonymous_16)
FN:115,(anonymous_17)
FN:119,(anonymous_18)
FN:123,(anonymous_19)
FN:127,(anonymous_20)
FN:131,(anonymous_21)
FN:136,(anonymous_22)
FN:142,(anonymous_23)
FN:148,(anonymous_24)
FN:151,(anonymous_25)
FN:156,(anonymous_26)
FN:170,(anonymous_27)
FN:173,(anonymous_28)
FN:178,(anonymous_29)
FN:191,(anonymous_30)
FN:194,(anonymous_31)
FN:199,(anonymous_32)
FN:213,(anonymous_33)
FN:216,(anonymous_34)
FN:221,(anonymous_35)
FN:234,(anonymous_36)
FN:237,(anonymous_37)
FN:242,(anonymous_38)
FN:255,(anonymous_39)
FN:258,(anonymous_40)
FN:263,(anonymous_41)
FN:276,(anonymous_42)
FN:279,(anonymous_43)
FN:284,(anonymous_44)
FN:298,(anonymous_45)
FN:301,(anonymous_46)
FN:306,(anonymous_47)
FN:319,(anonymous_48)
FN:322,(anonymous_49)
FN:327,(anonymous_50)
FN:338,(anonymous_51)
FN:358,(anonymous_52)
FN:363,(anonymous_53)
FN:373,(anonymous_54)
FN:390,(anonymous_55)
FN:398,(anonymous_56)
FN:404,(anonymous_57)
FN:411,(anonymous_58)
FN:433,(anonymous_59)
FN:442,(anonymous_60)
FN:456,(anonymous_61)
FN:458,(anonymous_62)
FN:472,(anonymous_63)
FN:474,(anonymous_64)
FN:488,(anonymous_65)
FN:490,(anonymous_66)
FN:504,(anonymous_67)
FN:507,(anonymous_68)
FN:521,(anonymous_69)
FN:524,(anonymous_70)
FN:538,(anonymous_71)
FN:540,(anonymous_72)
FN:554,(anonymous_73)
FN:557,(anonymous_74)
FN:563,(anonymous_75)
FN:579,(anonymous_76)
FN:592,(anonymous_77)
FN:598,(anonymous_78)
FN:604,(anonymous_79)
FN:607,(anonymous_80)
FN:612,(anonymous_81)
FN:627,(anonymous_82)
FN:658,(anonymous_83)
FN:664,(anonymous_84)
FN:670,(anonymous_85)
FN:673,(anonymous_86)
FN:678,(anonymous_87)
FN:692,(anonymous_88)
FN:716,(anonymous_89)
FN:722,(anonymous_90)
FN:728,(anonymous_91)
FN:731,(anonymous_92)
FN:736,(anonymous_93)
FN:751,(anonymous_94)
FN:766,(anonymous_95)
FN:772,(anonymous_96)
FN:778,(anonymous_97)
FN:781,(anonymous_98)
FN:786,(anonymous_99)
FN:802,(anonymous_100)
FN:819,(anonymous_101)
FN:825,(anonymous_102)
FN:831,(anonymous_103)
FN:834,(anonymous_104)
FN:839,(anonymous_105)
FN:854,(anonymous_106)
FN:905,(anonymous_107)
FN:911,(anonymous_108)
FN:917,(anonymous_109)
FN:920,(anonymous_110)
FN:925,(anonymous_111)
FN:941,(anonymous_112)
FN:961,(anonymous_113)
FN:967,(anonymous_114)
FN:973,(anonymous_115)
FN:976,(anonymous_116)
FN:981,(anonymous_117)
FN:996,(anonymous_118)
FN:1026,(anonymous_119)
FN:1032,(anonymous_120)
FN:1038,(anonymous_121)
FN:1041,(anonymous_122)
FN:1046,(anonymous_123)
FN:1056,(anonymous_124)
FN:1058,(anonymous_125)
FN:1289,(anonymous_126)
FN:1297,(anonymous_127)
FN:1301,(anonymous_128)
FN:1306,(anonymous_129)
FN:1339,(anonymous_130)
FN:1344,(anonymous_131)
FN:1354,(anonymous_132)
FN:1361,(anonymous_133)
FN:1408,(anonymous_134)
FN:1419,(anonymous_135)
FN:1430,(anonymous_136)
FN:1444,(anonymous_137)
FN:1459,(anonymous_138)
FN:1471,(anonymous_139)
FN:1488,(anonymous_140)
FN:1493,(anonymous_141)
FN:1499,(anonymous_142)
FN:1510,(anonymous_143)
FN:1520,(anonymous_144)
FN:1536,(anonymous_145)
FN:1539,(anonymous_146)
FN:1545,(anonymous_147)
FN:1587,(anonymous_148)
FN:1594,(anonymous_149)
FN:1596,(anonymous_150)
FN:1827,(anonymous_151)
FN:1835,(anonymous_152)
FN:1839,(anonymous_153)
FN:1844,(anonymous_154)
FN:1864,(anonymous_155)
FN:1875,(anonymous_156)
FN:1877,(anonymous_157)
FN:1889,(anonymous_158)
FNF:159
FNH:115
FNDA:1,(anonymous_0)
FNDA:1,(anonymous_1)
FNDA:1,(anonymous_2)
FNDA:1,(anonymous_3)
FNDA:1,(anonymous_4)
FNDA:0,(anonymous_5)
FNDA:1,(anonymous_6)
FNDA:1,(anonymous_7)
FNDA:1,(anonymous_8)
FNDA:1,(anonymous_9)
FNDA:1,(anonymous_10)
FNDA:0,(anonymous_11)
FNDA:1,(anonymous_12)
FNDA:1,(anonymous_13)
FNDA:0,(anonymous_14)
FNDA:0,(anonymous_15)
FNDA:0,(anonymous_16)
FNDA:0,(anonymous_17)
FNDA:0,(anonymous_18)
FNDA:0,(anonymous_19)
FNDA:0,(anonymous_20)
FNDA:0,(anonymous_21)
FNDA:1,(anonymous_22)
FNDA:1,(anonymous_23)
FNDA:1,(anonymous_24)
FNDA:0,(anonymous_25)
FNDA:1,(anonymous_26)
FNDA:1,(anonymous_27)
FNDA:0,(anonymous_28)
FNDA:1,(anonymous_29)
FNDA:1,(anonymous_30)
FNDA:0,(anonymous_31)
FNDA:1,(anonymous_32)
FNDA:1,(anonymous_33)
FNDA:0,(anonymous_34)
FNDA:1,(anonymous_35)
FNDA:1,(anonymous_36)
FNDA:0,(anonymous_37)
FNDA:1,(anonymous_38)
FNDA:1,(anonymous_39)
FNDA:0,(anonymous_40)
FNDA:1,(anonymous_41)
FNDA:1,(anonymous_42)
FNDA:0,(anonymous_43)
FNDA:1,(anonymous_44)
FNDA:1,(anonymous_45)
FNDA:0,(anonymous_46)
FNDA:1,(anonymous_47)
FNDA:1,(anonymous_48)
FNDA:0,(anonymous_49)
FNDA:2,(anonymous_50)
FNDA:2,(anonymous_51)
FNDA:1,(anonymous_52)
FNDA:1,(anonymous_53)
FNDA:1,(anonymous_54)
FNDA:1,(anonymous_55)
FNDA:1,(anonymous_56)
FNDA:0,(anonymous_57)
FNDA:1,(anonymous_58)
FNDA:1,(anonymous_59)
FNDA:0,(anonymous_60)
FNDA:1,(anonymous_61)
FNDA:0,(anonymous_62)
FNDA:1,(anonymous_63)
FNDA:0,(anonymous_64)
FNDA:1,(anonymous_65)
FNDA:0,(anonymous_66)
FNDA:1,(anonymous_67)
FNDA:0,(anonymous_68)
FNDA:1,(anonymous_69)
FNDA:0,(anonymous_70)
FNDA:1,(anonymous_71)
FNDA:0,(anonymous_72)
FNDA:1,(anonymous_73)
FNDA:0,(anonymous_74)
FNDA:1,(anonymous_75)
FNDA:1,(anonymous_76)
FNDA:1,(anonymous_77)
FNDA:1,(anonymous_78)
FNDA:1,(anonymous_79)
FNDA:0,(anonymous_80)
FNDA:1,(anonymous_81)
FNDA:1,(anonymous_82)
FNDA:1,(anonymous_83)
FNDA:1,(anonymous_84)
FNDA:1,(anonymous_85)
FNDA:0,(anonymous_86)
FNDA:1,(anonymous_87)
FNDA:1,(anonymous_88)
FNDA:1,(anonymous_89)
FNDA:1,(anonymous_90)
FNDA:1,(anonymous_91)
FNDA:0,(anonymous_92)
FNDA:1,(anonymous_93)
FNDA:1,(anonymous_94)
FNDA:1,(anonymous_95)
FNDA:1,(anonymous_96)
FNDA:1,(anonymous_97)
FNDA:0,(anonymous_98)
FNDA:1,(anonymous_99)
FNDA:1,(anonymous_100)
FNDA:1,(anonymous_101)
FNDA:1,(anonymous_102)
FNDA:1,(anonymous_103)
FNDA:0,(anonymous_104)
FNDA:1,(anonymous_105)
FNDA:1,(anonymous_106)
FNDA:1,(anonymous_107)
FNDA:1,(anonymous_108)
FNDA:1,(anonymous_109)
FNDA:0,(anonymous_110)
FNDA:1,(anonymous_111)
FNDA:1,(anonymous_112)
FNDA:1,(anonymous_113)
FNDA:1,(anonymous_114)
FNDA:1,(anonymous_115)
FNDA:0,(anonymous_116)
FNDA:1,(anonymous_117)
FNDA:1,(anonymous_118)
FNDA:1,(anonymous_119)
FNDA:1,(anonymous_120)
FNDA:1,(anonymous_121)
FNDA:0,(anonymous_122)
FNDA:1,(anonymous_123)
FNDA:1,(anonymous_124)
FNDA:1,(anonymous_125)
FNDA:1,(anonymous_126)
FNDA:0,(anonymous_127)
FNDA:1,(anonymous_128)
FNDA:1,(anonymous_129)
FNDA:1,(anonymous_130)
FNDA:1,(anonymous_131)
FNDA:0,(anonymous_132)
FNDA:1,(anonymous_133)
FNDA:1,(anonymous_134)
FNDA:1,(anonymous_135)
FNDA:0,(anonymous_136)
FNDA:0,(anonymous_137)
FNDA:0,(anonymous_138)
FNDA:1,(anonymous_139)
FNDA:1,(anonymous_140)
FNDA:1,(anonymous_141)
FNDA:1,(anonymous_142)
FNDA:1,(anonymous_143)
FNDA:1,(anonymous_144)
FNDA:0,(anonymous_145)
FNDA:1,(anonymous_146)
FNDA:1,(anonymous_147)
FNDA:1,(anonymous_148)
FNDA:1,(anonymous_149)
FNDA:1,(anonymous_150)
FNDA:1,(anonymous_151)
FNDA:1,(anonymous_152)
FNDA:0,(anonymous_153)
FNDA:1,(anonymous_154)
FNDA:1,(anonymous_155)
FNDA:1,(anonymous_156)
FNDA:3,(anonymous_157)
FNDA:0,(anonymous_158)
DA:1,1
DA:2,1
DA:3,1
DA:4,1
DA:5,1
DA:6,1
DA:7,1
DA:8,1
DA:9,1
DA:10,1
DA:12,1
DA:14,1
DA:20,1
DA:21,0
DA:23,1
DA:24,1
DA:27,1
DA:33,1
DA:34,1
DA:36,1
DA:39,1
DA:42,0
DA:46,1
DA:47,1
DA:53,1
DA:54,0
DA:56,1
DA:57,1
DA:60,1
DA:66,1
DA:67,1
DA:69,1
DA:72,1
DA:75,0
DA:79,1
DA:81,1
DA:83,1
DA:84,0
DA:85,0
DA:88,1
DA:95,1
DA:96,1
DA:99,0
DA:103,1
DA:105,1
DA:107,1
DA:108,0
DA:111,1
DA:112,0
DA:115,1
DA:116,0
DA:119,1
DA:120,0
DA:123,1
DA:124,0
DA:127,1
DA:128,0
DA:131,1
DA:132,0
DA:135,1
DA:137,1
DA:143,1
DA:144,1
DA:146,1
DA:149,1
DA:152,0
DA:156,1
DA:158,1
DA:159,1
DA:160,1
DA:161,1
DA:162,1
DA:171,1
DA:174,0
DA:178,1
DA:179,1
DA:180,1
DA:181,1
DA:182,1
DA:183,1
DA:192,1
DA:195,0
DA:199,1
DA:200,1
DA:201,1
DA:202,1
DA:203,1
DA:205,1
DA:214,1
DA:217,0
DA:221,1
DA:222,1
DA:223,1
DA:224,1
DA:225,1
DA:226,1
DA:235,1
DA:238,0
DA:242,1
DA:243,1
DA:244,1
DA:245,1
DA:246,1
DA:247,1
DA:256,1
DA:259,0
DA:263,1
DA:264,1
DA:265,1
DA:266,1
DA:267,1
DA:268,1
DA:277,1
DA:280,0
DA:284,1
DA:285,1
DA:286,1
DA:287,1
DA:289,1
DA:290,1
DA:299,1
DA:302,0
DA:306,1
DA:307,1
DA:308,1
DA:309,1
DA:310,1
DA:311,1
DA:320,1
DA:323,0
DA:327,1
DA:329,2
DA:339,2
DA:340,2
DA:341,1
DA:347,1
DA:348,1
DA:349,0
DA:350,0
DA:351,0
DA:352,0
DA:359,1
DA:363,1
DA:364,1
DA:365,1
DA:366,1
DA:367,1
DA:375,1
DA:376,0
DA:378,1
DA:383,1
DA:384,1
DA:385,1
DA:391,1
DA:392,0
DA:394,1
DA:395,1
DA:399,1
DA:405,0
DA:411,1
DA:412,1
DA:423,1
DA:435,1
DA:437,0
DA:441,1
DA:443,0
DA:446,1
DA:457,1
DA:459,0
DA:462,1
DA:473,1
DA:475,0
DA:478,1
DA:489,1
DA:491,0
DA:494,1
DA:505,1
DA:508,0
DA:511,1
DA:522,1
DA:525,0
DA:528,1
DA:539,1
DA:541,0
DA:544,1
DA:555,1
DA:556,1
DA:558,0
DA:563,1
DA:565,1
DA:567,1
DA:568,0
DA:569,0
DA:572,1
DA:581,1
DA:583,0
DA:587,1
DA:589,1
DA:593,1
DA:599,1
DA:600,1
DA:602,1
DA:605,1
DA:608,0
DA:612,1
DA:614,1
DA:616,1
DA:617,0
DA:618,0
DA:620,1
DA:629,1
DA:631,1
DA:633,0
DA:636,1
DA:637,1
DA:638,1
DA:655,1
DA:659,1
DA:665,1
DA:666,1
DA:668,1
DA:671,1
DA:674,0
DA:678,1
DA:679,1
DA:681,1
DA:682,0
DA:683,0
DA:685,1
DA:693,1
DA:695,0
DA:698,1
DA:699,1
DA:713,1
DA:717,1
DA:723,1
DA:724,1
DA:726,1
DA:729,1
DA:732,0
DA:736,1
DA:738,1
DA:740,1
DA:741,0
DA:742,0
DA:744,1
DA:752,1
DA:754,0
DA:757,1
DA:758,1
DA:763,1
DA:767,1
DA:773,1
DA:774,1
DA:776,1
DA:779,1
DA:782,0
DA:786,1
DA:788,1
DA:790,1
DA:791,0
DA:792,0
DA:795,1
DA:803,1
DA:805,0
DA:808,1
DA:809,1
DA:816,1
DA:820,1
DA:826,1
DA:827,1
DA:829,1
DA:832,1
DA:835,0
DA:839,1
DA:841,1
DA:843,1
DA:844,0
DA:845,0
DA:847,1
DA:855,1
DA:857,0
DA:860,1
DA:861,1
DA:902,1
DA:906,1
DA:912,1
DA:913,1
DA:915,1
DA:918,1
DA:921,0
DA:925,1
DA:927,1
DA:929,1
DA:930,0
DA:931,0
DA:934,1
DA:942,1
DA:944,0
DA:947,1
DA:948,1
DA:958,1
DA:962,1
DA:968,1
DA:969,1
DA:971,1
DA:974,1
DA:977,0
DA:981,1
DA:983,1
DA:985,1
DA:986,0
DA:987,0
DA:989,1
DA:997,1
DA:999,0
DA:1002,1
DA:1003,1
DA:1023,1
DA:1027,1
DA:1033,1
DA:1034,1
DA:1036,1
DA:1039,1
DA:1042,0
DA:1046,1
DA:1048,1
DA:1049,1
DA:1058,1
DA:1060,1
DA:1061,1
DA:1063,1
DA:1064,1
DA:1066,1
DA:1069,1
DA:1071,1
DA:1073,1
DA:1075,1
DA:1289,1
DA:1290,1
DA:1293,1
DA:1294,0
DA:1296,0
DA:1302,1
DA:1306,1
DA:1308,1
DA:1317,1
DA:1334,1
DA:1340,1
DA:1341,0
DA:1343,1
DA:1345,1
DA:1346,1
DA:1347,1
DA:1350,1
DA:1355,0
DA:1361,1
DA:1363,1
DA:1364,1
DA:1365,1
DA:1366,1
DA:1367,1
DA:1368,1
DA:1369,1
DA:1370,1
DA:1371,0
DA:1374,1
DA:1377,1
DA:1406,1
DA:1408,1
DA:1409,1
DA:1412,1
DA:1413,1
DA:1420,1
DA:1422,0
DA:1424,0
DA:1432,0
DA:1433,0
DA:1436,0
DA:1437,0
DA:1446,0
DA:1447,0
DA:1451,0
DA:1452,0
DA:1460,0
DA:1461,0
DA:1471,1
DA:1472,1
DA:1481,1
DA:1482,0
DA:1484,1
DA:1488,1
DA:1489,1
DA:1493,1
DA:1494,1
DA:1500,1
DA:1501,1
DA:1502,1
DA:1503,1
DA:1504,1
DA:1505,1
DA:1506,1
DA:1507,1
DA:1511,1
DA:1512,1
DA:1517,1
DA:1521,1
DA:1522,0
DA:1523,0
DA:1524,0
DA:1525,0
DA:1526,0
DA:1527,0
DA:1528,0
DA:1529,0
DA:1530,0
DA:1531,0
DA:1532,0
DA:1533,0
DA:1534,0
DA:1537,0
DA:1540,1
DA:1545,1
DA:1546,1
DA:1547,1
DA:1548,1
DA:1549,1
DA:1550,1
DA:1551,0
DA:1554,1
DA:1556,1
DA:1568,1
DA:1569,1
DA:1587,1
DA:1588,1
DA:1590,1
DA:1596,1
DA:1598,1
DA:1599,1
DA:1601,1
DA:1602,1
DA:1604,1
DA:1607,1
DA:1609,1
DA:1611,1
DA:1613,1
DA:1827,1
DA:1828,1
DA:1831,1
DA:1832,1
DA:1834,1
DA:1840,0
DA:1844,1
DA:1846,1
DA:1856,1
DA:1858,1
DA:1860,1
DA:1866,1
DA:1867,0
DA:1869,1
DA:1871,1
DA:1877,1
DA:1878,3
DA:1879,1
DA:1880,2
DA:1881,1
DA:1882,1
DA:1883,1
DA:1886,1
DA:1890,0
LF:470
LH:363
BRDA:20,0,0,0
BRDA:20,0,1,1
BRDA:53,1,0,0
BRDA:53,1,1,1
BRDA:83,2,0,0
BRDA:83,2,1,1
BRDA:95,3,0,1
BRDA:95,3,1,0
BRDA:340,4,0,1
BRDA:340,4,1,1
BRDA:375,5,0,0
BRDA:375,5,1,1
BRDA:391,6,0,0
BRDA:391,6,1,1
BRDA:435,7,0,0
BRDA:435,7,1,1
BRDA:567,8,0,0
BRDA:567,8,1,1
BRDA:581,9,0,0
BRDA:581,9,1,1
BRDA:616,10,0,0
BRDA:616,10,1,1
BRDA:631,11,0,0
BRDA:631,11,1,1
BRDA:681,12,0,0
BRDA:681,12,1,1
BRDA:693,13,0,0
BRDA:693,13,1,1
BRDA:740,14,0,0
BRDA:740,14,1,1
BRDA:752,15,0,0
BRDA:752,15,1,1
BRDA:790,16,0,0
BRDA:790,16,1,1
BRDA:803,17,0,0
BRDA:803,17,1,1
BRDA:843,18,0,0
BRDA:843,18,1,1
BRDA:855,19,0,0
BRDA:855,19,1,1
BRDA:929,20,0,0
BRDA:929,20,1,1
BRDA:942,21,0,0
BRDA:942,21,1,1
BRDA:985,22,0,0
BRDA:985,22,1,1
BRDA:997,23,0,0
BRDA:997,23,1,1
BRDA:1060,24,0,1
BRDA:1060,24,1,0
BRDA:1063,25,0,1
BRDA:1063,25,1,0
BRDA:1340,26,0,0
BRDA:1340,26,1,1
BRDA:1345,27,0,1
BRDA:1345,27,1,0
BRDA:1370,28,0,0
BRDA:1370,28,1,1
BRDA:1406,29,0,1
BRDA:1406,29,1,0
BRDA:1409,30,0,1
BRDA:1409,30,1,0
BRDA:1420,31,0,0
BRDA:1420,31,1,1
BRDA:1422,32,0,0
BRDA:1422,32,1,0
BRDA:1432,33,0,0
BRDA:1432,33,1,0
BRDA:1436,34,0,0
BRDA:1436,34,1,0
BRDA:1446,35,0,0
BRDA:1446,35,1,0
BRDA:1451,36,0,0
BRDA:1451,36,1,0
BRDA:1460,37,0,0
BRDA:1460,37,1,0
BRDA:1481,38,0,0
BRDA:1481,38,1,1
BRDA:1500,39,0,1
BRDA:1500,39,1,0
BRDA:1511,40,0,1
BRDA:1511,40,1,0
BRDA:1550,41,0,0
BRDA:1550,41,1,1
BRDA:1598,42,0,1
BRDA:1598,42,1,0
BRDA:1601,43,0,1
BRDA:1601,43,1,0
BRDA:1866,44,0,0
BRDA:1866,44,1,1
BRDA:1878,45,0,1
BRDA:1878,45,1,2
BRDA:1880,46,0,1
BRDA:1880,46,1,1
BRDA:1882,47,0,1
BRDA:1882,47,1,0
BRF:96
BRH:45
end_of_record
TN:
SF:/home/aspl/Desktop/development/jasmine/ayantra_service/helper/constant.js
FNF:0
FNH:0
DA:1,1
LF:1
LH:1
BRF:0
BRH:0
end_of_record
TN:
SF:/home/aspl/Desktop/development/jasmine/ayantra_service/helper/enum.js
FNF:0
FNH:0
DA:1,1
DA:7,1
DA:16,1
DA:25,1
DA:30,1
LF:5
LH:5
BRF:0
BRH:0
end_of_record
TN:
SF:/home/aspl/Desktop/development/jasmine/ayantra_service/helper/queries.js
FN:3,(anonymous_0)
FNF:1
FNH:0
FNDA:0,(anonymous_0)
DA:4,0
DA:5,0
LF:2
LH:0
BRF:0
BRH:0
end_of_record
TN:
SF:/home/aspl/Desktop/development/jasmine/ayantra_service/helper/res.js
FN:6,(anonymous_0)
FN:20,(anonymous_1)
FN:34,(anonymous_2)
FN:48,(anonymous_3)
FN:58,(anonymous_4)
FNF:5
FNH:3
FNDA:40,(anonymous_0)
FNDA:1,(anonymous_1)
FNDA:4,(anonymous_2)
FNDA:0,(anonymous_3)
FNDA:0,(anonymous_4)
DA:1,1
DA:7,40
DA:21,1
DA:35,4
DA:49,0
DA:59,0
LF:6
LH:4
BRDA:6,0,0,2
BRDA:6,1,0,1
BRDA:6,2,0,40
BRDA:6,3,0,40
BRDA:6,4,0,40
BRDA:20,5,0,0
BRDA:20,6,0,0
BRDA:20,7,0,1
BRDA:20,8,0,1
BRDA:20,9,0,1
BRDA:34,10,0,0
BRDA:34,11,0,0
BRDA:34,12,0,4
BRDA:34,13,0,4
BRDA:34,14,0,4
BRDA:48,15,0,0
BRDA:48,16,0,0
BRDA:48,17,0,0
BRDA:48,18,0,0
BRDA:48,19,0,0
BRDA:58,20,0,0
BRDA:58,21,0,0
BRDA:58,22,0,0
BRDA:58,23,0,0
BRDA:58,24,0,0
BRF:25
BRH:11
end_of_record
TN:
SF:/home/aspl/Desktop/development/jasmine/ayantra_service/helper/util.js
FN:4,(anonymous_0)
FN:18,(anonymous_1)
FN:32,(anonymous_2)
FN:50,(anonymous_3)
FN:62,(anonymous_4)
FN:72,(anonymous_5)
FNF:6
FNH:0
FNDA:0,(anonymous_0)
FNDA:0,(anonymous_1)
FNDA:0,(anonymous_2)
FNDA:0,(anonymous_3)
FNDA:0,(anonymous_4)
FNDA:0,(anonymous_5)
DA:1,0
DA:2,0
DA:4,0
DA:5,0
DA:7,0
DA:8,0
DA:9,0
DA:10,0
DA:11,0
DA:12,0
DA:13,0
DA:18,0
DA:20,0
DA:22,0
DA:24,0
DA:25,0
DA:27,0
DA:28,0
DA:32,0
DA:34,0
DA:36,0
DA:37,0
DA:39,0
DA:40,0
DA:42,0
DA:43,0
DA:45,0
DA:46,0
DA:50,0
DA:52,0
DA:54,0
DA:55,0
DA:57,0
DA:58,0
DA:62,0
DA:63,0
DA:64,0
DA:65,0
DA:66,0
DA:67,0
DA:69,0
DA:72,0
DA:73,0
DA:75,0
DA:77,0
DA:78,0
DA:80,0
DA:81,0
DA:83,0
DA:84,0
DA:86,0
LF:51
LH:0
BRDA:7,0,0,0
BRDA:7,0,1,0
BRDA:22,1,0,0
BRDA:22,1,1,0
BRDA:34,2,0,0
BRDA:34,2,1,0
BRDA:34,2,2,0
BRDA:34,2,3,0
BRDA:52,3,0,0
BRDA:52,3,1,0
BRDA:75,4,0,0
BRDA:75,4,1,0
BRDA:75,4,2,0
BRF:13
BRH:0
end_of_record
TN:
SF:/home/aspl/Desktop/development/jasmine/ayantra_service/helper/queries/hospitalBranchContQueries.js
FN:3,(anonymous_0)
FN:9,(anonymous_1)
FN:18,(anonymous_2)
FN:26,(anonymous_3)
FN:31,(anonymous_4)
FNF:5
FNH:4
FNDA:0,(anonymous_0)
FNDA:1,(anonymous_1)
FNDA:1,(anonymous_2)
FNDA:1,(anonymous_3)
FNDA:1,(anonymous_4)
DA:4,0
DA:6,0
DA:10,1
DA:15,1
DA:19,1
DA:23,1
DA:27,1
DA:28,1
DA:32,1
DA:38,1
DA:42,1
LF:11
LH:9
BRF:0
BRH:0
end_of_record
TN:
SF:/home/aspl/Desktop/development/jasmine/ayantra_service/helper/queries/hospitalContQueries.js
FN:3,(anonymous_0)
FN:12,(anonymous_1)
FN:24,(anonymous_2)
FN:38,(anonymous_3)
FN:46,(anonymous_4)
FN:59,(anonymous_5)
FN:75,(anonymous_6)
FN:80,(anonymous_7)
FN:90,(anonymous_8)
FN:100,(anonymous_9)
FN:106,(anonymous_10)
FN:111,(anonymous_11)
FN:122,(anonymous_12)
FN:132,(anonymous_13)
FN:138,(anonymous_14)
FN:158,(anonymous_15)
FN:168,(anonymous_16)
FN:178,(anonymous_17)
FN:183,(anonymous_18)
FN:199,(anonymous_19)
FNF:20
FNH:0
FNDA:0,(anonymous_0)
FNDA:0,(anonymous_1)
FNDA:0,(anonymous_2)
FNDA:0,(anonymous_3)
FNDA:0,(anonymous_4)
FNDA:0,(anonymous_5)
FNDA:0,(anonymous_6)
FNDA:0,(anonymous_7)
FNDA:0,(anonymous_8)
FNDA:0,(anonymous_9)
FNDA:0,(anonymous_10)
FNDA:0,(anonymous_11)
FNDA:0,(anonymous_12)
FNDA:0,(anonymous_13)
FNDA:0,(anonymous_14)
FNDA:0,(anonymous_15)
FNDA:0,(anonymous_16)
FNDA:0,(anonymous_17)
FNDA:0,(anonymous_18)
FNDA:0,(anonymous_19)
DA:4,0
DA:9,0
DA:13,0
DA:21,0
DA:25,0
DA:35,0
DA:39,0
DA:43,0
DA:47,0
DA:56,0
DA:60,0
DA:72,0
DA:76,0
DA:77,0
DA:81,0
DA:87,0
DA:91,0
DA:97,0
DA:101,0
DA:103,0
DA:107,0
DA:108,0
DA:112,0
DA:119,0
DA:123,0
DA:129,0
DA:133,0
DA:135,0
DA:139,0
DA:155,0
DA:159,0
DA:165,0
DA:169,0
DA:175,0
DA:179,0
DA:180,0
DA:184,0
DA:186,0
DA:187,0
DA:189,0
DA:191,0
DA:196,0
DA:200,0
DA:206,0
LF:44
LH:0
BRDA:186,0,0,0
BRDA:186,0,1,0
BRF:2
BRH:0
end_of_record
TN:
SF:/home/aspl/Desktop/development/jasmine/ayantra_service/helper/queries/hospitalStaffContQueries.js
FNF:0
FNH:0
LF:0
LH:0
BRF:0
BRH:0
end_of_record
TN:
SF:/home/aspl/Desktop/development/jasmine/ayantra_service/helper/queries/patientContQueries.js
FN:3,(anonymous_0)
FN:8,(anonymous_1)
FN:13,(anonymous_2)
FN:18,(anonymous_3)
FN:23,(anonymous_4)
FN:28,(anonymous_5)
FN:33,(anonymous_6)
FN:38,(anonymous_7)
FN:43,(anonymous_8)
FN:48,(anonymous_9)
FN:53,(anonymous_10)
FN:84,(anonymous_11)
FN:122,(anonymous_12)
FN:128,(anonymous_13)
FN:148,(anonymous_14)
FN:176,(anonymous_15)
FNF:16
FNH:14
FNDA:1,(anonymous_0)
FNDA:1,(anonymous_1)
FNDA:1,(anonymous_2)
FNDA:1,(anonymous_3)
FNDA:1,(anonymous_4)
FNDA:1,(anonymous_5)
FNDA:1,(anonymous_6)
FNDA:1,(anonymous_7)
FNDA:1,(anonymous_8)
FNDA:1,(anonymous_9)
FNDA:0,(anonymous_10)
FNDA:1,(anonymous_11)
FNDA:1,(anonymous_12)
FNDA:0,(anonymous_13)
FNDA:1,(anonymous_14)
FNDA:1,(anonymous_15)
DA:4,1
DA:5,1
DA:9,1
DA:10,1
DA:14,1
DA:15,1
DA:19,1
DA:20,1
DA:24,1
DA:25,1
DA:29,1
DA:30,1
DA:34,1
DA:35,1
DA:39,1
DA:40,1
DA:44,1
DA:45,1
DA:49,1
DA:50,1
DA:54,0
DA:65,0
DA:66,0
DA:69,0
DA:74,0
DA:75,0
DA:77,0
DA:78,0
DA:80,0
DA:81,0
DA:85,1
DA:96,1
DA:97,0
DA:100,1
DA:105,1
DA:106,1
DA:108,1
DA:109,0
DA:111,1
DA:118,1
DA:119,1
DA:123,1
DA:125,1
DA:129,0
DA:134,0
DA:135,0
DA:138,0
DA:139,0
DA:140,0
DA:142,0
DA:143,0
DA:145,0
DA:149,1
DA:154,1
DA:155,0
DA:158,1
DA:159,1
DA:160,1
DA:162,1
DA:163,0
DA:166,1
DA:173,1
DA:177,1
DA:178,1
DA:184,1
LF:65
LH:42
BRDA:65,0,0,0
BRDA:65,0,1,0
BRDA:74,1,0,0
BRDA:74,1,1,0
BRDA:77,2,0,0
BRDA:77,2,1,0
BRDA:96,3,0,0
BRDA:96,3,1,1
BRDA:105,4,0,1
BRDA:105,4,1,0
BRDA:108,5,0,0
BRDA:108,5,1,1
BRDA:134,6,0,0
BRDA:134,6,1,0
BRDA:139,7,0,0
BRDA:139,7,1,0
BRDA:142,8,0,0
BRDA:142,8,1,0
BRDA:154,9,0,0
BRDA:154,9,1,1
BRDA:159,10,0,1
BRDA:159,10,1,0
BRDA:162,11,0,0
BRDA:162,11,1,1
BRF:24
BRH:6
end_of_record
TN:
SF:/home/aspl/Desktop/development/jasmine/ayantra_service/mapper/mapper.js
FN:4,(anonymous_0)
FN:14,(anonymous_1)
FN:59,(anonymous_2)
FN:98,(anonymous_3)
FN:123,(anonymous_4)
FN:135,(anonymous_5)
FN:143,(anonymous_6)
FN:150,(anonymous_7)
FN:158,(anonymous_8)
FN:174,(anonymous_9)
FN:184,(anonymous_10)
FN:194,(anonymous_11)
FN:202,(anonymous_12)
FN:214,(anonymous_13)
FN:226,(anonymous_14)
FN:235,(anonymous_15)
FN:251,(anonymous_16)
FN:267,(anonymous_17)
FN:278,(anonymous_18)
FN:289,(anonymous_19)
FN:301,(anonymous_20)
FNF:21
FNH:8
FNDA:0,(anonymous_0)
FNDA:1,(anonymous_1)
FNDA:1,(anonymous_2)
FNDA:1,(anonymous_3)
FNDA:0,(anonymous_4)
FNDA:0,(anonymous_5)
FNDA:0,(anonymous_6)
FNDA:1,(anonymous_7)
FNDA:2,(anonymous_8)
FNDA:1,(anonymous_9)
FNDA:2,(anonymous_10)
FNDA:2,(anonymous_11)
FNDA:0,(anonymous_12)
FNDA:0,(anonymous_13)
FNDA:0,(anonymous_14)
FNDA:0,(anonymous_15)
FNDA:0,(anonymous_16)
FNDA:0,(anonymous_17)
FNDA:0,(anonymous_18)
FNDA:0,(anonymous_19)
FNDA:0,(anonymous_20)
DA:1,1
DA:2,1
DA:5,0
DA:11,0
DA:15,1
DA:56,1
DA:60,1
DA:95,1
DA:99,1
DA:120,1
DA:124,0
DA:132,0
DA:136,0
DA:140,0
DA:144,0
DA:147,0
DA:151,1
DA:155,1
DA:156,1
DA:159,2
DA:160,2
DA:161,2
DA:162,2
DA:163,2
DA:164,2
DA:165,2
DA:166,2
DA:167,2
DA:168,2
DA:169,2
DA:170,2
DA:171,2
DA:172,2
DA:175,1
DA:176,1
DA:177,1
DA:178,1
DA:179,1
DA:180,1
DA:181,1
DA:182,1
DA:185,2
DA:188,2
DA:189,2
DA:192,2
DA:195,2
DA:200,2
DA:203,0
DA:212,0
DA:215,0
DA:224,0
DA:227,0
DA:233,0
DA:236,0
DA:237,0
DA:238,0
DA:239,0
DA:240,0
DA:241,0
DA:242,0
DA:243,0
DA:244,0
DA:245,0
DA:246,0
DA:247,0
DA:248,0
DA:249,0
DA:252,0
DA:253,0
DA:254,0
DA:255,0
DA:256,0
DA:257,0
DA:258,0
DA:259,0
DA:260,0
DA:261,0
DA:262,0
DA:263,0
DA:264,0
DA:265,0
DA:268,0
DA:269,0
DA:270,0
DA:271,0
DA:272,0
DA:273,0
DA:274,0
DA:275,0
DA:276,0
DA:279,0
DA:280,0
DA:281,0
DA:282,0
DA:283,0
DA:284,0
DA:285,0
DA:286,0
DA:287,0
DA:290,0
DA:291,0
DA:292,0
DA:293,0
DA:294,0
DA:295,0
DA:296,0
DA:297,0
DA:298,0
DA:299,0
DA:302,0
DA:303,0
DA:304,0
DA:305,0
DA:306,0
DA:307,0
DA:308,0
DA:309,0
DA:310,0
DA:311,0
DA:313,0
LF:120
LH:39
BRF:0
BRH:0
end_of_record
TN:
SF:/home/aspl/Desktop/development/jasmine/ayantra_service/models/baby_antibiotic.js
FN:2,(anonymous_0)
FNF:1
FNH:1
FNDA:1,(anonymous_0)
DA:1,1
DA:2,1
DA:3,1
LF:3
LH:3
BRF:0
BRH:0
end_of_record
TN:
SF:/home/aspl/Desktop/development/jasmine/ayantra_service/models/baby_appear.js
FN:4,(anonymous_0)
FNF:1
FNH:1
FNDA:1,(anonymous_0)
DA:2,1
DA:4,1
DA:5,1
LF:3
LH:3
BRF:0
BRH:0
end_of_record
TN:
SF:/home/aspl/Desktop/development/jasmine/ayantra_service/models/baby_cns.js
FN:2,(anonymous_0)
FNF:1
FNH:1
FNDA:1,(anonymous_0)
DA:1,1
DA:2,1
DA:3,1
LF:3
LH:3
BRF:0
BRH:0
end_of_record
TN:
SF:/home/aspl/Desktop/development/jasmine/ayantra_service/models/baby_cv.js
FN:2,(anonymous_0)
FNF:1
FNH:1
FNDA:1,(anonymous_0)
DA:1,1
DA:2,1
DA:3,1
LF:3
LH:3
BRF:0
BRH:0
end_of_record
TN:
SF:/home/aspl/Desktop/development/jasmine/ayantra_service/models/baby_final.js
FN:2,(anonymous_0)
FNF:1
FNH:1
FNDA:1,(anonymous_0)
DA:1,1
DA:2,1
DA:3,1
LF:3
LH:3
BRF:0
BRH:0
end_of_record
TN:
SF:/home/aspl/Desktop/development/jasmine/ayantra_service/models/baby_git.js
FN:2,(anonymous_0)
FNF:1
FNH:1
FNDA:1,(anonymous_0)
DA:1,1
DA:2,1
DA:3,1
LF:3
LH:3
BRF:0
BRH:0
end_of_record
TN:
SF:/home/aspl/Desktop/development/jasmine/ayantra_service/models/baby_investigation.js
FN:2,(anonymous_0)
FNF:1
FNH:1
FNDA:1,(anonymous_0)
DA:1,1
DA:2,1
DA:3,1
LF:3
LH:3
BRF:0
BRH:0
end_of_record
TN:
SF:/home/aspl/Desktop/development/jasmine/ayantra_service/models/baby_resp.js
FN:4,(anonymous_0)
FNF:1
FNH:1
FNDA:1,(anonymous_0)
DA:2,1
DA:4,1
DA:5,1
LF:3
LH:3
BRF:0
BRH:0
end_of_record
TN:
SF:/home/aspl/Desktop/development/jasmine/ayantra_service/models/basic.js
FN:4,(anonymous_0)
FNF:1
FNH:1
FNDA:1,(anonymous_0)
DA:2,1
DA:4,1
DA:5,1
LF:3
LH:3
BRF:0
BRH:0
end_of_record
TN:
SF:/home/aspl/Desktop/development/jasmine/ayantra_service/models/general.js
FN:4,(anonymous_0)
FNF:1
FNH:1
FNDA:1,(anonymous_0)
DA:2,1
DA:4,1
DA:5,1
LF:3
LH:3
BRF:0
BRH:0
end_of_record
TN:
SF:/home/aspl/Desktop/development/jasmine/ayantra_service/models/hospital.js
FN:2,(anonymous_0)
FNF:1
FNH:0
FNDA:0,(anonymous_0)
DA:1,0
DA:2,0
DA:3,0
LF:3
LH:0
BRF:0
BRH:0
end_of_record
TN:
SF:/home/aspl/Desktop/development/jasmine/ayantra_service/models/hospital_branch.js
FN:3,(anonymous_0)
FNF:1
FNH:1
FNDA:1,(anonymous_0)
DA:1,1
DA:3,1
DA:4,1
LF:3
LH:3
BRF:0
BRH:0
end_of_record
TN:
SF:/home/aspl/Desktop/development/jasmine/ayantra_service/models/hospital_branch_roles.js
FN:3,(anonymous_0)
FNF:1
FNH:1
FNDA:1,(anonymous_0)
DA:1,1
DA:3,1
DA:4,1
LF:3
LH:3
BRF:0
BRH:0
end_of_record
TN:
SF:/home/aspl/Desktop/development/jasmine/ayantra_service/models/hospital_branch_speciality.js
FN:3,(anonymous_0)
FNF:1
FNH:1
FNDA:1,(anonymous_0)
DA:1,1
DA:3,1
DA:4,1
LF:3
LH:3
BRF:0
BRH:0
end_of_record
TN:
SF:/home/aspl/Desktop/development/jasmine/ayantra_service/models/hospital_staff.js
FN:3,(anonymous_0)
FNF:1
FNH:1
FNDA:1,(anonymous_0)
DA:1,1
DA:3,1
DA:4,1
LF:3
LH:3
BRF:0
BRH:0
end_of_record
TN:
SF:/home/aspl/Desktop/development/jasmine/ayantra_service/models/m_hospital.js
FN:3,(anonymous_0)
FNF:1
FNH:1
FNDA:1,(anonymous_0)
DA:1,1
DA:3,1
DA:4,1
LF:3
LH:3
BRF:0
BRH:0
end_of_record
TN:
SF:/home/aspl/Desktop/development/jasmine/ayantra_service/models/map_user_module_permission.js
FN:3,(anonymous_0)
FNF:1
FNH:1
FNDA:1,(anonymous_0)
DA:1,1
DA:3,1
DA:4,1
LF:3
LH:3
BRF:0
BRH:0
end_of_record
TN:
SF:/home/aspl/Desktop/development/jasmine/ayantra_service/models/map_user_permission.js
FN:3,(anonymous_0)
FNF:1
FNH:1
FNDA:1,(anonymous_0)
DA:1,1
DA:3,1
DA:4,1
LF:3
LH:3
BRF:0
BRH:0
end_of_record
TN:
SF:/home/aspl/Desktop/development/jasmine/ayantra_service/models/map_user_role.js
FN:3,(anonymous_0)
FNF:1
FNH:1
FNDA:1,(anonymous_0)
DA:1,1
DA:3,1
DA:4,1
LF:3
LH:3
BRF:0
BRH:0
end_of_record
TN:
SF:/home/aspl/Desktop/development/jasmine/ayantra_service/models/maternal.js
FN:4,(anonymous_0)
FNF:1
FNH:1
FNDA:1,(anonymous_0)
DA:2,1
DA:4,1
DA:5,1
LF:3
LH:3
BRF:0
BRH:0
end_of_record
TN:
SF:/home/aspl/Desktop/development/jasmine/ayantra_service/models/message.js
FN:2,(anonymous_0)
FNF:1
FNH:1
FNDA:1,(anonymous_0)
DA:1,1
DA:2,1
DA:3,1
LF:3
LH:3
BRF:0
BRH:0
end_of_record
TN:
SF:/home/aspl/Desktop/development/jasmine/ayantra_service/models/patient.js
FN:2,(anonymous_0)
FNF:1
FNH:1
FNDA:1,(anonymous_0)
DA:1,1
DA:2,1
DA:3,1
LF:3
LH:3
BRF:0
BRH:0
end_of_record
TN:
SF:/home/aspl/Desktop/development/jasmine/ayantra_service/models/patient_infos.js
FN:2,(anonymous_0)
FNF:1
FNH:1
FNDA:1,(anonymous_0)
DA:1,1
DA:2,1
DA:3,1
LF:3
LH:3
BRF:0
BRH:0
end_of_record
TN:
SF:/home/aspl/Desktop/development/jasmine/ayantra_service/models/patient_level.js
FN:3,(anonymous_0)
FNF:1
FNH:1
FNDA:1,(anonymous_0)
DA:1,1
DA:3,1
DA:4,1
LF:3
LH:3
BRF:0
BRH:0
end_of_record
TN:
SF:/home/aspl/Desktop/development/jasmine/ayantra_service/models/permission.js
FN:3,(anonymous_0)
FNF:1
FNH:1
FNDA:1,(anonymous_0)
DA:1,1
DA:3,1
DA:4,1
LF:3
LH:3
BRF:0
BRH:0
end_of_record
TN:
SF:/home/aspl/Desktop/development/jasmine/ayantra_service/models/referral_doctor.js
FN:3,(anonymous_0)
FNF:1
FNH:1
FNDA:1,(anonymous_0)
DA:1,1
DA:3,1
DA:4,1
LF:3
LH:3
BRF:0
BRH:0
end_of_record
TN:
SF:/home/aspl/Desktop/development/jasmine/ayantra_service/models/referral_files.js
FN:3,(anonymous_0)
FNF:1
FNH:1
FNDA:1,(anonymous_0)
DA:1,1
DA:3,1
DA:4,1
LF:3
LH:3
BRF:0
BRH:0
end_of_record
TN:
SF:/home/aspl/Desktop/development/jasmine/ayantra_service/models/referral_hospitals.js
FN:3,(anonymous_0)
FNF:1
FNH:1
FNDA:1,(anonymous_0)
DA:1,1
DA:3,1
DA:4,1
LF:3
LH:3
BRF:0
BRH:0
end_of_record
TN:
SF:/home/aspl/Desktop/development/jasmine/ayantra_service/models/referral_opinion.js
FN:3,(anonymous_0)
FNF:1
FNH:1
FNDA:1,(anonymous_0)
DA:1,1
DA:3,1
DA:4,1
LF:3
LH:3
BRF:0
BRH:0
end_of_record
TN:
SF:/home/aspl/Desktop/development/jasmine/ayantra_service/models/roles.js
FN:3,(anonymous_0)
FNF:1
FNH:1
FNDA:1,(anonymous_0)
DA:1,1
DA:3,1
DA:4,1
LF:3
LH:3
BRF:0
BRH:0
end_of_record
TN:
SF:/home/aspl/Desktop/development/jasmine/ayantra_service/models/speciality.js
FN:3,(anonymous_0)
FNF:1
FNH:1
FNDA:1,(anonymous_0)
DA:1,1
DA:3,1
DA:4,1
LF:3
LH:3
BRF:0
BRH:0
end_of_record
TN:
SF:/home/aspl/Desktop/development/jasmine/ayantra_service/models/staff.js
FN:3,(anonymous_0)
FNF:1
FNH:1
FNDA:1,(anonymous_0)
DA:1,1
DA:3,1
DA:4,1
LF:3
LH:3
BRF:0
BRH:0
end_of_record
TN:
SF:/home/aspl/Desktop/development/jasmine/ayantra_service/models/staff_referral_hospital.js
FN:3,(anonymous_0)
FNF:1
FNH:1
FNDA:1,(anonymous_0)
DA:1,1
DA:3,1
DA:4,1
LF:3
LH:3
BRF:0
BRH:0
end_of_record
TN:
SF:/home/aspl/Desktop/development/jasmine/ayantra_service/models/user.js
FN:3,(anonymous_0)
FNF:1
FNH:1
FNDA:1,(anonymous_0)
DA:1,1
DA:3,1
DA:4,1
LF:3
LH:3
BRF:0
BRH:0
end_of_record
TN:
SF:/home/aspl/Desktop/development/jasmine/ayantra_service/models/user_type.js
FN:3,(anonymous_0)
FNF:1
FNH:1
FNDA:1,(anonymous_0)
DA:1,1
DA:3,1
DA:4,1
LF:3
LH:3
BRF:0
BRH:0
end_of_record
TN:
SF:/home/aspl/Desktop/development/jasmine/ayantra_service/routes/get_tabs.js
FN:22,(anonymous_0)
FN:29,(anonymous_1)
FN:53,(anonymous_2)
FN:56,(anonymous_3)
FN:66,(anonymous_4)
FN:89,(anonymous_5)
FN:92,(anonymous_6)
FN:102,(anonymous_7)
FN:123,(anonymous_8)
FN:126,(anonymous_9)
FN:136,(anonymous_10)
FN:159,(anonymous_11)
FN:162,(anonymous_12)
FN:171,(anonymous_13)
FN:192,(anonymous_14)
FN:195,(anonymous_15)
FN:205,(anonymous_16)
FN:225,(anonymous_17)
FN:228,(anonymous_18)
FN:238,(anonymous_19)
FN:259,(anonymous_20)
FN:262,(anonymous_21)
FN:272,(anonymous_22)
FN:293,(anonymous_23)
FN:296,(anonymous_24)
FN:306,(anonymous_25)
FN:327,(anonymous_26)
FN:330,(anonymous_27)
FN:340,(anonymous_28)
FN:362,(anonymous_29)
FN:365,(anonymous_30)
FN:375,(anonymous_31)
FN:381,(anonymous_32)
FN:384,(anonymous_33)
FN:438,(anonymous_34)
FN:448,(anonymous_35)
FN:468,(anonymous_36)
FNF:37
FNH:0
FNDA:0,(anonymous_0)
FNDA:0,(anonymous_1)
FNDA:0,(anonymous_2)
FNDA:0,(anonymous_3)
FNDA:0,(anonymous_4)
FNDA:0,(anonymous_5)
FNDA:0,(anonymous_6)
FNDA:0,(anonymous_7)
FNDA:0,(anonymous_8)
FNDA:0,(anonymous_9)
FNDA:0,(anonymous_10)
FNDA:0,(anonymous_11)
FNDA:0,(anonymous_12)
FNDA:0,(anonymous_13)
FNDA:0,(anonymous_14)
FNDA:0,(anonymous_15)
FNDA:0,(anonymous_16)
FNDA:0,(anonymous_17)
FNDA:0,(anonymous_18)
FNDA:0,(anonymous_19)
FNDA:0,(anonymous_20)
FNDA:0,(anonymous_21)
FNDA:0,(anonymous_22)
FNDA:0,(anonymous_23)
FNDA:0,(anonymous_24)
FNDA:0,(anonymous_25)
FNDA:0,(anonymous_26)
FNDA:0,(anonymous_27)
FNDA:0,(anonymous_28)
FNDA:0,(anonymous_29)
FNDA:0,(anonymous_30)
FNDA:0,(anonymous_31)
FNDA:0,(anonymous_32)
FNDA:0,(anonymous_33)
FNDA:0,(anonymous_34)
FNDA:0,(anonymous_35)
FNDA:0,(anonymous_36)
DA:20,0
DA:21,0
DA:22,0
DA:29,0
DA:36,0
DA:37,0
DA:38,0
DA:40,0
DA:41,0
DA:42,0
DA:54,0
DA:57,0
DA:66,0
DA:81,0
DA:83,0
DA:84,0
DA:85,0
DA:90,0
DA:93,0
DA:102,0
DA:116,0
DA:118,0
DA:119,0
DA:120,0
DA:124,0
DA:127,0
DA:136,0
DA:151,0
DA:153,0
DA:154,0
DA:155,0
DA:160,0
DA:163,0
DA:171,0
DA:185,0
DA:187,0
DA:188,0
DA:189,0
DA:193,0
DA:196,0
DA:205,0
DA:216,0
DA:217,0
DA:218,0
DA:220,0
DA:221,0
DA:222,0
DA:226,0
DA:229,0
DA:238,0
DA:252,0
DA:253,0
DA:254,0
DA:255,0
DA:260,0
DA:263,0
DA:272,0
DA:286,0
DA:288,0
DA:289,0
DA:290,0
DA:294,0
DA:297,0
DA:306,0
DA:320,0
DA:322,0
DA:323,0
DA:324,0
DA:328,0
DA:331,0
DA:340,0
DA:354,0
DA:356,0
DA:357,0
DA:358,0
DA:363,0
DA:366,0
DA:375,0
DA:376,0
DA:382,0
DA:385,0
DA:438,0
DA:439,0
DA:440,0
DA:441,0
DA:443,0
DA:444,0
DA:445,0
DA:446,0
DA:449,0
DA:450,0
DA:452,0
DA:468,0
DA:469,0
DA:470,0
DA:472,0
LF:96
LH:0
BRDA:440,0,0,0
BRDA:440,0,1,0
BRDA:449,1,0,0
BRDA:449,1,1,0
BRDA:449,2,0,0
BRDA:449,2,1,0
BRDA:469,3,0,0
BRDA:469,3,1,0
BRDA:469,4,0,0
BRDA:469,4,1,0
BRF:10
BRH:0
end_of_record
TN:
SF:/home/aspl/Desktop/development/jasmine/ayantra_service/routes/hospitalBranchRoutes.js
FNF:0
FNH:0
DA:1,0
DA:2,0
DA:3,0
DA:5,0
DA:7,0
DA:9,0
DA:11,0
DA:13,0
DA:15,0
DA:17,0
DA:19,0
DA:21,0
DA:23,0
DA:25,0
DA:27,0
DA:29,0
LF:16
LH:0
BRF:0
BRH:0
end_of_record
TN:
SF:/home/aspl/Desktop/development/jasmine/ayantra_service/routes/hospitalRoutes.js
FNF:0
FNH:0
DA:1,0
DA:2,0
DA:3,0
DA:5,0
DA:7,0
DA:9,0
DA:11,0
DA:13,0
DA:15,0
DA:17,0
DA:19,0
DA:21,0
DA:23,0
DA:25,0
DA:27,0
DA:29,0
DA:31,0
DA:33,0
LF:18
LH:0
BRF:0
BRH:0
end_of_record
TN:
SF:/home/aspl/Desktop/development/jasmine/ayantra_service/routes/hospitalStaffRoutes.js
FNF:0
FNH:0
DA:1,0
DA:2,0
DA:3,0
DA:5,0
DA:7,0
DA:9,0
DA:11,0
DA:13,0
DA:17,0
DA:19,0
DA:23,0
DA:25,0
DA:27,0
DA:29,0
DA:31,0
DA:33,0
DA:35,0
DA:37,0
DA:39,0
DA:41,0
DA:43,0
DA:45,0
DA:47,0
DA:49,0
DA:51,0
DA:53,0
DA:55,0
DA:57,0
DA:59,0
DA:61,0
DA:63,0
DA:65,0
DA:67,0
DA:69,0
DA:71,0
DA:73,0
DA:75,0
DA:77,0
DA:79,0
DA:81,0
LF:40
LH:0
BRF:0
BRH:0
end_of_record
TN:
SF:/home/aspl/Desktop/development/jasmine/ayantra_service/routes/loginUser.js
FN:18,(anonymous_0)
FN:24,(anonymous_1)
FN:38,(anonymous_2)
FN:47,(anonymous_3)
FN:58,(anonymous_4)
FN:73,(anonymous_5)
FN:96,(anonymous_6)
FN:105,(anonymous_7)
FN:123,(anonymous_8)
FN:130,(anonymous_9)
FN:148,(anonymous_10)
FN:175,(anonymous_11)
FN:205,(anonymous_12)
FN:226,(anonymous_13)
FN:230,(anonymous_14)
FN:236,(anonymous_15)
FN:238,(anonymous_16)
FN:248,(anonymous_17)
FN:256,(anonymous_18)
FN:293,(anonymous_19)
FN:303,(anonymous_20)
FN:312,(anonymous_21)
FN:318,(anonymous_22)
FN:327,(anonymous_23)
FN:345,(anonymous_24)
FN:352,(anonymous_25)
FN:358,(anonymous_26)
FNF:27
FNH:0
FNDA:0,(anonymous_0)
FNDA:0,(anonymous_1)
FNDA:0,(anonymous_2)
FNDA:0,(anonymous_3)
FNDA:0,(anonymous_4)
FNDA:0,(anonymous_5)
FNDA:0,(anonymous_6)
FNDA:0,(anonymous_7)
FNDA:0,(anonymous_8)
FNDA:0,(anonymous_9)
FNDA:0,(anonymous_10)
FNDA:0,(anonymous_11)
FNDA:0,(anonymous_12)
FNDA:0,(anonymous_13)
FNDA:0,(anonymous_14)
FNDA:0,(anonymous_15)
FNDA:0,(anonymous_16)
FNDA:0,(anonymous_17)
FNDA:0,(anonymous_18)
FNDA:0,(anonymous_19)
FNDA:0,(anonymous_20)
FNDA:0,(anonymous_21)
FNDA:0,(anonymous_22)
FNDA:0,(anonymous_23)
FNDA:0,(anonymous_24)
FNDA:0,(anonymous_25)
FNDA:0,(anonymous_26)
DA:2,0
DA:9,0
DA:10,0
DA:11,0
DA:12,0
DA:13,0
DA:14,0
DA:18,0
DA:24,0
DA:25,0
DA:26,0
DA:39,0
DA:40,0
DA:41,0
DA:42,0
DA:43,0
DA:48,0
DA:51,0
DA:53,0
DA:59,0
DA:60,0
DA:61,0
DA:63,0
DA:65,0
DA:74,0
DA:75,0
DA:76,0
DA:77,0
DA:79,0
DA:80,0
DA:81,0
DA:87,0
DA:89,0
DA:97,0
DA:98,0
DA:99,0
DA:100,0
DA:101,0
DA:102,0
DA:103,0
DA:106,0
DA:110,0
DA:112,0
DA:124,0
DA:126,0
DA:131,0
DA:132,0
DA:133,0
DA:135,0
DA:136,0
DA:137,0
DA:139,0
DA:140,0
DA:141,0
DA:143,0
DA:144,0
DA:145,0
DA:147,0
DA:149,0
DA:150,0
DA:151,0
DA:152,0
DA:153,0
DA:154,0
DA:155,0
DA:156,0
DA:157,0
DA:158,0
DA:159,0
DA:161,0
DA:166,0
DA:167,0
DA:176,0
DA:177,0
DA:178,0
DA:179,0
DA:180,0
DA:181,0
DA:182,0
DA:183,0
DA:184,0
DA:185,0
DA:186,0
DA:187,0
DA:189,0
DA:195,0
DA:205,0
DA:206,0
DA:217,0
DA:222,0
DA:223,0
DA:224,0
DA:226,0
DA:227,0
DA:228,0
DA:230,0
DA:231,0
DA:232,0
DA:234,0
DA:237,0
DA:238,0
DA:239,0
DA:248,0
DA:249,0
DA:250,0
DA:251,0
DA:257,0
DA:258,0
DA:260,0
DA:261,0
DA:262,0
DA:263,0
DA:264,0
DA:266,0
DA:267,0
DA:269,0
DA:279,0
DA:293,0
DA:294,0
DA:295,0
DA:297,0
DA:300,0
DA:304,0
DA:307,0
DA:312,0
DA:313,0
DA:319,0
DA:320,0
DA:321,0
DA:322,0
DA:324,0
DA:328,0
DA:345,0
DA:346,0
DA:348,0
DA:349,0
DA:353,0
DA:354,0
DA:356,0
DA:359,0
LF:140
LH:0
BRDA:39,0,0,0
BRDA:39,0,1,0
BRDA:51,1,0,0
BRDA:51,1,1,0
BRDA:63,2,0,0
BRDA:63,2,1,0
BRDA:74,3,0,0
BRDA:74,3,1,0
BRDA:87,4,0,0
BRDA:87,4,1,0
BRDA:110,5,0,0
BRDA:110,5,1,0
BRDA:131,6,0,0
BRDA:131,6,1,0
BRDA:135,7,0,0
BRDA:135,7,1,0
BRDA:139,8,0,0
BRDA:139,8,1,0
BRDA:143,9,0,0
BRDA:143,9,1,0
BRDA:149,10,0,0
BRDA:149,10,1,0
BRDA:166,11,0,0
BRDA:166,11,1,0
BRDA:176,12,0,0
BRDA:176,12,1,0
BRDA:223,13,0,0
BRDA:223,13,1,0
BRDA:227,14,0,0
BRDA:227,14,1,0
BRDA:231,15,0,0
BRDA:231,15,1,0
BRDA:250,16,0,0
BRDA:250,16,1,0
BRDA:257,17,0,0
BRDA:257,17,1,0
BRDA:261,18,0,0
BRDA:261,18,1,0
BRDA:294,19,0,0
BRDA:294,19,1,0
BRDA:319,20,0,0
BRDA:319,20,1,0
BRDA:353,21,0,0
BRDA:353,21,1,0
BRF:44
BRH:0
end_of_record
TN:
SF:/home/aspl/Desktop/development/jasmine/ayantra_service/routes/patient.js
FN:24,(anonymous_0)
FN:32,(anonymous_1)
FN:54,(anonymous_2)
FN:58,(anonymous_3)
FN:69,(anonymous_4)
FN:96,(anonymous_5)
FN:99,(anonymous_6)
FN:109,(anonymous_7)
FN:135,(anonymous_8)
FN:139,(anonymous_9)
FN:149,(anonymous_10)
FN:178,(anonymous_11)
FN:259,(anonymous_12)
FN:266,(anonymous_13)
FN:270,(anonymous_14)
FN:276,(anonymous_15)
FN:282,(anonymous_16)
FN:295,(anonymous_17)
FN:305,(anonymous_18)
FN:311,(anonymous_19)
FN:316,(anonymous_20)
FN:327,(anonymous_21)
FN:357,(anonymous_22)
FN:360,(anonymous_23)
FN:379,(anonymous_24)
FN:408,(anonymous_25)
FN:411,(anonymous_26)
FN:422,(anonymous_27)
FN:446,(anonymous_28)
FN:449,(anonymous_29)
FN:487,(anonymous_30)
FN:498,(anonymous_31)
FN:501,(anonymous_32)
FN:514,(anonymous_33)
FN:525,(anonymous_34)
FN:528,(anonymous_35)
FN:538,(anonymous_36)
FN:549,(anonymous_37)
FN:552,(anonymous_38)
FN:561,(anonymous_39)
FN:572,(anonymous_40)
FN:575,(anonymous_41)
FN:584,(anonymous_42)
FN:595,(anonymous_43)
FN:598,(anonymous_44)
FN:608,(anonymous_45)
FN:615,(anonymous_46)
FN:618,(anonymous_47)
FN:629,(anonymous_48)
FN:634,(anonymous_49)
FN:637,(anonymous_50)
FN:648,(anonymous_51)
FN:655,(anonymous_52)
FN:664,(anonymous_53)
FN:675,(anonymous_54)
FN:680,(anonymous_55)
FN:696,(anonymous_56)
FN:703,(anonymous_57)
FN:722,(anonymous_58)
FN:730,(anonymous_59)
FN:753,(anonymous_60)
FN:759,(anonymous_61)
FN:765,(anonymous_62)
FN:770,(anonymous_63)
FN:777,(anonymous_64)
FN:785,(anonymous_65)
FN:813,(anonymous_66)
FN:822,(anonymous_67)
FN:829,(anonymous_68)
FN:837,(anonymous_69)
FN:840,(anonymous_70)
FN:851,(anonymous_71)
FN:855,(anonymous_72)
FNF:73
FNH:0
FNDA:0,(anonymous_0)
FNDA:0,(anonymous_1)
FNDA:0,(anonymous_2)
FNDA:0,(anonymous_3)
FNDA:0,(anonymous_4)
FNDA:0,(anonymous_5)
FNDA:0,(anonymous_6)
FNDA:0,(anonymous_7)
FNDA:0,(anonymous_8)
FNDA:0,(anonymous_9)
FNDA:0,(anonymous_10)
FNDA:0,(anonymous_11)
FNDA:0,(anonymous_12)
FNDA:0,(anonymous_13)
FNDA:0,(anonymous_14)
FNDA:0,(anonymous_15)
FNDA:0,(anonymous_16)
FNDA:0,(anonymous_17)
FNDA:0,(anonymous_18)
FNDA:0,(anonymous_19)
FNDA:0,(anonymous_20)
FNDA:0,(anonymous_21)
FNDA:0,(anonymous_22)
FNDA:0,(anonymous_23)
FNDA:0,(anonymous_24)
FNDA:0,(anonymous_25)
FNDA:0,(anonymous_26)
FNDA:0,(anonymous_27)
FNDA:0,(anonymous_28)
FNDA:0,(anonymous_29)
FNDA:0,(anonymous_30)
FNDA:0,(anonymous_31)
FNDA:0,(anonymous_32)
FNDA:0,(anonymous_33)
FNDA:0,(anonymous_34)
FNDA:0,(anonymous_35)
FNDA:0,(anonymous_36)
FNDA:0,(anonymous_37)
FNDA:0,(anonymous_38)
FNDA:0,(anonymous_39)
FNDA:0,(anonymous_40)
FNDA:0,(anonymous_41)
FNDA:0,(anonymous_42)
FNDA:0,(anonymous_43)
FNDA:0,(anonymous_44)
FNDA:0,(anonymous_45)
FNDA:0,(anonymous_46)
FNDA:0,(anonymous_47)
FNDA:0,(anonymous_48)
FNDA:0,(anonymous_49)
FNDA:0,(anonymous_50)
FNDA:0,(anonymous_51)
FNDA:0,(anonymous_52)
FNDA:0,(anonymous_53)
FNDA:0,(anonymous_54)
FNDA:0,(anonymous_55)
FNDA:0,(anonymous_56)
FNDA:0,(anonymous_57)
FNDA:0,(anonymous_58)
FNDA:0,(anonymous_59)
FNDA:0,(anonymous_60)
FNDA:0,(anonymous_61)
FNDA:0,(anonymous_62)
FNDA:0,(anonymous_63)
FNDA:0,(anonymous_64)
FNDA:0,(anonymous_65)
FNDA:0,(anonymous_66)
FNDA:0,(anonymous_67)
FNDA:0,(anonymous_68)
FNDA:0,(anonymous_69)
FNDA:0,(anonymous_70)
FNDA:0,(anonymous_71)
FNDA:0,(anonymous_72)
DA:22,0
DA:23,0
DA:24,0
DA:32,0
DA:33,0
DA:42,0
DA:50,0
DA:51,0
DA:52,0
DA:54,0
DA:55,0
DA:56,0
DA:58,0
DA:59,0
DA:69,0
DA:70,0
DA:89,0
DA:92,0
DA:93,0
DA:94,0
DA:96,0
DA:98,0
DA:100,0
DA:109,0
DA:110,0
DA:121,0
DA:127,0
DA:128,0
DA:129,0
DA:131,0
DA:135,0
DA:136,0
DA:137,0
DA:139,0
DA:141,0
DA:149,0
DA:150,0
DA:160,0
DA:166,0
DA:167,0
DA:168,0
DA:170,0
DA:178,0
DA:180,0
DA:259,0
DA:260,0
DA:261,0
DA:262,0
DA:267,0
DA:268,0
DA:270,0
DA:272,0
DA:277,0
DA:278,0
DA:280,0
DA:283,0
DA:295,0
DA:296,0
DA:298,0
DA:301,0
DA:302,0
DA:303,0
DA:305,0
DA:307,0
DA:312,0
DA:313,0
DA:315,0
DA:317,0
DA:327,0
DA:348,0
DA:350,0
DA:353,0
DA:354,0
DA:355,0
DA:357,0
DA:359,0
DA:361,0
DA:379,0
DA:380,0
DA:401,0
DA:404,0
DA:405,0
DA:406,0
DA:408,0
DA:410,0
DA:412,0
DA:422,0
DA:423,0
DA:439,0
DA:442,0
DA:443,0
DA:444,0
DA:446,0
DA:448,0
DA:450,0
DA:487,0
DA:488,0
DA:489,0
DA:490,0
DA:491,0
DA:494,0
DA:495,0
DA:496,0
DA:498,0
DA:500,0
DA:502,0
DA:514,0
DA:515,0
DA:516,0
DA:517,0
DA:518,0
DA:521,0
DA:522,0
DA:523,0
DA:525,0
DA:527,0
DA:529,0
DA:538,0
DA:539,0
DA:540,0
DA:541,0
DA:542,0
DA:545,0
DA:546,0
DA:547,0
DA:549,0
DA:551,0
DA:553,0
DA:561,0
DA:562,0
DA:563,0
DA:564,0
DA:565,0
DA:568,0
DA:569,0
DA:570,0
DA:572,0
DA:574,0
DA:576,0
DA:584,0
DA:585,0
DA:586,0
DA:587,0
DA:588,0
DA:591,0
DA:592,0
DA:593,0
DA:595,0
DA:597,0
DA:599,0
DA:608,0
DA:609,0
DA:616,0
DA:619,0
DA:629,0
DA:631,0
DA:635,0
DA:638,0
DA:648,0
DA:649,0
DA:656,0
DA:658,0
DA:660,0
DA:665,0
DA:675,0
DA:677,0
DA:678,0
DA:681,0
DA:682,0
DA:684,0
DA:696,0
DA:698,0
DA:699,0
DA:700,0
DA:701,0
DA:704,0
DA:705,0
DA:707,0
DA:722,0
DA:724,0
DA:728,0
DA:731,0
DA:732,0
DA:734,0
DA:753,0
DA:754,0
DA:755,0
DA:756,0
DA:760,0
DA:761,0
DA:763,0
DA:766,0
DA:770,0
DA:771,0
DA:773,0
DA:774,0
DA:780,0
DA:781,0
DA:783,0
DA:786,0
DA:813,0
DA:815,0
DA:819,0
DA:823,0
DA:824,0
DA:830,0
DA:836,0
DA:837,0
DA:838,0
DA:844,0
DA:850,0
DA:851,0
DA:852,0
DA:856,0
DA:857,0
LF:215
LH:0
BRDA:51,0,0,0
BRDA:51,0,1,0
BRDA:55,1,0,0
BRDA:55,1,1,0
BRDA:93,2,0,0
BRDA:93,2,1,0
BRDA:128,3,0,0
BRDA:128,3,1,0
BRDA:136,4,0,0
BRDA:136,4,1,0
BRDA:167,5,0,0
BRDA:167,5,1,0
BRDA:267,6,0,0
BRDA:267,6,1,0
BRDA:302,7,0,0
BRDA:302,7,1,0
BRDA:354,8,0,0
BRDA:354,8,1,0
BRDA:405,9,0,0
BRDA:405,9,1,0
BRDA:443,10,0,0
BRDA:443,10,1,0
BRDA:495,11,0,0
BRDA:495,11,1,0
BRDA:522,12,0,0
BRDA:522,12,1,0
BRDA:546,13,0,0
BRDA:546,13,1,0
BRDA:569,14,0,0
BRDA:569,14,1,0
BRDA:592,15,0,0
BRDA:592,15,1,0
BRDA:656,16,0,0
BRDA:656,16,1,0
BRDA:656,17,0,0
BRDA:656,17,1,0
BRDA:681,18,0,0
BRDA:681,18,1,0
BRDA:681,19,0,0
BRDA:681,19,1,0
BRDA:704,20,0,0
BRDA:704,20,1,0
BRDA:704,21,0,0
BRDA:704,21,1,0
BRDA:731,22,0,0
BRDA:731,22,1,0
BRDA:731,23,0,0
BRDA:731,23,1,0
BRDA:760,24,0,0
BRDA:760,24,1,0
BRDA:780,25,0,0
BRDA:780,25,1,0
BRDA:823,26,0,0
BRDA:823,26,1,0
BRDA:823,27,0,0
BRDA:823,27,1,0
BRF:56
BRH:0
end_of_record
TN:
SF:/home/aspl/Desktop/development/jasmine/ayantra_service/routes/patientRoutes.js
FNF:0
FNH:0
DA:1,0
DA:2,0
DA:3,0
DA:5,0
DA:7,0
DA:9,0
DA:11,0
DA:13,0
DA:15,0
DA:17,0
DA:19,0
DA:21,0
DA:23,0
DA:25,0
DA:27,0
DA:29,0
DA:31,0
DA:33,0
DA:35,0
DA:37,0
DA:39,0
DA:41,0
DA:43,0
DA:45,0
DA:47,0
DA:49,0
DA:51,0
DA:53,0
DA:55,0
DA:57,0
DA:59,0
DA:61,0
DA:63,0
DA:65,0
LF:34
LH:0
BRF:0
BRH:0
end_of_record
TN:
SF:/home/aspl/Desktop/development/jasmine/ayantra_service/spec/unit/hospitalBranchController-spec.js
FN:8,(anonymous_0)
FN:10,(anonymous_1)
FN:26,(anonymous_2)
FN:33,(anonymous_3)
FN:40,(anonymous_4)
FN:56,(anonymous_5)
FN:59,(anonymous_6)
FN:65,(anonymous_7)
FN:67,(anonymous_8)
FN:75,(anonymous_9)
FN:91,(anonymous_10)
FN:102,(anonymous_11)
FN:113,(anonymous_12)
FN:120,(anonymous_13)
FN:136,(anonymous_14)
FN:141,(anonymous_15)
FN:149,(anonymous_16)
FN:165,(anonymous_17)
FN:170,(anonymous_18)
FN:178,(anonymous_19)
FN:185,(anonymous_20)
FN:201,(anonymous_21)
FN:206,(anonymous_22)
FN:214,(anonymous_23)
FN:230,(anonymous_24)
FN:235,(anonymous_25)
FN:243,(anonymous_26)
FN:252,(anonymous_27)
FN:268,(anonymous_28)
FN:273,(anonymous_29)
FN:280,(anonymous_30)
FN:296,(anonymous_31)
FN:299,(anonymous_32)
FN:305,(anonymous_33)
FN:307,(anonymous_34)
FN:316,(anonymous_35)
FN:332,(anonymous_36)
FN:337,(anonymous_37)
FN:344,(anonymous_38)
FN:360,(anonymous_39)
FN:365,(anonymous_40)
FN:372,(anonymous_41)
FN:389,(anonymous_42)
FN:392,(anonymous_43)
FN:399,(anonymous_44)
FN:409,(anonymous_45)
FN:410,(anonymous_46)
FN:415,(anonymous_47)
FNF:48
FNH:48
FNDA:1,(anonymous_0)
FNDA:1,(anonymous_1)
FNDA:1,(anonymous_2)
FNDA:1,(anonymous_3)
FNDA:1,(anonymous_4)
FNDA:1,(anonymous_5)
FNDA:2,(anonymous_6)
FNDA:1,(anonymous_7)
FNDA:1,(anonymous_8)
FNDA:1,(anonymous_9)
FNDA:2,(anonymous_10)
FNDA:1,(anonymous_11)
FNDA:1,(anonymous_12)
FNDA:1,(anonymous_13)
FNDA:1,(anonymous_14)
FNDA:1,(anonymous_15)
FNDA:1,(anonymous_16)
FNDA:2,(anonymous_17)
FNDA:1,(anonymous_18)
FNDA:1,(anonymous_19)
FNDA:1,(anonymous_20)
FNDA:1,(anonymous_21)
FNDA:1,(anonymous_22)
FNDA:1,(anonymous_23)
FNDA:2,(anonymous_24)
FNDA:1,(anonymous_25)
FNDA:1,(anonymous_26)
FNDA:1,(anonymous_27)
FNDA:1,(anonymous_28)
FNDA:1,(anonymous_29)
FNDA:1,(anonymous_30)
FNDA:1,(anonymous_31)
FNDA:2,(anonymous_32)
FNDA:1,(anonymous_33)
FNDA:1,(anonymous_34)
FNDA:1,(anonymous_35)
FNDA:1,(anonymous_36)
FNDA:1,(anonymous_37)
FNDA:1,(anonymous_38)
FNDA:1,(anonymous_39)
FNDA:1,(anonymous_40)
FNDA:1,(anonymous_41)
FNDA:1,(anonymous_42)
FNDA:2,(anonymous_43)
FNDA:1,(anonymous_44)
FNDA:1,(anonymous_45)
FNDA:1,(anonymous_46)
FNDA:1,(anonymous_47)
DA:1,1
DA:2,1
DA:3,1
DA:8,1
DA:10,1
DA:11,1
DA:12,1
DA:25,1
DA:29,1
DA:31,1
DA:32,1
DA:33,1
DA:34,1
DA:35,1
DA:40,1
DA:41,1
DA:42,1
DA:55,1
DA:58,1
DA:60,2
DA:63,1
DA:64,1
DA:65,1
DA:67,1
DA:68,1
DA:69,1
DA:75,1
DA:76,1
DA:77,1
DA:90,1
DA:93,1
DA:100,1
DA:101,1
DA:102,1
DA:103,1
DA:104,1
DA:107,1
DA:111,1
DA:112,1
DA:113,1
DA:114,1
DA:115,1
DA:120,1
DA:121,1
DA:122,1
DA:135,1
DA:138,1
DA:139,1
DA:140,1
DA:141,1
DA:142,1
DA:143,1
DA:149,1
DA:150,1
DA:151,1
DA:164,1
DA:167,1
DA:168,1
DA:169,1
DA:170,1
DA:171,1
DA:172,1
DA:175,1
DA:176,1
DA:177,1
DA:178,1
DA:179,1
DA:180,1
DA:185,1
DA:186,1
DA:187,1
DA:200,1
DA:203,1
DA:204,1
DA:205,1
DA:206,1
DA:207,1
DA:208,1
DA:214,1
DA:215,1
DA:216,1
DA:229,1
DA:232,1
DA:233,1
DA:234,1
DA:235,1
DA:236,1
DA:237,1
DA:240,1
DA:241,1
DA:242,1
DA:243,1
DA:244,1
DA:245,1
DA:252,1
DA:253,1
DA:254,1
DA:267,1
DA:270,1
DA:271,1
DA:272,1
DA:273,1
DA:274,1
DA:275,1
DA:280,1
DA:281,1
DA:282,1
DA:295,1
DA:298,1
DA:300,2
DA:303,1
DA:304,1
DA:305,1
DA:307,1
DA:308,1
DA:309,1
DA:316,1
DA:317,1
DA:318,1
DA:331,1
DA:334,1
DA:335,1
DA:336,1
DA:337,1
DA:338,1
DA:339,1
DA:344,1
DA:345,1
DA:346,1
DA:359,1
DA:362,1
DA:363,1
DA:364,1
DA:365,1
DA:366,1
DA:367,1
DA:372,1
DA:373,1
DA:374,1
DA:375,1
DA:388,1
DA:391,1
DA:393,2
DA:397,1
DA:400,1
DA:404,1
DA:405,1
DA:407,1
DA:409,1
DA:410,1
DA:411,1
DA:413,1
DA:415,1
DA:416,1
DA:417,1
LF:155
LH:155
BRF:0
BRH:0
end_of_record
TN:
SF:/home/aspl/Desktop/development/jasmine/ayantra_service/spec/unit/patientController-spec.js
FN:5,(anonymous_0)
FN:7,(anonymous_1)
FN:24,(anonymous_2)
FN:29,(anonymous_3)
FN:38,(anonymous_4)
FN:39,(anonymous_5)
FN:44,(anonymous_6)
FN:52,(anonymous_7)
FN:69,(anonymous_8)
FN:74,(anonymous_9)
FN:83,(anonymous_10)
FN:84,(anonymous_11)
FN:89,(anonymous_12)
FN:95,(anonymous_13)
FN:119,(anonymous_14)
FN:130,(anonymous_15)
FN:134,(anonymous_16)
FN:140,(anonymous_17)
FN:156,(anonymous_18)
FN:163,(anonymous_19)
FN:169,(anonymous_20)
FN:185,(anonymous_21)
FN:192,(anonymous_22)
FN:198,(anonymous_23)
FN:214,(anonymous_24)
FN:221,(anonymous_25)
FN:227,(anonymous_26)
FN:243,(anonymous_27)
FN:250,(anonymous_28)
FN:256,(anonymous_29)
FN:272,(anonymous_30)
FN:279,(anonymous_31)
FN:285,(anonymous_32)
FN:301,(anonymous_33)
FN:308,(anonymous_34)
FN:314,(anonymous_35)
FN:330,(anonymous_36)
FN:337,(anonymous_37)
FN:343,(anonymous_38)
FN:359,(anonymous_39)
FN:366,(anonymous_40)
FN:372,(anonymous_41)
FN:388,(anonymous_42)
FN:396,(anonymous_43)
FN:407,(anonymous_44)
FN:413,(anonymous_45)
FN:431,(anonymous_46)
FN:444,(anonymous_47)
FN:452,(anonymous_48)
FN:477,(anonymous_49)
FN:507,(anonymous_50)
FN:525,(anonymous_51)
FN:532,(anonymous_52)
FN:539,(anonymous_53)
FN:548,(anonymous_54)
FN:550,(anonymous_55)
FN:559,(anonymous_56)
FN:567,(anonymous_57)
FN:582,(anonymous_58)
FN:590,(anonymous_59)
FN:597,(anonymous_60)
FN:606,(anonymous_61)
FN:608,(anonymous_62)
FN:615,(anonymous_63)
FN:633,(anonymous_64)
FN:640,(anonymous_65)
FN:647,(anonymous_66)
FN:656,(anonymous_67)
FN:662,(anonymous_68)
FN:680,(anonymous_69)
FN:687,(anonymous_70)
FN:694,(anonymous_71)
FN:703,(anonymous_72)
FN:709,(anonymous_73)
FN:727,(anonymous_74)
FN:734,(anonymous_75)
FN:741,(anonymous_76)
FN:750,(anonymous_77)
FN:756,(anonymous_78)
FN:774,(anonymous_79)
FN:781,(anonymous_80)
FN:788,(anonymous_81)
FN:797,(anonymous_82)
FN:803,(anonymous_83)
FN:821,(anonymous_84)
FN:828,(anonymous_85)
FN:835,(anonymous_86)
FN:844,(anonymous_87)
FN:850,(anonymous_88)
FN:868,(anonymous_89)
FN:875,(anonymous_90)
FN:882,(anonymous_91)
FN:891,(anonymous_92)
FN:897,(anonymous_93)
FN:914,(anonymous_94)
FN:924,(anonymous_95)
FN:932,(anonymous_96)
FN:938,(anonymous_97)
FN:956,(anonymous_98)
FN:966,(anonymous_99)
FN:973,(anonymous_100)
FN:992,(anonymous_101)
FN:1006,(anonymous_102)
FN:1018,(anonymous_103)
FN:1039,(anonymous_104)
FN:1051,(anonymous_105)
FN:1064,(anonymous_106)
FN:1071,(anonymous_107)
FN:1089,(anonymous_108)
FN:1098,(anonymous_109)
FN:1109,(anonymous_110)
FN:1129,(anonymous_111)
FN:1130,(anonymous_112)
FN:1141,(anonymous_113)
FN:1151,(anonymous_114)
FN:1171,(anonymous_115)
FN:1172,(anonymous_116)
FN:1183,(anonymous_117)
FNF:118
FNH:107
FNDA:1,(anonymous_0)
FNDA:1,(anonymous_1)
FNDA:1,(anonymous_2)
FNDA:1,(anonymous_3)
FNDA:1,(anonymous_4)
FNDA:0,(anonymous_5)
FNDA:1,(anonymous_6)
FNDA:1,(anonymous_7)
FNDA:1,(anonymous_8)
FNDA:1,(anonymous_9)
FNDA:1,(anonymous_10)
FNDA:0,(anonymous_11)
FNDA:1,(anonymous_12)
FNDA:1,(anonymous_13)
FNDA:2,(anonymous_14)
FNDA:1,(anonymous_15)
FNDA:1,(anonymous_16)
FNDA:1,(anonymous_17)
FNDA:1,(anonymous_18)
FNDA:1,(anonymous_19)
FNDA:1,(anonymous_20)
FNDA:1,(anonymous_21)
FNDA:1,(anonymous_22)
FNDA:1,(anonymous_23)
FNDA:1,(anonymous_24)
FNDA:1,(anonymous_25)
FNDA:1,(anonymous_26)
FNDA:1,(anonymous_27)
FNDA:1,(anonymous_28)
FNDA:1,(anonymous_29)
FNDA:1,(anonymous_30)
FNDA:1,(anonymous_31)
FNDA:1,(anonymous_32)
FNDA:1,(anonymous_33)
FNDA:1,(anonymous_34)
FNDA:1,(anonymous_35)
FNDA:1,(anonymous_36)
FNDA:1,(anonymous_37)
FNDA:1,(anonymous_38)
FNDA:1,(anonymous_39)
FNDA:1,(anonymous_40)
FNDA:1,(anonymous_41)
FNDA:0,(anonymous_42)
FNDA:1,(anonymous_43)
FNDA:1,(anonymous_44)
FNDA:1,(anonymous_45)
FNDA:1,(anonymous_46)
FNDA:1,(anonymous_47)
FNDA:1,(anonymous_48)
FNDA:1,(anonymous_49)
FNDA:1,(anonymous_50)
FNDA:1,(anonymous_51)
FNDA:2,(anonymous_52)
FNDA:1,(anonymous_53)
FNDA:1,(anonymous_54)
FNDA:1,(anonymous_55)
FNDA:1,(anonymous_56)
FNDA:0,(anonymous_57)
FNDA:1,(anonymous_58)
FNDA:2,(anonymous_59)
FNDA:1,(anonymous_60)
FNDA:1,(anonymous_61)
FNDA:1,(anonymous_62)
FNDA:1,(anonymous_63)
FNDA:1,(anonymous_64)
FNDA:1,(anonymous_65)
FNDA:1,(anonymous_66)
FNDA:1,(anonymous_67)
FNDA:1,(anonymous_68)
FNDA:1,(anonymous_69)
FNDA:1,(anonymous_70)
FNDA:1,(anonymous_71)
FNDA:1,(anonymous_72)
FNDA:1,(anonymous_73)
FNDA:1,(anonymous_74)
FNDA:1,(anonymous_75)
FNDA:1,(anonymous_76)
FNDA:1,(anonymous_77)
FNDA:1,(anonymous_78)
FNDA:1,(anonymous_79)
FNDA:1,(anonymous_80)
FNDA:1,(anonymous_81)
FNDA:1,(anonymous_82)
FNDA:1,(anonymous_83)
FNDA:1,(anonymous_84)
FNDA:1,(anonymous_85)
FNDA:1,(anonymous_86)
FNDA:1,(anonymous_87)
FNDA:1,(anonymous_88)
FNDA:1,(anonymous_89)
FNDA:1,(anonymous_90)
FNDA:1,(anonymous_91)
FNDA:1,(anonymous_92)
FNDA:1,(anonymous_93)
FNDA:1,(anonymous_94)
FNDA:0,(anonymous_95)
FNDA:1,(anonymous_96)
FNDA:1,(anonymous_97)
FNDA:1,(anonymous_98)
FNDA:1,(anonymous_99)
FNDA:1,(anonymous_100)
FNDA:1,(anonymous_101)
FNDA:0,(anonymous_102)
FNDA:1,(anonymous_103)
FNDA:1,(anonymous_104)
FNDA:1,(anonymous_105)
FNDA:1,(anonymous_106)
FNDA:1,(anonymous_107)
FNDA:1,(anonymous_108)
FNDA:0,(anonymous_109)
FNDA:1,(anonymous_110)
FNDA:0,(anonymous_111)
FNDA:2,(anonymous_112)
FNDA:0,(anonymous_113)
FNDA:1,(anonymous_114)
FNDA:1,(anonymous_115)
FNDA:0,(anonymous_116)
FNDA:0,(anonymous_117)
DA:1,1
DA:2,1
DA:3,1
DA:5,1
DA:7,1
DA:8,1
DA:9,1
DA:10,1
DA:23,1
DA:27,1
DA:30,1
DA:33,1
DA:35,1
DA:36,1
DA:37,1
DA:38,1
DA:39,1
DA:40,0
DA:41,0
DA:44,1
DA:45,1
DA:46,1
DA:52,1
DA:53,1
DA:54,1
DA:55,1
DA:68,1
DA:72,1
DA:75,1
DA:78,1
DA:80,1
DA:81,1
DA:82,1
DA:83,1
DA:84,1
DA:85,0
DA:86,0
DA:89,1
DA:90,1
DA:91,1
DA:95,1
DA:96,1
DA:97,1
DA:98,1
DA:118,1
DA:122,1
DA:123,1
DA:127,1
DA:128,1
DA:129,1
DA:130,1
DA:131,1
DA:132,1
DA:134,1
DA:135,1
DA:136,1
DA:140,1
DA:141,1
DA:142,1
DA:155,1
DA:159,1
DA:161,1
DA:162,1
DA:163,1
DA:164,1
DA:165,1
DA:169,1
DA:170,1
DA:171,1
DA:184,1
DA:188,1
DA:190,1
DA:191,1
DA:192,1
DA:193,1
DA:194,1
DA:198,1
DA:199,1
DA:200,1
DA:213,1
DA:217,1
DA:219,1
DA:220,1
DA:221,1
DA:222,1
DA:223,1
DA:227,1
DA:228,1
DA:229,1
DA:242,1
DA:246,1
DA:248,1
DA:249,1
DA:250,1
DA:251,1
DA:252,1
DA:256,1
DA:257,1
DA:258,1
DA:271,1
DA:275,1
DA:277,1
DA:278,1
DA:279,1
DA:280,1
DA:281,1
DA:285,1
DA:286,1
DA:287,1
DA:300,1
DA:304,1
DA:306,1
DA:307,1
DA:308,1
DA:309,1
DA:310,1
DA:314,1
DA:315,1
DA:316,1
DA:329,1
DA:333,1
DA:335,1
DA:336,1
DA:337,1
DA:338,1
DA:339,1
DA:343,1
DA:344,1
DA:345,1
DA:358,1
DA:362,1
DA:364,1
DA:365,1
DA:366,1
DA:367,1
DA:368,1
DA:372,1
DA:373,1
DA:374,1
DA:387,1
DA:390,1
DA:392,1
DA:394,1
DA:395,1
DA:396,1
DA:397,1
DA:398,1
DA:400,1
DA:401,1
DA:402,1
DA:405,1
DA:406,1
DA:407,1
DA:408,1
DA:409,1
DA:413,1
DA:414,1
DA:415,1
DA:416,1
DA:430,1
DA:434,1
DA:440,1
DA:441,1
DA:443,1
DA:444,1
DA:445,1
DA:446,1
DA:452,1
DA:453,1
DA:454,1
DA:455,1
DA:456,1
DA:457,1
DA:458,1
DA:459,1
DA:460,1
DA:461,1
DA:476,1
DA:480,1
DA:486,1
DA:487,1
DA:488,1
DA:489,1
DA:490,1
DA:491,1
DA:492,1
DA:493,1
DA:495,1
DA:496,1
DA:497,1
DA:498,1
DA:499,1
DA:500,1
DA:501,1
DA:502,1
DA:503,1
DA:504,1
DA:507,1
DA:508,1
DA:509,1
DA:510,1
DA:524,1
DA:528,1
DA:533,2
DA:537,1
DA:540,1
DA:544,1
DA:545,1
DA:547,1
DA:548,1
DA:549,1
DA:550,1
DA:551,1
DA:553,1
DA:559,1
DA:560,1
DA:561,1
DA:562,1
DA:568,0
DA:581,1
DA:585,1
DA:591,2
DA:595,1
DA:598,1
DA:602,1
DA:603,1
DA:605,1
DA:606,1
DA:607,1
DA:608,1
DA:609,1
DA:611,1
DA:615,1
DA:616,1
DA:617,1
DA:618,1
DA:632,1
DA:636,1
DA:641,1
DA:645,1
DA:648,1
DA:652,1
DA:653,1
DA:655,1
DA:656,1
DA:657,1
DA:658,1
DA:662,1
DA:663,1
DA:664,1
DA:665,1
DA:679,1
DA:683,1
DA:688,1
DA:692,1
DA:695,1
DA:699,1
DA:700,1
DA:702,1
DA:703,1
DA:704,1
DA:705,1
DA:709,1
DA:710,1
DA:711,1
DA:712,1
DA:726,1
DA:730,1
DA:735,1
DA:739,1
DA:742,1
DA:746,1
DA:747,1
DA:749,1
DA:750,1
DA:751,1
DA:752,1
DA:756,1
DA:757,1
DA:758,1
DA:759,1
DA:773,1
DA:777,1
DA:782,1
DA:786,1
DA:789,1
DA:793,1
DA:794,1
DA:796,1
DA:797,1
DA:798,1
DA:799,1
DA:803,1
DA:804,1
DA:805,1
DA:806,1
DA:820,1
DA:824,1
DA:829,1
DA:833,1
DA:836,1
DA:840,1
DA:841,1
DA:843,1
DA:844,1
DA:845,1
DA:846,1
DA:850,1
DA:851,1
DA:852,1
DA:853,1
DA:867,1
DA:871,1
DA:876,1
DA:880,1
DA:883,1
DA:887,1
DA:888,1
DA:890,1
DA:891,1
DA:892,1
DA:893,1
DA:897,1
DA:898,1
DA:899,1
DA:913,1
DA:917,1
DA:925,0
DA:929,1
DA:931,1
DA:932,1
DA:933,1
DA:934,1
DA:938,1
DA:939,1
DA:940,1
DA:941,1
DA:955,1
DA:959,1
DA:960,1
DA:962,1
DA:963,1
DA:965,1
DA:966,1
DA:967,1
DA:968,1
DA:970,1
DA:973,1
DA:974,1
DA:975,1
DA:991,1
DA:995,1
DA:997,1
DA:1007,0
DA:1011,1
DA:1013,1
DA:1014,1
DA:1015,1
DA:1018,1
DA:1019,1
DA:1021,1
DA:1038,1
DA:1042,1
DA:1044,1
DA:1052,1
DA:1059,1
DA:1060,1
DA:1062,1
DA:1064,1
DA:1065,1
DA:1066,1
DA:1068,1
DA:1071,1
DA:1072,1
DA:1074,1
DA:1088,1
DA:1091,1
DA:1093,1
DA:1099,0
DA:1102,1
DA:1104,1
DA:1105,1
DA:1106,1
DA:1109,1
DA:1110,1
DA:1112,1
DA:1128,1
DA:1132,1
DA:1134,1
DA:1142,0
DA:1145,1
DA:1146,1
DA:1147,1
DA:1148,1
DA:1151,1
DA:1152,1
DA:1154,1
DA:1170,1
DA:1174,1
DA:1176,1
DA:1184,0
DA:1187,1
DA:1188,1
DA:1189,1
DA:1190,1
LF:405
LH:395
BRF:0
BRH:0
end_of_record
TN:
SF:/home/aspl/Desktop/development/jasmine/ayantra_service/validation/patientValidation.js
FN:4,saveValidateBabyAppears
FN:26,updateValidateBabyAppears
FN:46,saveValidationBabyResp
FN:66,updateValidationBabyResp
FN:86,saveValidateBabyCV
FN:107,updateValidateBabyCV
FN:125,saveValidateBabyCNS
FN:136,updateValidateBabyCNS
FN:144,saveValidateBabyGIT
FN:156,updateValidateBabyGIT
FN:166,saveValidateBabyAntibiotic
FN:182,updateValidateBabyAntibiotic
FN:196,saveValidateBabyFinal
FN:224,updateValidateBabyFinal
FN:250,saveValidateBabyInvestigation
FN:294,updateValidateBabyInvestigation
FN:336,(anonymous_16)
FNF:17
FNH:0
FNDA:0,saveValidateBabyAppears
FNDA:0,updateValidateBabyAppears
FNDA:0,saveValidationBabyResp
FNDA:0,updateValidationBabyResp
FNDA:0,saveValidateBabyCV
FNDA:0,updateValidateBabyCV
FNDA:0,saveValidateBabyCNS
FNDA:0,updateValidateBabyCNS
FNDA:0,saveValidateBabyGIT
FNDA:0,updateValidateBabyGIT
FNDA:0,saveValidateBabyAntibiotic
FNDA:0,updateValidateBabyAntibiotic
FNDA:0,saveValidateBabyFinal
FNDA:0,updateValidateBabyFinal
FNDA:0,saveValidateBabyInvestigation
FNDA:0,updateValidateBabyInvestigation
FNDA:0,(anonymous_16)
DA:1,0
DA:2,0
DA:5,0
DA:27,0
DA:47,0
DA:67,0
DA:87,0
DA:108,0
DA:126,0
DA:137,0
DA:145,0
DA:157,0
DA:167,0
DA:183,0
DA:197,0
DA:225,0
DA:251,0
DA:295,0
DA:336,0
DA:337,0
DA:339,0
DA:350,0
DA:352,0
DA:354,0
DA:356,0
DA:358,0
DA:360,0
DA:362,0
DA:364,0
DA:366,0
DA:368,0
DA:370,0
DA:372,0
DA:374,0
DA:376,0
DA:378,0
DA:380,0
DA:382,0
LF:38
LH:0
BRDA:337,0,0,0
BRDA:337,0,1,0
BRDA:337,0,2,0
BRDA:337,0,3,0
BRDA:337,0,4,0
BRDA:337,0,5,0
BRDA:337,0,6,0
BRDA:337,0,7,0
BRDA:337,0,8,0
BRF:9
BRH:0
end_of_record
